[1613059201] ./uwsgi.log reopened.
[pid: 233988|app: 0|req: 93/109] 184.105.247.196 () {28 vars in 311 bytes} [Fri Feb 12 00:13:14 2021] GET / => generated 179 bytes in 1 msecs (HTTP/1.1 404) 5 headers in 158 bytes (1 switches on core 1)
[pid: 233988|app: 0|req: 94/110] 45.155.205.108 () {38 vars in 612 bytes} [Fri Feb 12 00:18:41 2021] POST /api/jsonws/invoke => generated 179 bytes in 1 msecs (HTTP/1.1 404) 5 headers in 158 bytes (1 switches on core 1)
[pid: 233988|app: 0|req: 95/111] 45.155.205.108 () {38 vars in 714 bytes} [Fri Feb 12 00:18:41 2021] POST /vendor/phpunit/phpunit/src/Util/PHP/eval-stdin.php => generated 179 bytes in 0 msecs (HTTP/1.1 404) 5 headers in 158 bytes (1 switches on core 0)
[pid: 233989|app: 0|req: 15/112] 45.155.205.108 () {36 vars in 626 bytes} [Fri Feb 12 00:18:42 2021] GET /vendor/phpunit/phpunit/src/Util/PHP/eval-stdin.php => generated 179 bytes in 1 msecs (HTTP/1.1 404) 5 headers in 158 bytes (1 switches on core 0)
[pid: 233991|app: 0|req: 1/113] 45.155.205.108 () {34 vars in 558 bytes} [Fri Feb 12 00:18:42 2021] GET /solr/admin/info/system?wt=json => generated 179 bytes in 147 msecs (HTTP/1.1 404) 5 headers in 158 bytes (1 switches on core 0)
[pid: 233991|app: 0|req: 2/114] 45.155.205.108 () {34 vars in 722 bytes} [Fri Feb 12 00:18:43 2021] GET /index.php?s=/Index/\think\app/invokefunction&function=call_user_func_array&vars[0]=md5&vars[1][]=HelloThinkPHP21 => generated 179 bytes in 2 msecs (HTTP/1.1 404) 5 headers in 158 bytes (1 switches on core 1)
[pid: 233988|app: 0|req: 96/115] 45.155.205.108 () {34 vars in 558 bytes} [Fri Feb 12 00:18:44 2021] GET /?XDEBUG_SESSION_START=phpstorm => generated 179 bytes in 1 msecs (HTTP/1.1 404) 5 headers in 158 bytes (1 switches on core 0)
[pid: 233990|app: 0|req: 3/116] 45.155.205.108 () {34 vars in 515 bytes} [Fri Feb 12 00:18:44 2021] GET /console/ => generated 179 bytes in 1 msecs (HTTP/1.1 404) 5 headers in 158 bytes (1 switches on core 0)
[pid: 233990|app: 0|req: 4/117] 45.155.205.108 () {34 vars in 589 bytes} [Fri Feb 12 00:18:44 2021] GET /wp-content/plugins/wp-file-manager/readme.txt => generated 179 bytes in 1 msecs (HTTP/1.1 404) 5 headers in 158 bytes (1 switches on core 1)
[pid: 233989|app: 0|req: 16/118] 45.155.205.108 () {38 vars in 638 bytes} [Fri Feb 12 00:18:45 2021] POST /Autodiscover/Autodiscover.xml => generated 179 bytes in 1 msecs (HTTP/1.1 404) 5 headers in 158 bytes (1 switches on core 0)
[pid: 233989|app: 0|req: 17/119] 45.155.205.108 () {36 vars in 604 bytes} [Fri Feb 12 00:18:45 2021] GET /_ignition/execute-solution => generated 179 bytes in 1 msecs (HTTP/1.1 404) 5 headers in 158 bytes (1 switches on core 1)
[pid: 233988|app: 0|req: 97/120] 45.155.205.108 () {36 vars in 655 bytes} [Fri Feb 12 00:18:45 2021] GET /?a=fetch&content=<php>die(@md5(HelloThinkCMF))</php> => generated 179 bytes in 1 msecs (HTTP/1.1 404) 5 headers in 158 bytes (1 switches on core 1)
[pid: 233988|app: 0|req: 98/121] 103.91.211.108 () {40 vars in 607 bytes} [Fri Feb 12 00:21:41 2021] GET /index.php => generated 179 bytes in 1 msecs (HTTP/1.1 404) 5 headers in 158 bytes (1 switches on core 1)
[pid: 233989|app: 0|req: 18/122] 103.91.211.108 () {38 vars in 600 bytes} [Fri Feb 12 00:21:41 2021] GET /phpmyadmin/index.php => generated 179 bytes in 1 msecs (HTTP/1.1 404) 5 headers in 158 bytes (1 switches on core 1)
[pid: 233988|app: 0|req: 99/123] 103.206.31.2 () {32 vars in 356 bytes} [Fri Feb 12 00:42:40 2021] GET / => generated 179 bytes in 1 msecs (HTTP/1.1 404) 5 headers in 158 bytes (1 switches on core 1)
[pid: 233989|app: 0|req: 19/124] 117.40.113.106 () {34 vars in 437 bytes} [Fri Feb 12 01:13:15 2021] GET / => generated 179 bytes in 1 msecs (HTTP/1.1 404) 5 headers in 158 bytes (1 switches on core 1)
[pid: 233990|app: 0|req: 5/125] 128.14.134.170 () {34 vars in 490 bytes} [Fri Feb 12 03:01:39 2021] GET / => generated 179 bytes in 1 msecs (HTTP/1.1 404) 5 headers in 158 bytes (1 switches on core 1)
[pid: 233990|app: 0|req: 6/126] 74.120.14.40 () {28 vars in 311 bytes} [Fri Feb 12 03:57:51 2021] GET / => generated 179 bytes in 1 msecs (HTTP/1.1 404) 5 headers in 158 bytes (1 switches on core 1)
[pid: 233991|app: 0|req: 3/127] 74.120.14.40 () {34 vars in 443 bytes} [Fri Feb 12 03:57:52 2021] GET / => generated 179 bytes in 1 msecs (HTTP/1.1 404) 5 headers in 158 bytes (1 switches on core 1)
[pid: 233990|app: 0|req: 7/128] 203.115.107.227 () {32 vars in 474 bytes} [Fri Feb 12 05:06:17 2021] GET / => generated 179 bytes in 1 msecs (HTTP/1.1 404) 5 headers in 158 bytes (1 switches on core 1)
[pid: 233990|app: 0|req: 8/129] 89.248.168.108 () {48 vars in 881 bytes} [Fri Feb 12 05:47:49 2021] POST /boaform/admin/formLogin => generated 179 bytes in 1 msecs (HTTP/1.1 404) 5 headers in 158 bytes (1 switches on core 1)
[pid: 233990|app: 0|req: 9/130] 89.248.168.108 () {48 vars in 881 bytes} [Fri Feb 12 07:29:48 2021] POST /boaform/admin/formLogin => generated 179 bytes in 1 msecs (HTTP/1.1 404) 5 headers in 158 bytes (1 switches on core 1)
[pid: 233990|app: 0|req: 10/131] 79.19.47.57 () {32 vars in 470 bytes} [Fri Feb 12 08:12:04 2021] GET / => generated 179 bytes in 1 msecs (HTTP/1.1 404) 5 headers in 158 bytes (1 switches on core 1)
[pid: 233990|app: 0|req: 11/132] 59.52.100.248 () {34 vars in 436 bytes} [Fri Feb 12 09:02:57 2021] GET / => generated 179 bytes in 1 msecs (HTTP/1.1 404) 5 headers in 158 bytes (1 switches on core 1)
[pid: 233990|app: 0|req: 12/133] 111.7.96.167 () {32 vars in 373 bytes} [Fri Feb 12 10:07:01 2021] HEAD / => generated 179 bytes in 1 msecs (HTTP/1.1 404) 5 headers in 158 bytes (1 switches on core 1)
[pid: 233991|app: 0|req: 4/134] 111.7.96.167 () {40 vars in 726 bytes} [Fri Feb 12 10:07:01 2021] GET / => generated 179 bytes in 1 msecs (HTTP/1.1 404) 5 headers in 158 bytes (1 switches on core 1)
[pid: 233988|app: 0|req: 100/135] 111.7.96.167 () {44 vars in 652 bytes} [Fri Feb 12 10:07:08 2021] GET /favicon.ico => generated 179 bytes in 1 msecs (HTTP/1.1 404) 5 headers in 158 bytes (1 switches on core 0)
[pid: 233990|app: 0|req: 13/136] 185.40.137.81 () {32 vars in 466 bytes} [Fri Feb 12 11:10:55 2021] GET / => generated 179 bytes in 1 msecs (HTTP/1.1 404) 5 headers in 158 bytes (1 switches on core 1)
[pid: 233990|app: 0|req: 14/137] 89.248.168.108 () {48 vars in 881 bytes} [Fri Feb 12 11:17:48 2021] POST /boaform/admin/formLogin => generated 179 bytes in 1 msecs (HTTP/1.1 404) 5 headers in 158 bytes (1 switches on core 1)
[pid: 233990|app: 0|req: 15/138] 92.118.161.25 () {30 vars in 453 bytes} [Fri Feb 12 11:23:10 2021] GET / => generated 179 bytes in 1 msecs (HTTP/1.1 404) 5 headers in 158 bytes (1 switches on core 1)
[pid: 233990|app: 0|req: 16/139] 180.149.125.173 () {34 vars in 489 bytes} [Fri Feb 12 11:42:17 2021] GET / => generated 179 bytes in 1 msecs (HTTP/1.1 404) 5 headers in 158 bytes (1 switches on core 1)
[pid: 233991|app: 0|req: 5/140] 120.239.58.195 () {42 vars in 799 bytes} [Fri Feb 12 12:36:41 2021] GET /video/ => generated 64210 bytes in 419 msecs (HTTP/1.1 200) 7 headers in 350 bytes (1 switches on core 1)
[pid: 233988|app: 0|req: 101/141] 120.239.58.195 () {42 vars in 813 bytes} [Fri Feb 12 12:37:14 2021] GET /video/type/1/ => generated 38021 bytes in 230 msecs (HTTP/1.1 200) 7 headers in 350 bytes (1 switches on core 0)
[pid: 233988|app: 0|req: 102/142] 120.239.58.195 () {42 vars in 828 bytes} [Fri Feb 12 12:37:15 2021] GET /video/type/1/?&page=2 => generated 36768 bytes in 223 msecs (HTTP/1.1 200) 7 headers in 350 bytes (1 switches on core 1)
[pid: 233988|app: 0|req: 103/143] 120.239.58.195 () {44 vars in 911 bytes} [Fri Feb 12 12:37:17 2021] GET /video/type/1/?year=2020&area=&rating= => generated 39406 bytes in 77 msecs (HTTP/1.1 200) 7 headers in 350 bytes (1 switches on core 0)
[pid: 233988|app: 0|req: 104/144] 120.239.58.195 () {42 vars in 848 bytes} [Fri Feb 12 12:37:18 2021] GET /video/type/1/?&year=2020&page=2 => generated 37879 bytes in 72 msecs (HTTP/1.1 200) 7 headers in 350 bytes (1 switches on core 1)
[pid: 233988|app: 0|req: 105/145] 120.239.58.195 () {42 vars in 813 bytes} [Fri Feb 12 12:37:24 2021] GET /video/type/1/ => generated 38021 bytes in 226 msecs (HTTP/1.1 200) 7 headers in 350 bytes (1 switches on core 0)
[pid: 233988|app: 0|req: 106/146] 120.239.58.195 () {42 vars in 828 bytes} [Fri Feb 12 12:37:24 2021] GET /video/type/1/?&page=2 => generated 36768 bytes in 229 msecs (HTTP/1.1 200) 7 headers in 350 bytes (1 switches on core 1)
[pid: 233988|app: 0|req: 107/147] 120.239.58.195 () {44 vars in 911 bytes} [Fri Feb 12 12:37:26 2021] GET /video/type/1/?year=2020&area=&rating= => generated 39406 bytes in 74 msecs (HTTP/1.1 200) 7 headers in 350 bytes (1 switches on core 0)
[pid: 233988|app: 0|req: 108/148] 120.239.58.195 () {42 vars in 848 bytes} [Fri Feb 12 12:37:26 2021] GET /video/type/1/?&year=2020&page=2 => generated 37879 bytes in 73 msecs (HTTP/1.1 200) 7 headers in 350 bytes (1 switches on core 1)
[pid: 233988|app: 0|req: 109/149] 120.239.58.195 () {44 vars in 898 bytes} [Fri Feb 12 12:37:31 2021] GET /video/play/102794/ => generated 14013 bytes in 5 msecs (HTTP/1.1 200) 7 headers in 350 bytes (1 switches on core 0)
[pid: 233988|app: 0|req: 110/150] 132.232.90.95 () {40 vars in 609 bytes} [Fri Feb 12 14:00:31 2021] GET /phpmyadmin => generated 179 bytes in 1 msecs (HTTP/1.1 404) 5 headers in 158 bytes (1 switches on core 1)
[pid: 233988|app: 0|req: 111/151] 132.232.90.95 () {40 vars in 609 bytes} [Fri Feb 12 14:01:09 2021] GET /phpmyadmin => generated 179 bytes in 1 msecs (HTTP/1.1 404) 5 headers in 158 bytes (1 switches on core 1)
[pid: 233988|app: 0|req: 112/152] 2.123.126.192 () {30 vars in 438 bytes} [Fri Feb 12 14:54:10 2021] GET / => generated 179 bytes in 1 msecs (HTTP/1.1 404) 5 headers in 158 bytes (1 switches on core 1)
[pid: 233988|app: 0|req: 113/153] 128.14.134.170 () {34 vars in 490 bytes} [Fri Feb 12 14:55:14 2021] GET / => generated 179 bytes in 1 msecs (HTTP/1.1 404) 5 headers in 158 bytes (1 switches on core 1)
[pid: 233988|app: 0|req: 114/154] 89.248.168.108 () {48 vars in 881 bytes} [Fri Feb 12 15:07:46 2021] POST /boaform/admin/formLogin => generated 179 bytes in 1 msecs (HTTP/1.1 404) 5 headers in 158 bytes (1 switches on core 0)
[pid: 233988|app: 0|req: 115/155] 106.45.156.61 () {42 vars in 756 bytes} [Fri Feb 12 15:23:49 2021] GET /video/ => generated 64210 bytes in 443 msecs (HTTP/1.1 200) 7 headers in 350 bytes (1 switches on core 0)
[pid: 233988|app: 0|req: 116/156] 106.45.156.61 () {42 vars in 845 bytes} [Fri Feb 12 15:23:58 2021] GET /video/search/?wd=%E5%94%90%E4%BA%BA%E8%A1%97&page=1 => generated 23405 bytes in 52 msecs (HTTP/1.1 200) 7 headers in 350 bytes (1 switches on core 1)
[pid: 233988|app: 0|req: 117/157] 106.45.156.61 () {42 vars in 756 bytes} [Fri Feb 12 15:24:22 2021] GET /video/ => generated 64210 bytes in 218 msecs (HTTP/1.1 200) 7 headers in 350 bytes (1 switches on core 0)
[pid: 233988|app: 0|req: 118/158] 184.105.247.194 () {28 vars in 311 bytes} [Fri Feb 12 16:13:23 2021] GET / => generated 179 bytes in 1 msecs (HTTP/1.1 404) 5 headers in 158 bytes (1 switches on core 1)
[pid: 233988|app: 0|req: 119/159] 162.142.125.55 () {28 vars in 313 bytes} [Fri Feb 12 16:23:48 2021] GET / => generated 179 bytes in 1 msecs (HTTP/1.1 404) 5 headers in 158 bytes (1 switches on core 0)
[pid: 233989|app: 0|req: 20/160] 162.142.125.55 () {34 vars in 445 bytes} [Fri Feb 12 16:23:49 2021] GET / => generated 179 bytes in 1 msecs (HTTP/1.1 404) 5 headers in 158 bytes (1 switches on core 0)
[pid: 233988|app: 0|req: 120/161] 106.45.156.61 () {42 vars in 778 bytes} [Fri Feb 12 16:32:36 2021] GET /video/play/86114/ => generated 14269 bytes in 5 msecs (HTTP/1.1 200) 7 headers in 350 bytes (1 switches on core 0)
[pid: 233988|app: 0|req: 121/162] 106.45.156.61 () {42 vars in 770 bytes} [Fri Feb 12 16:33:37 2021] GET /video/type/1/ => generated 38825 bytes in 235 msecs (HTTP/1.1 200) 7 headers in 350 bytes (1 switches on core 1)
[pid: 233988|app: 0|req: 122/163] 106.45.156.61 () {44 vars in 866 bytes} [Fri Feb 12 16:33:44 2021] GET /video/type/1/?year=&area=&rating=9.0 => generated 36929 bytes in 65 msecs (HTTP/1.1 200) 7 headers in 350 bytes (1 switches on core 0)
[pid: 233988|app: 0|req: 123/164] 106.45.156.61 () {44 vars in 881 bytes} [Fri Feb 12 16:34:03 2021] GET /video/type/1/?&rating=9.0&page=2 => generated 39132 bytes in 66 msecs (HTTP/1.1 200) 7 headers in 350 bytes (1 switches on core 1)
[pid: 233988|app: 0|req: 124/165] 106.45.156.61 () {44 vars in 877 bytes} [Fri Feb 12 16:34:17 2021] GET /video/type/1/?&rating=9.0&page=3 => generated 32310 bytes in 71 msecs (HTTP/1.1 200) 7 headers in 350 bytes (1 switches on core 0)
[pid: 233988|app: 0|req: 125/166] 106.45.156.61 () {44 vars in 885 bytes} [Fri Feb 12 16:34:24 2021] GET /video/type/1/?year=&area=&rating=8.0 => generated 47012 bytes in 72 msecs (HTTP/1.1 200) 7 headers in 350 bytes (1 switches on core 1)
[pid: 233988|app: 0|req: 126/167] 106.45.156.61 () {44 vars in 881 bytes} [Fri Feb 12 16:34:41 2021] GET /video/type/1/?&rating=8.0&page=2 => generated 44566 bytes in 71 msecs (HTTP/1.1 200) 7 headers in 350 bytes (1 switches on core 0)
[pid: 233988|app: 0|req: 127/168] 106.45.156.61 () {44 vars in 915 bytes} [Fri Feb 12 16:35:01 2021] GET /video/search/?wd=%E6%96%AD%E8%83%8C%E5%B1%B1&page=1 => generated 14972 bytes in 53 msecs (HTTP/1.1 200) 7 headers in 350 bytes (1 switches on core 1)
[pid: 233988|app: 0|req: 128/169] 106.45.156.61 () {44 vars in 867 bytes} [Fri Feb 12 16:35:03 2021] GET /video/play/73007/ => generated 14972 bytes in 5 msecs (HTTP/1.1 200) 7 headers in 350 bytes (1 switches on core 0)
[pid: 233988|app: 0|req: 129/170] 183.27.44.244 () {44 vars in 1092 bytes} [Fri Feb 12 16:42:11 2021] GET /video/ => generated 64210 bytes in 223 msecs (HTTP/1.1 200) 7 headers in 350 bytes (1 switches on core 1)
[pid: 233988|app: 0|req: 130/171] 183.27.44.244 () {44 vars in 1199 bytes} [Fri Feb 12 16:42:23 2021] GET /video/search/?wd=%E6%96%97%E7%BD%97%E5%A4%A7%E9%99%86&page=1 => generated 19264 bytes in 53 msecs (HTTP/1.1 200) 7 headers in 350 bytes (1 switches on core 0)
[pid: 233988|app: 0|req: 131/172] 183.27.44.244 () {44 vars in 1199 bytes} [Fri Feb 12 16:42:26 2021] GET /video/search/?wd=%E6%96%97%E7%BD%97%E5%A4%A7%E9%99%86&page=1 => generated 19264 bytes in 53 msecs (HTTP/1.1 200) 7 headers in 350 bytes (1 switches on core 1)
[pid: 233988|app: 0|req: 132/173] 89.248.168.108 () {48 vars in 881 bytes} [Fri Feb 12 16:54:19 2021] POST /boaform/admin/formLogin => generated 179 bytes in 1 msecs (HTTP/1.1 404) 5 headers in 158 bytes (1 switches on core 0)
[pid: 233988|app: 0|req: 133/174] 223.73.88.98 () {42 vars in 831 bytes} [Fri Feb 12 16:56:45 2021] GET /video/type/1/ => generated 38825 bytes in 226 msecs (HTTP/1.1 200) 7 headers in 350 bytes (1 switches on core 0)
[pid: 233988|app: 0|req: 134/175] 223.73.88.98 () {42 vars in 843 bytes} [Fri Feb 12 16:56:51 2021] GET /admin/update_video/ => generated 19539 bytes in 4 msecs (HTTP/1.1 200) 6 headers in 182 bytes (1 switches on core 1)
[pid: 233991|app: 0|req: 6/176] 223.73.88.98 () {44 vars in 892 bytes} [Fri Feb 12 16:56:55 2021] GET /admin/view_log/ => generated 19733 bytes in 16 msecs (HTTP/1.1 200) 6 headers in 182 bytes (1 switches on core 0)
[pid: 233991|app: 0|req: 7/177] 223.73.88.98 () {44 vars in 896 bytes} [Fri Feb 12 16:58:24 2021] GET /admin/update_video/ => generated 19539 bytes in 4 msecs (HTTP/1.1 200) 6 headers in 182 bytes (1 switches on core 1)
[pid: 233988|app: 0|req: 136/178] 223.73.88.98 () {44 vars in 892 bytes} [Fri Feb 12 16:58:36 2021] GET /admin/view_log/ => generated 19831 bytes in 15 msecs (HTTP/1.1 200) 6 headers in 182 bytes (1 switches on core 1)
[pid: 233988|app: 0|req: 137/179] 223.73.88.98 () {44 vars in 901 bytes} [Fri Feb 12 16:58:39 2021] GET /admin/view_log/?page=1 => generated 19878 bytes in 6 msecs (HTTP/1.1 200) 6 headers in 182 bytes (1 switches on core 1)
[pid: 233988|app: 0|req: 138/180] 223.73.88.98 () {44 vars in 908 bytes} [Fri Feb 12 16:58:42 2021] GET /admin/view_log/?page=1 => generated 19932 bytes in 8 msecs (HTTP/1.1 200) 6 headers in 182 bytes (1 switches on core 1)
[pid: 233988|app: 0|req: 139/181] 223.73.88.98 () {44 vars in 908 bytes} [Fri Feb 12 16:58:48 2021] GET /admin/view_log/?page=1 => generated 19986 bytes in 10 msecs (HTTP/1.1 200) 6 headers in 182 bytes (1 switches on core 1)
[pid: 233988|app: 0|req: 140/182] 223.73.88.98 () {44 vars in 908 bytes} [Fri Feb 12 17:00:42 2021] GET /admin/view_log/?page=1 => generated 20040 bytes in 11 msecs (HTTP/1.1 200) 6 headers in 182 bytes (1 switches on core 1)
九月怀胎 25713332 6.6 保存成功[douban_json]
公正裁决 25823618 9.7 保存成功[douban_json]
勒阿弗尔 4030657 7.9 保存成功[douban_json]
[pid: 233988|app: 0|req: 141/183] 223.73.88.98 () {44 vars in 892 bytes} [Fri Feb 12 17:06:30 2021] GET /video/play/102814/ => generated 13851 bytes in 7 msecs (HTTP/1.1 200) 7 headers in 350 bytes (1 switches on core 1)
[pid: 233988|app: 0|req: 142/184] 223.73.88.98 () {44 vars in 892 bytes} [Fri Feb 12 17:06:33 2021] GET /video/play/102864/ => generated 14101 bytes in 8 msecs (HTTP/1.1 200) 7 headers in 350 bytes (1 switches on core 1)
[pid: 233988|app: 0|req: 143/185] 223.73.88.98 () {44 vars in 927 bytes} [Fri Feb 12 17:06:49 2021] GET /video/type/1/?year=&area=&rating=9.0 => generated 36881 bytes in 134 msecs (HTTP/1.1 200) 7 headers in 350 bytes (1 switches on core 1)
[pid: 233988|app: 0|req: 144/186] 223.73.88.98 () {44 vars in 950 bytes} [Fri Feb 12 17:06:51 2021] GET /video/type/1/?year=&area=&rating=8.0 => generated 47012 bytes in 152 msecs (HTTP/1.1 200) 7 headers in 350 bytes (1 switches on core 1)
第1次之处男宣言 26414254 9.1 保存成功[douban_json]
我亲爱的小淘气 4223349 9.9 保存成功[douban_json]
[pid: 233988|app: 0|req: 145/187] 223.73.88.98 () {44 vars in 980 bytes} [Fri Feb 12 17:10:58 2021] GET /video/search/?wd=%E5%BC%BA%E8%BF%AB%E7%97%87&page=1 => generated 13583 bytes in 100 msecs (HTTP/1.1 200) 7 headers in 350 bytes (1 switches on core 1)
[pid: 233988|app: 0|req: 146/188] 223.73.88.98 () {42 vars in 876 bytes} [Fri Feb 12 17:11:41 2021] GET /video/type/1/?year=&area=&rating=8.0 => generated 47012 bytes in 149 msecs (HTTP/1.1 200) 7 headers in 350 bytes (1 switches on core 1)
[pid: 233988|app: 0|req: 147/189] 223.73.88.98 () {44 vars in 1016 bytes} [Fri Feb 12 17:11:48 2021] GET /video/search/?wd=%E6%B8%A9%E6%9A%96%E7%9A%84%E6%8A%B1%E6%8A%B1&page=1 => generated 14624 bytes in 106 msecs (HTTP/1.1 200) 7 headers in 350 bytes (1 switches on core 1)
[pid: 233988|app: 0|req: 148/190] 223.73.88.98 () {44 vars in 948 bytes} [Fri Feb 12 17:11:51 2021] GET /video/play/100651/ => generated 14204 bytes in 9 msecs (HTTP/1.1 200) 7 headers in 350 bytes (1 switches on core 1)
龙城生死恋 19966105  保存成功[douban_json]
[pid: 233988|app: 0|req: 149/191] 223.73.89.184 () {40 vars in 711 bytes} [Fri Feb 12 17:35:12 2021] GET /video/ => generated 64210 bytes in 456 msecs (HTTP/1.1 200) 7 headers in 350 bytes (1 switches on core 1)
[pid: 233988|app: 0|req: 150/192] 223.73.89.184 () {42 vars in 814 bytes} [Fri Feb 12 17:35:16 2021] GET /video/type/1/ => generated 38825 bytes in 487 msecs (HTTP/1.1 200) 7 headers in 350 bytes (1 switches on core 1)
[pid: 233988|app: 0|req: 151/193] 223.73.89.184 () {42 vars in 814 bytes} [Fri Feb 12 17:35:19 2021] GET /video/type/1/ => generated 38825 bytes in 474 msecs (HTTP/1.1 200) 7 headers in 350 bytes (1 switches on core 1)
[pid: 233988|app: 0|req: 152/194] 223.73.89.184 () {44 vars in 904 bytes} [Fri Feb 12 17:35:34 2021] GET /video/type/6/?area=&year=&rating= => generated 37900 bytes in 165 msecs (HTTP/1.1 200) 7 headers in 350 bytes (1 switches on core 1)
[pid: 233988|app: 0|req: 153/195] 223.73.89.184 () {44 vars in 924 bytes} [Fri Feb 12 17:35:50 2021] GET /video/type/1/?area=&year=&rating= => generated 38825 bytes in 466 msecs (HTTP/1.1 200) 7 headers in 350 bytes (1 switches on core 1)
[pid: 233988|app: 0|req: 154/196] 223.73.89.184 () {44 vars in 960 bytes} [Fri Feb 12 17:35:53 2021] GET /video/type/1/?area=%E6%97%A5%E6%9C%AC&year=&rating= => generated 37783 bytes in 139 msecs (HTTP/1.1 200) 7 headers in 350 bytes (1 switches on core 1)
[pid: 233988|app: 0|req: 155/197] 223.73.89.184 () {44 vars in 984 bytes} [Fri Feb 12 17:36:24 2021] GET /video/type/1/?year=&area=%E6%97%A5%E6%9C%AC&rating=9.0 => generated 18898 bytes in 108 msecs (HTTP/1.1 200) 7 headers in 350 bytes (1 switches on core 1)
[pid: 233988|app: 0|req: 156/198] 223.73.89.184 () {44 vars in 987 bytes} [Fri Feb 12 17:36:39 2021] GET /video/type/1/?year=&area=%E6%97%A5%E6%9C%AC&rating=8.0 => generated 39435 bytes in 115 msecs (HTTP/1.1 200) 7 headers in 350 bytes (1 switches on core 1)
[pid: 233988|app: 0|req: 157/199] 223.73.89.184 () {44 vars in 914 bytes} [Fri Feb 12 17:37:15 2021] GET /video/play/73008/ => generated 14848 bytes in 8 msecs (HTTP/1.1 200) 7 headers in 350 bytes (1 switches on core 1)
[pid: 233988|app: 0|req: 158/200] 223.73.89.184 () {44 vars in 991 bytes} [Fri Feb 12 17:37:57 2021] GET /video/type/1/?&area=%E6%97%A5%E6%9C%AC&rating=8.0&page=2 => generated 39756 bytes in 116 msecs (HTTP/1.1 200) 7 headers in 350 bytes (1 switches on core 1)
[pid: 233988|app: 0|req: 159/201] 223.73.89.184 () {44 vars in 989 bytes} [Fri Feb 12 17:38:23 2021] GET /video/type/1/?area=%E9%9F%A9%E5%9B%BD&year=&rating=8.0 => generated 35221 bytes in 118 msecs (HTTP/1.1 200) 7 headers in 350 bytes (1 switches on core 1)
[pid: 233988|app: 0|req: 160/202] 223.73.89.184 () {44 vars in 987 bytes} [Fri Feb 12 17:38:29 2021] GET /video/type/1/?year=&area=%E9%9F%A9%E5%9B%BD&rating=9.0 => generated 16328 bytes in 108 msecs (HTTP/1.1 200) 7 headers in 350 bytes (1 switches on core 1)
[pid: 233989|app: 0|req: 21/203] 223.73.89.184 () {44 vars in 987 bytes} [Fri Feb 12 17:38:34 2021] GET /video/type/1/?year=&area=%E9%9F%A9%E5%9B%BD&rating=8.0 => generated 35221 bytes in 117 msecs (HTTP/1.1 200) 7 headers in 350 bytes (1 switches on core 0)
[pid: 233988|app: 0|req: 161/204] 223.73.89.184 () {44 vars in 991 bytes} [Fri Feb 12 17:38:58 2021] GET /video/type/1/?&area=%E9%9F%A9%E5%9B%BD&rating=8.0&page=2 => generated 34476 bytes in 110 msecs (HTTP/1.1 200) 7 headers in 350 bytes (1 switches on core 1)
[pid: 233988|app: 0|req: 162/205] 223.73.89.184 () {44 vars in 989 bytes} [Fri Feb 12 17:39:20 2021] GET /video/type/1/?area=%E9%A6%99%E6%B8%AF&year=&rating=8.0 => generated 36980 bytes in 111 msecs (HTTP/1.1 200) 7 headers in 350 bytes (1 switches on core 1)
[pid: 233988|app: 0|req: 163/206] 223.73.89.184 () {44 vars in 987 bytes} [Fri Feb 12 17:39:24 2021] GET /video/type/1/?year=&area=%E9%A6%99%E6%B8%AF&rating=9.0 => generated 15332 bytes in 105 msecs (HTTP/1.1 200) 7 headers in 350 bytes (1 switches on core 1)
[pid: 233988|app: 0|req: 164/207] 223.73.89.184 () {44 vars in 987 bytes} [Fri Feb 12 17:39:28 2021] GET /video/type/1/?year=&area=%E9%A6%99%E6%B8%AF&rating=8.0 => generated 36980 bytes in 114 msecs (HTTP/1.1 200) 7 headers in 350 bytes (1 switches on core 1)
[pid: 233988|app: 0|req: 165/208] 223.73.89.184 () {44 vars in 991 bytes} [Fri Feb 12 17:40:04 2021] GET /video/type/1/?&area=%E9%A6%99%E6%B8%AF&rating=8.0&page=2 => generated 35871 bytes in 114 msecs (HTTP/1.1 200) 7 headers in 350 bytes (1 switches on core 1)
[pid: 233988|app: 0|req: 166/209] 223.73.89.184 () {44 vars in 993 bytes} [Fri Feb 12 17:40:28 2021] GET /video/type/1/?&area=%E9%A6%99%E6%B8%AF&rating=8.0&page=3 => generated 14595 bytes in 109 msecs (HTTP/1.1 200) 7 headers in 350 bytes (1 switches on core 1)
[pid: 233988|app: 0|req: 167/210] 223.73.89.184 () {44 vars in 993 bytes} [Fri Feb 12 17:40:31 2021] GET /video/type/1/?&area=%E9%A6%99%E6%B8%AF&rating=8.0&page=1 => generated 36980 bytes in 119 msecs (HTTP/1.1 200) 7 headers in 350 bytes (1 switches on core 1)
[pid: 233988|app: 0|req: 168/211] 223.73.89.184 () {44 vars in 916 bytes} [Fri Feb 12 17:40:44 2021] GET /video/play/44332/ => generated 14684 bytes in 8 msecs (HTTP/1.1 200) 7 headers in 350 bytes (1 switches on core 1)
[pid: 233988|app: 0|req: 169/212] 223.73.89.184 () {44 vars in 916 bytes} [Fri Feb 12 17:41:00 2021] GET /video/play/81195/ => generated 14541 bytes in 7 msecs (HTTP/1.1 200) 7 headers in 350 bytes (1 switches on core 1)
[pid: 233988|app: 0|req: 170/213] 223.73.89.184 () {44 vars in 989 bytes} [Fri Feb 12 17:41:13 2021] GET /video/type/1/?area=%E5%8F%B0%E6%B9%BE&year=&rating=8.0 => generated 36487 bytes in 116 msecs (HTTP/1.1 200) 7 headers in 350 bytes (1 switches on core 1)
[pid: 233988|app: 0|req: 171/214] 223.73.89.184 () {44 vars in 987 bytes} [Fri Feb 12 17:41:29 2021] GET /video/type/1/?year=&area=%E5%8F%B0%E6%B9%BE&rating=9.0 => generated 14416 bytes in 111 msecs (HTTP/1.1 200) 7 headers in 350 bytes (1 switches on core 1)
[pid: 233988|app: 0|req: 172/215] 223.73.89.184 () {44 vars in 987 bytes} [Fri Feb 12 17:41:32 2021] GET /video/type/6/?area=%E5%8F%B0%E6%B9%BE&year=&rating=9.0 => generated 14431 bytes in 104 msecs (HTTP/1.1 200) 7 headers in 350 bytes (1 switches on core 1)
[pid: 233988|app: 0|req: 173/216] 223.73.89.184 () {44 vars in 939 bytes} [Fri Feb 12 17:41:34 2021] GET /video/type/6/?year=&rating=9.0 => generated 22932 bytes in 113 msecs (HTTP/1.1 200) 7 headers in 350 bytes (1 switches on core 1)
[pid: 233988|app: 0|req: 174/217] 223.73.89.184 () {44 vars in 927 bytes} [Fri Feb 12 17:41:50 2021] GET /video/type/6/?year=&area=&rating=8.0 => generated 40603 bytes in 120 msecs (HTTP/1.1 200) 7 headers in 350 bytes (1 switches on core 1)
[pid: 233988|app: 0|req: 175/218] 223.73.89.184 () {44 vars in 896 bytes} [Fri Feb 12 17:42:42 2021] GET /video/play/41185/ => generated 13864 bytes in 10 msecs (HTTP/1.1 200) 7 headers in 350 bytes (1 switches on core 1)
[pid: 233988|app: 0|req: 176/219] 223.73.89.184 () {44 vars in 893 bytes} [Fri Feb 12 17:43:04 2021] GET /video/type/6/?area= => generated 37900 bytes in 179 msecs (HTTP/1.1 200) 7 headers in 350 bytes (1 switches on core 1)
[pid: 233988|app: 0|req: 177/220] 223.73.89.184 () {44 vars in 946 bytes} [Fri Feb 12 17:43:10 2021] GET /video/type/6/?area=%E6%97%A5%E6%9C%AC&year=&rating= => generated 39171 bytes in 117 msecs (HTTP/1.1 200) 7 headers in 350 bytes (1 switches on core 1)
[pid: 233988|app: 0|req: 178/221] 223.73.89.184 () {44 vars in 978 bytes} [Fri Feb 12 17:43:24 2021] GET /video/type/1/?area=%E6%97%A5%E6%9C%AC&year=&rating= => generated 37783 bytes in 134 msecs (HTTP/1.1 200) 7 headers in 350 bytes (1 switches on core 1)
[pid: 233988|app: 0|req: 179/222] 223.73.89.184 () {44 vars in 913 bytes} [Fri Feb 12 17:43:30 2021] GET /video/play/100762/ => generated 14748 bytes in 8 msecs (HTTP/1.1 200) 7 headers in 350 bytes (1 switches on core 1)
[pid: 233988|app: 0|req: 180/223] 106.45.156.61 () {42 vars in 755 bytes} [Fri Feb 12 17:43:37 2021] GET /video/ => generated 64210 bytes in 466 msecs (HTTP/1.1 200) 7 headers in 350 bytes (1 switches on core 1)
[pid: 233989|app: 0|req: 22/224] 106.45.156.61 () {42 vars in 755 bytes} [Fri Feb 12 17:43:37 2021] GET /video/ => generated 64210 bytes in 498 msecs (HTTP/1.1 200) 7 headers in 350 bytes (1 switches on core 1)
[pid: 233988|app: 0|req: 181/225] 106.45.156.61 () {42 vars in 769 bytes} [Fri Feb 12 17:44:38 2021] GET /video/type/1/ => generated 38825 bytes in 468 msecs (HTTP/1.1 200) 7 headers in 350 bytes (1 switches on core 1)
[pid: 233988|app: 0|req: 182/226] 106.45.156.61 () {44 vars in 895 bytes} [Fri Feb 12 17:44:58 2021] GET /video/search/?wd=%E6%96%AD%E8%83%8C%E5%B1%B1&page=1 => generated 14972 bytes in 105 msecs (HTTP/1.1 200) 7 headers in 350 bytes (1 switches on core 1)
[pid: 233988|app: 0|req: 183/227] 106.45.156.61 () {44 vars in 866 bytes} [Fri Feb 12 17:45:00 2021] GET /video/play/73007/ => generated 14972 bytes in 10 msecs (HTTP/1.1 200) 7 headers in 350 bytes (1 switches on core 1)
[pid: 233988|app: 0|req: 184/228] 223.73.89.184 () {44 vars in 903 bytes} [Fri Feb 12 17:45:33 2021] GET /video/type/2/ => generated 34582 bytes in 344 msecs (HTTP/1.1 200) 7 headers in 350 bytes (1 switches on core 1)
[pid: 233988|app: 0|req: 185/229] 223.73.89.184 () {44 vars in 940 bytes} [Fri Feb 12 17:45:40 2021] GET /video/type/2/?area=%E9%A6%99%E6%B8%AF&year=&rating= => generated 49464 bytes in 124 msecs (HTTP/1.1 200) 7 headers in 350 bytes (1 switches on core 1)
[pid: 233988|app: 0|req: 186/230] 223.73.89.184 () {44 vars in 966 bytes} [Fri Feb 12 17:46:00 2021] GET /video/type/2/?&area=%E9%A6%99%E6%B8%AF&page=3 => generated 45659 bytes in 131 msecs (HTTP/1.1 200) 7 headers in 350 bytes (1 switches on core 1)
[pid: 233988|app: 0|req: 187/231] 223.73.89.184 () {44 vars in 960 bytes} [Fri Feb 12 17:46:16 2021] GET /video/type/2/?&area=%E9%A6%99%E6%B8%AF&page=2 => generated 44049 bytes in 129 msecs (HTTP/1.1 200) 7 headers in 350 bytes (1 switches on core 1)
[pid: 233988|app: 0|req: 188/232] 223.73.89.184 () {44 vars in 960 bytes} [Fri Feb 12 17:46:37 2021] GET /video/type/2/?&area=%E9%A6%99%E6%B8%AF&page=4 => generated 39217 bytes in 129 msecs (HTTP/1.1 200) 7 headers in 350 bytes (1 switches on core 1)
[pid: 233988|app: 0|req: 189/233] 223.73.89.184 () {44 vars in 954 bytes} [Fri Feb 12 17:47:02 2021] GET /video/search/?wd=%E5%B0%84%E9%9B%95&page=1 => generated 21876 bytes in 105 msecs (HTTP/1.1 200) 7 headers in 350 bytes (1 switches on core 1)
[pid: 233988|app: 0|req: 190/234] 223.73.89.184 () {44 vars in 902 bytes} [Fri Feb 12 17:48:13 2021] GET /video/play/85049/ => generated 18936 bytes in 11 msecs (HTTP/1.1 200) 7 headers in 350 bytes (1 switches on core 1)
[pid: 233988|app: 0|req: 191/235] 223.73.89.184 () {42 vars in 800 bytes} [Fri Feb 12 17:52:38 2021] GET /video/ => generated 64210 bytes in 450 msecs (HTTP/1.1 200) 7 headers in 350 bytes (1 switches on core 1)
[pid: 233988|app: 0|req: 192/236] 223.73.89.184 () {42 vars in 871 bytes} [Fri Feb 12 17:53:24 2021] GET /video/search/?wd=%E5%B0%84%E9%9B%95&page=1 => generated 21876 bytes in 104 msecs (HTTP/1.1 200) 7 headers in 350 bytes (1 switches on core 1)
[pid: 233988|app: 0|req: 193/237] 223.73.89.184 () {42 vars in 871 bytes} [Fri Feb 12 17:53:27 2021] GET /video/search/?wd=%E5%B0%84%E9%9B%95&page=1 => generated 21876 bytes in 111 msecs (HTTP/1.1 200) 7 headers in 350 bytes (1 switches on core 1)
木兰特工之藏宝图 4728533 7.1 保存成功[douban_json]
[pid: 233988|app: 0|req: 194/238] 223.73.89.184 () {44 vars in 902 bytes} [Fri Feb 12 17:53:42 2021] GET /video/play/85049/ => generated 18936 bytes in 11 msecs (HTTP/1.1 200) 7 headers in 350 bytes (1 switches on core 1)
[pid: 233988|app: 0|req: 194/239] 223.73.88.98 () {44 vars in 907 bytes} [Fri Feb 12 16:58:34 2021] GET /admin/match_douban_json_data/ => generated 45 bytes in 3349309 msecs (HTTP/1.1 200) 6 headers in 179 bytes (1 switches on core 0)
[pid: 233988|app: 0|req: 195/240] 223.73.89.184 () {42 vars in 871 bytes} [Fri Feb 12 17:58:22 2021] GET /video/search/?wd=%E5%B0%84%E9%9B%95&page=1 => generated 21876 bytes in 52 msecs (HTTP/1.1 200) 7 headers in 350 bytes (1 switches on core 1)
[pid: 233988|app: 0|req: 196/241] 223.73.89.184 () {44 vars in 880 bytes} [Fri Feb 12 17:58:25 2021] GET /video/ => generated 64210 bytes in 226 msecs (HTTP/1.1 200) 7 headers in 350 bytes (1 switches on core 0)
[pid: 233988|app: 0|req: 197/242] 223.73.89.184 () {42 vars in 814 bytes} [Fri Feb 12 17:59:30 2021] GET /video/type/6/ => generated 37900 bytes in 87 msecs (HTTP/1.1 200) 7 headers in 350 bytes (1 switches on core 1)
[pid: 233988|app: 0|req: 198/243] 223.73.89.184 () {44 vars in 880 bytes} [Fri Feb 12 17:59:46 2021] GET /video/type/6/?&page=2 => generated 38688 bytes in 87 msecs (HTTP/1.1 200) 7 headers in 350 bytes (1 switches on core 0)
[pid: 233988|app: 0|req: 199/244] 223.73.89.184 () {44 vars in 888 bytes} [Fri Feb 12 18:00:05 2021] GET /video/type/6/?&page=3 => generated 37465 bytes in 88 msecs (HTTP/1.1 200) 7 headers in 350 bytes (1 switches on core 1)
[pid: 233988|app: 0|req: 200/245] 223.73.89.184 () {44 vars in 888 bytes} [Fri Feb 12 18:00:17 2021] GET /video/type/6/?&page=4 => generated 38984 bytes in 91 msecs (HTTP/1.1 200) 7 headers in 350 bytes (1 switches on core 0)
[pid: 233988|app: 0|req: 201/246] 223.73.89.184 () {44 vars in 888 bytes} [Fri Feb 12 18:00:27 2021] GET /video/type/6/?&page=5 => generated 38548 bytes in 86 msecs (HTTP/1.1 200) 7 headers in 350 bytes (1 switches on core 1)
[pid: 233988|app: 0|req: 202/247] 223.73.89.184 () {44 vars in 888 bytes} [Fri Feb 12 18:00:41 2021] GET /video/type/6/?&page=6 => generated 39498 bytes in 86 msecs (HTTP/1.1 200) 7 headers in 350 bytes (1 switches on core 0)
[pid: 233988|app: 0|req: 203/248] 223.73.89.184 () {44 vars in 888 bytes} [Fri Feb 12 18:00:57 2021] GET /video/type/6/?&page=7 => generated 40086 bytes in 88 msecs (HTTP/1.1 200) 7 headers in 350 bytes (1 switches on core 1)
[pid: 233988|app: 0|req: 204/249] 223.73.89.184 () {44 vars in 888 bytes} [Fri Feb 12 18:01:13 2021] GET /video/type/6/?&page=8 => generated 41630 bytes in 87 msecs (HTTP/1.1 200) 7 headers in 350 bytes (1 switches on core 0)
[pid: 233988|app: 0|req: 205/250] 223.73.89.184 () {44 vars in 888 bytes} [Fri Feb 12 18:01:21 2021] GET /video/type/6/?&page=9 => generated 39017 bytes in 89 msecs (HTTP/1.1 200) 7 headers in 350 bytes (1 switches on core 1)
[pid: 233988|app: 0|req: 206/251] 223.73.89.184 () {44 vars in 890 bytes} [Fri Feb 12 18:01:35 2021] GET /video/type/6/?&page=10 => generated 40200 bytes in 87 msecs (HTTP/1.1 200) 7 headers in 350 bytes (1 switches on core 0)
[pid: 233988|app: 0|req: 207/252] 223.73.89.184 () {44 vars in 891 bytes} [Fri Feb 12 18:01:42 2021] GET /video/type/6/?&page=11 => generated 40667 bytes in 86 msecs (HTTP/1.1 200) 7 headers in 350 bytes (1 switches on core 1)
[pid: 233988|app: 0|req: 208/253] 223.73.89.184 () {44 vars in 891 bytes} [Fri Feb 12 18:01:50 2021] GET /video/type/6/?&page=12 => generated 38345 bytes in 86 msecs (HTTP/1.1 200) 7 headers in 350 bytes (1 switches on core 0)
[pid: 233988|app: 0|req: 209/254] 223.73.89.184 () {44 vars in 891 bytes} [Fri Feb 12 18:01:59 2021] GET /video/type/6/?&page=13 => generated 36868 bytes in 86 msecs (HTTP/1.1 200) 7 headers in 350 bytes (1 switches on core 1)
[pid: 233988|app: 0|req: 210/255] 223.73.89.184 () {44 vars in 891 bytes} [Fri Feb 12 18:02:05 2021] GET /video/type/6/?&page=14 => generated 38475 bytes in 90 msecs (HTTP/1.1 200) 7 headers in 350 bytes (1 switches on core 0)
[pid: 233988|app: 0|req: 211/256] 223.73.89.184 () {44 vars in 891 bytes} [Fri Feb 12 18:02:13 2021] GET /video/type/6/?&page=15 => generated 40208 bytes in 86 msecs (HTTP/1.1 200) 7 headers in 350 bytes (1 switches on core 1)
[pid: 233988|app: 0|req: 212/257] 223.73.89.184 () {44 vars in 891 bytes} [Fri Feb 12 18:02:27 2021] GET /video/type/6/?&page=16 => generated 38203 bytes in 97 msecs (HTTP/1.1 200) 7 headers in 350 bytes (1 switches on core 0)
[pid: 233988|app: 0|req: 213/258] 223.73.89.184 () {44 vars in 891 bytes} [Fri Feb 12 18:02:53 2021] GET /video/type/6/?&page=17 => generated 40867 bytes in 89 msecs (HTTP/1.1 200) 7 headers in 350 bytes (1 switches on core 1)
[pid: 233988|app: 0|req: 214/259] 223.73.89.184 () {44 vars in 891 bytes} [Fri Feb 12 18:03:07 2021] GET /video/type/6/?&page=18 => generated 35924 bytes in 89 msecs (HTTP/1.1 200) 7 headers in 350 bytes (1 switches on core 0)
[pid: 233988|app: 0|req: 215/260] 223.73.89.184 () {44 vars in 891 bytes} [Fri Feb 12 18:03:23 2021] GET /video/type/6/?&page=19 => generated 37400 bytes in 87 msecs (HTTP/1.1 200) 7 headers in 350 bytes (1 switches on core 1)
[pid: 233988|app: 0|req: 216/261] 223.73.89.184 () {44 vars in 891 bytes} [Fri Feb 12 18:03:33 2021] GET /video/type/6/?&page=20 => generated 37287 bytes in 89 msecs (HTTP/1.1 200) 7 headers in 350 bytes (1 switches on core 0)
[pid: 233988|app: 0|req: 217/262] 223.73.89.184 () {44 vars in 913 bytes} [Fri Feb 12 18:03:36 2021] GET /video/type/1/?area=&year=&rating= => generated 38825 bytes in 298 msecs (HTTP/1.1 200) 7 headers in 350 bytes (1 switches on core 1)
[pid: 233988|app: 0|req: 218/263] 223.73.89.184 () {44 vars in 960 bytes} [Fri Feb 12 18:03:38 2021] GET /video/type/1/?area=%E6%97%A5%E6%9C%AC&year=&rating= => generated 37783 bytes in 65 msecs (HTTP/1.1 200) 7 headers in 350 bytes (1 switches on core 0)
[pid: 233988|app: 0|req: 219/264] 223.73.89.184 () {44 vars in 913 bytes} [Fri Feb 12 18:03:45 2021] GET /video/play/101526/ => generated 14019 bytes in 5 msecs (HTTP/1.1 200) 7 headers in 350 bytes (1 switches on core 1)
[pid: 233989|app: 0|req: 23/265] 223.73.89.184 () {44 vars in 913 bytes} [Fri Feb 12 18:03:58 2021] GET /video/play/101227/ => generated 14063 bytes in 5 msecs (HTTP/1.1 200) 7 headers in 350 bytes (1 switches on core 0)
[pid: 233989|app: 0|req: 24/266] 223.73.89.184 () {44 vars in 966 bytes} [Fri Feb 12 18:04:38 2021] GET /video/type/1/?&area=%E6%97%A5%E6%9C%AC&page=2 => generated 38239 bytes in 66 msecs (HTTP/1.1 200) 7 headers in 350 bytes (1 switches on core 1)
[pid: 233988|app: 0|req: 220/267] 223.73.89.184 () {44 vars in 960 bytes} [Fri Feb 12 18:04:52 2021] GET /video/type/1/?&area=%E6%97%A5%E6%9C%AC&page=3 => generated 37148 bytes in 66 msecs (HTTP/1.1 200) 7 headers in 350 bytes (1 switches on core 0)
[pid: 233988|app: 0|req: 221/268] 223.73.89.184 () {44 vars in 960 bytes} [Fri Feb 12 18:05:15 2021] GET /video/type/1/?&area=%E6%97%A5%E6%9C%AC&page=4 => generated 37035 bytes in 75 msecs (HTTP/1.1 200) 7 headers in 350 bytes (1 switches on core 1)
[pid: 233988|app: 0|req: 222/269] 223.73.89.184 () {44 vars in 905 bytes} [Fri Feb 12 18:05:35 2021] GET /video/play/86318/ => generated 13900 bytes in 5 msecs (HTTP/1.1 200) 7 headers in 350 bytes (1 switches on core 0)
[pid: 233989|app: 0|req: 25/270] 223.73.89.184 () {44 vars in 905 bytes} [Fri Feb 12 18:06:03 2021] GET /video/play/86350/ => generated 15036 bytes in 5 msecs (HTTP/1.1 200) 7 headers in 350 bytes (1 switches on core 0)
[pid: 233988|app: 0|req: 223/271] 223.73.89.184 () {44 vars in 960 bytes} [Fri Feb 12 18:06:17 2021] GET /video/type/1/?&area=%E6%97%A5%E6%9C%AC&page=5 => generated 37720 bytes in 66 msecs (HTTP/1.1 200) 7 headers in 350 bytes (1 switches on core 1)
[pid: 233989|app: 0|req: 26/272] 223.73.89.184 () {44 vars in 960 bytes} [Fri Feb 12 18:06:41 2021] GET /video/type/1/?&area=%E6%97%A5%E6%9C%AC&page=6 => generated 37822 bytes in 71 msecs (HTTP/1.1 200) 7 headers in 350 bytes (1 switches on core 1)
[pid: 233988|app: 0|req: 224/273] 223.73.89.184 () {44 vars in 960 bytes} [Fri Feb 12 18:07:03 2021] GET /video/type/1/?&area=%E6%97%A5%E6%9C%AC&page=7 => generated 37544 bytes in 66 msecs (HTTP/1.1 200) 7 headers in 350 bytes (1 switches on core 0)
[pid: 233988|app: 0|req: 225/274] 223.73.89.184 () {44 vars in 960 bytes} [Fri Feb 12 18:07:14 2021] GET /video/type/1/?&area=%E6%97%A5%E6%9C%AC&page=8 => generated 38153 bytes in 66 msecs (HTTP/1.1 200) 7 headers in 350 bytes (1 switches on core 1)
[pid: 233988|app: 0|req: 226/275] 223.73.89.184 () {44 vars in 960 bytes} [Fri Feb 12 18:07:27 2021] GET /video/type/1/?&area=%E6%97%A5%E6%9C%AC&page=9 => generated 38495 bytes in 65 msecs (HTTP/1.1 200) 7 headers in 350 bytes (1 switches on core 0)
[pid: 233988|app: 0|req: 227/276] 223.73.89.184 () {44 vars in 905 bytes} [Fri Feb 12 18:07:36 2021] GET /video/play/61599/ => generated 14382 bytes in 5 msecs (HTTP/1.1 200) 7 headers in 350 bytes (1 switches on core 1)
[pid: 233989|app: 0|req: 27/277] 223.73.89.184 () {44 vars in 978 bytes} [Fri Feb 12 18:07:56 2021] GET /video/type/1/?year=&area=%E6%97%A5%E6%9C%AC&rating=8.0 => generated 39435 bytes in 57 msecs (HTTP/1.1 200) 7 headers in 350 bytes (1 switches on core 0)
[pid: 233989|app: 0|req: 28/278] 223.73.89.184 () {44 vars in 914 bytes} [Fri Feb 12 18:08:05 2021] GET /video/play/60089/ => generated 14463 bytes in 5 msecs (HTTP/1.1 200) 7 headers in 350 bytes (1 switches on core 1)
[pid: 233988|app: 0|req: 228/279] 223.73.89.184 () {44 vars in 914 bytes} [Fri Feb 12 18:08:16 2021] GET /video/play/54937/ => generated 14127 bytes in 5 msecs (HTTP/1.1 200) 7 headers in 350 bytes (1 switches on core 0)
[pid: 233988|app: 0|req: 229/280] 223.73.88.98 () {42 vars in 876 bytes} [Fri Feb 12 19:05:02 2021] GET /video/type/1/?year=&area=&rating=8.0 => generated 47012 bytes in 72 msecs (HTTP/1.1 200) 7 headers in 350 bytes (1 switches on core 1)
[pid: 233988|app: 0|req: 230/281] 223.73.88.98 () {42 vars in 876 bytes} [Fri Feb 12 19:05:03 2021] GET /video/type/1/?year=&area=&rating=9.0 => generated 37136 bytes in 68 msecs (HTTP/1.1 200) 7 headers in 350 bytes (1 switches on core 0)
[pid: 233988|app: 0|req: 231/282] 223.73.88.98 () {44 vars in 998 bytes} [Fri Feb 12 19:05:20 2021] GET /video/search/?wd=%E5%8F%91%E8%B4%A2%E6%97%A5%E8%AE%B0&page=1 => generated 13610 bytes in 53 msecs (HTTP/1.1 200) 7 headers in 350 bytes (1 switches on core 1)
[pid: 233988|app: 0|req: 232/283] 223.73.88.98 () {44 vars in 986 bytes} [Fri Feb 12 19:05:41 2021] GET /video/search/?wd=%E5%8F%91%E8%B4%A2&page=1 => generated 16107 bytes in 51 msecs (HTTP/1.1 200) 7 headers in 350 bytes (1 switches on core 0)
[pid: 233988|app: 0|req: 233/284] 223.73.88.98 () {44 vars in 1004 bytes} [Fri Feb 12 19:06:08 2021] GET /video/search/?wd=%E5%8F%91%E8%B4%A2%E6%97%A5%E8%AE%B0&page=1 => generated 13610 bytes in 54 msecs (HTTP/1.1 200) 7 headers in 350 bytes (1 switches on core 1)
[pid: 233988|app: 0|req: 234/285] 223.73.88.98 () {44 vars in 929 bytes} [Fri Feb 12 19:06:10 2021] GET /video/type/1/ => generated 38825 bytes in 223 msecs (HTTP/1.1 200) 7 headers in 350 bytes (1 switches on core 0)
[pid: 233988|app: 0|req: 235/286] 223.73.88.98 () {44 vars in 921 bytes} [Fri Feb 12 19:06:19 2021] GET /video/type/6/?area=&year=&rating= => generated 37900 bytes in 86 msecs (HTTP/1.1 200) 7 headers in 350 bytes (1 switches on core 1)
[pid: 233988|app: 0|req: 236/287] 223.73.88.98 () {44 vars in 917 bytes} [Fri Feb 12 19:06:37 2021] GET /video/type/6/?&page=2 => generated 38688 bytes in 86 msecs (HTTP/1.1 200) 7 headers in 350 bytes (1 switches on core 0)
[pid: 233988|app: 0|req: 237/288] 223.73.88.98 () {44 vars in 935 bytes} [Fri Feb 12 19:06:39 2021] GET /video/type/6/?year=&area=&rating=9.0 => generated 22932 bytes in 59 msecs (HTTP/1.1 200) 7 headers in 350 bytes (1 switches on core 1)
[pid: 233988|app: 0|req: 238/289] 223.73.88.98 () {44 vars in 913 bytes} [Fri Feb 12 19:06:47 2021] GET /video/play/86945/ => generated 14713 bytes in 5 msecs (HTTP/1.1 200) 7 headers in 350 bytes (1 switches on core 0)
[pid: 233989|app: 0|req: 29/290] 223.73.88.98 () {44 vars in 913 bytes} [Fri Feb 12 19:07:00 2021] GET /video/play/86945/ => generated 14713 bytes in 5 msecs (HTTP/1.1 200) 7 headers in 350 bytes (1 switches on core 0)
[pid: 233988|app: 0|req: 239/291] 223.73.88.98 () {42 vars in 848 bytes} [Fri Feb 12 19:07:06 2021] GET /admin/view_log/?page=1 => generated 23689 bytes in 11 msecs (HTTP/1.1 200) 6 headers in 182 bytes (1 switches on core 1)
[pid: 233989|app: 0|req: 30/292] 223.73.88.98 () {44 vars in 899 bytes} [Fri Feb 12 19:07:10 2021] GET /admin/update_log/ => generated 21373 bytes in 6 msecs (HTTP/1.1 200) 6 headers in 182 bytes (1 switches on core 1)
[pid: 233988|app: 0|req: 240/293] 223.73.88.98 () {44 vars in 898 bytes} [Fri Feb 12 19:07:12 2021] GET /admin/update_video/ => generated 19539 bytes in 1 msecs (HTTP/1.1 200) 6 headers in 182 bytes (1 switches on core 0)
[pid: 233990|app: 0|req: 17/294] 223.73.88.98 () {44 vars in 924 bytes} [Fri Feb 12 19:07:18 2021] GET /admin/remove_douban_data/?vod_id=86945 => generated 97 bytes in 18 msecs (HTTP/1.1 200) 6 headers in 179 bytes (1 switches on core 0)
[pid: 233988|app: 0|req: 241/295] 223.73.88.98 () {44 vars in 915 bytes} [Fri Feb 12 19:07:22 2021] GET /video/play/101516/ => generated 15126 bytes in 5 msecs (HTTP/1.1 200) 7 headers in 350 bytes (1 switches on core 1)
[pid: 233990|app: 0|req: 18/296] 223.73.88.98 () {44 vars in 926 bytes} [Fri Feb 12 19:07:33 2021] GET /admin/remove_douban_data/?vod_id=101516 => generated 97 bytes in 17 msecs (HTTP/1.1 200) 6 headers in 179 bytes (1 switches on core 1)
[pid: 233988|app: 0|req: 242/297] 223.73.88.98 () {44 vars in 935 bytes} [Fri Feb 12 19:07:37 2021] GET /video/type/6/?year=&area=&rating=9.0 => generated 20887 bytes in 58 msecs (HTTP/1.1 200) 7 headers in 350 bytes (1 switches on core 0)
[pid: 233988|app: 0|req: 243/298] 223.73.88.98 () {44 vars in 950 bytes} [Fri Feb 12 19:07:47 2021] GET /video/type/1/?area=&year=&rating=9.0 => generated 36881 bytes in 66 msecs (HTTP/1.1 200) 7 headers in 350 bytes (1 switches on core 1)
[pid: 233988|app: 0|req: 244/299] 223.73.88.98 () {44 vars in 905 bytes} [Fri Feb 12 19:07:50 2021] GET /video/type/1/ => generated 38825 bytes in 224 msecs (HTTP/1.1 200) 7 headers in 350 bytes (1 switches on core 0)
[pid: 233988|app: 0|req: 245/300] 223.73.88.98 () {44 vars in 927 bytes} [Fri Feb 12 19:07:52 2021] GET /video/type/1/?year=&area=&rating=9.0 => generated 36881 bytes in 66 msecs (HTTP/1.1 200) 7 headers in 350 bytes (1 switches on core 1)
[pid: 233988|app: 0|req: 246/301] 223.73.88.98 () {44 vars in 950 bytes} [Fri Feb 12 19:08:05 2021] GET /video/type/6/?area=&year=&rating=9.0 => generated 20887 bytes in 60 msecs (HTTP/1.1 200) 7 headers in 350 bytes (1 switches on core 0)
[pid: 233988|app: 0|req: 247/302] 223.73.88.98 () {44 vars in 950 bytes} [Fri Feb 12 19:08:06 2021] GET /video/type/6/?year=&area=&rating=8.0 => generated 40603 bytes in 62 msecs (HTTP/1.1 200) 7 headers in 350 bytes (1 switches on core 1)
[pid: 233988|app: 0|req: 248/303] 223.73.88.98 () {44 vars in 913 bytes} [Fri Feb 12 19:08:18 2021] GET /video/play/98536/ => generated 14820 bytes in 5 msecs (HTTP/1.1 200) 7 headers in 350 bytes (1 switches on core 0)
[pid: 233988|app: 0|req: 249/304] 36.149.99.147 () {44 vars in 1067 bytes} [Fri Feb 12 19:19:10 2021] GET /video/ => generated 64210 bytes in 227 msecs (HTTP/1.1 200) 7 headers in 350 bytes (1 switches on core 1)
[pid: 233988|app: 0|req: 250/305] 36.149.99.147 () {44 vars in 1081 bytes} [Fri Feb 12 19:19:15 2021] GET /video/type/1/ => generated 38825 bytes in 223 msecs (HTTP/1.1 200) 7 headers in 350 bytes (1 switches on core 0)
[pid: 233988|app: 0|req: 251/306] 36.149.227.147 () {44 vars in 1083 bytes} [Fri Feb 12 19:19:17 2021] GET /video/type/1/ => generated 38825 bytes in 220 msecs (HTTP/1.1 200) 7 headers in 350 bytes (1 switches on core 1)
[pid: 233988|app: 0|req: 252/307] 180.101.52.3 () {58 vars in 1169 bytes} [Fri Feb 12 19:19:59 2021] GET /video/ => generated 64210 bytes in 220 msecs (HTTP/1.0 200) 7 headers in 350 bytes (1 switches on core 0)
[pid: 233988|app: 0|req: 253/308] 180.101.214.20 () {52 vars in 1160 bytes} [Fri Feb 12 19:20:12 2021] GET /video/type/1/ => generated 38825 bytes in 253 msecs (HTTP/1.0 200) 7 headers in 350 bytes (1 switches on core 1)
[pid: 233988|app: 0|req: 254/309] 43.227.136.16 () {42 vars in 871 bytes} [Fri Feb 12 20:13:22 2021] GET /video/ => generated 64210 bytes in 234 msecs (HTTP/1.1 200) 7 headers in 350 bytes (1 switches on core 0)
[pid: 233988|app: 0|req: 255/310] 43.227.136.16 () {42 vars in 978 bytes} [Fri Feb 12 20:13:37 2021] GET /video/search/?wd=%E5%93%88%E5%88%A9%E6%B3%A2%E7%89%B9&page=1 => generated 21796 bytes in 53 msecs (HTTP/1.1 200) 7 headers in 350 bytes (1 switches on core 1)
[pid: 233988|app: 0|req: 256/311] 43.227.136.16 () {42 vars in 978 bytes} [Fri Feb 12 20:13:37 2021] GET /video/search/?wd=%E5%93%88%E5%88%A9%E6%B3%A2%E7%89%B9&page=1 => generated 21796 bytes in 53 msecs (HTTP/1.1 200) 7 headers in 350 bytes (1 switches on core 0)
[pid: 233988|app: 0|req: 257/312] 43.227.136.16 () {44 vars in 991 bytes} [Fri Feb 12 20:13:56 2021] GET /video/play/38844/ => generated 15032 bytes in 5 msecs (HTTP/1.1 200) 7 headers in 350 bytes (1 switches on core 1)
[pid: 233988|app: 0|req: 258/313] 45.155.205.108 () {34 vars in 722 bytes} [Fri Feb 12 20:32:32 2021] GET /index.php?s=/Index/\think\app/invokefunction&function=call_user_func_array&vars[0]=md5&vars[1][]=HelloThinkPHP21 => generated 179 bytes in 1 msecs (HTTP/1.1 404) 5 headers in 158 bytes (1 switches on core 0)
[pid: 233989|app: 0|req: 31/314] 45.155.205.108 () {38 vars in 612 bytes} [Fri Feb 12 20:32:32 2021] POST /api/jsonws/invoke => generated 179 bytes in 1 msecs (HTTP/1.1 404) 5 headers in 158 bytes (1 switches on core 0)
[pid: 233991|app: 0|req: 8/315] 45.155.205.108 () {34 vars in 558 bytes} [Fri Feb 12 20:32:33 2021] GET /solr/admin/info/system?wt=json => generated 179 bytes in 1 msecs (HTTP/1.1 404) 5 headers in 158 bytes (1 switches on core 0)
[pid: 233990|app: 0|req: 19/316] 45.155.205.108 () {38 vars in 714 bytes} [Fri Feb 12 20:32:33 2021] POST /vendor/phpunit/phpunit/src/Util/PHP/eval-stdin.php => generated 179 bytes in 1 msecs (HTTP/1.1 404) 5 headers in 158 bytes (1 switches on core 0)
[pid: 233990|app: 0|req: 20/317] 45.155.205.108 () {36 vars in 655 bytes} [Fri Feb 12 20:32:33 2021] GET /?a=fetch&content=<php>die(@md5(HelloThinkCMF))</php> => generated 179 bytes in 1 msecs (HTTP/1.1 404) 5 headers in 158 bytes (1 switches on core 1)
[pid: 233989|app: 0|req: 32/318] 45.155.205.108 () {34 vars in 558 bytes} [Fri Feb 12 20:32:33 2021] GET /?XDEBUG_SESSION_START=phpstorm => generated 179 bytes in 1 msecs (HTTP/1.1 404) 5 headers in 158 bytes (1 switches on core 0)
[pid: 233989|app: 0|req: 33/319] 45.155.205.108 () {34 vars in 589 bytes} [Fri Feb 12 20:32:34 2021] GET /wp-content/plugins/wp-file-manager/readme.txt => generated 179 bytes in 1 msecs (HTTP/1.1 404) 5 headers in 158 bytes (1 switches on core 1)
[pid: 233988|app: 0|req: 259/320] 45.155.205.108 () {36 vars in 626 bytes} [Fri Feb 12 20:32:34 2021] GET /vendor/phpunit/phpunit/src/Util/PHP/eval-stdin.php => generated 179 bytes in 1 msecs (HTTP/1.1 404) 5 headers in 158 bytes (1 switches on core 0)
[pid: 233988|app: 0|req: 260/321] 45.155.205.108 () {34 vars in 515 bytes} [Fri Feb 12 20:32:34 2021] GET /console/ => generated 179 bytes in 2 msecs (HTTP/1.1 404) 5 headers in 158 bytes (1 switches on core 1)
[pid: 233990|app: 0|req: 21/322] 45.155.205.108 () {38 vars in 638 bytes} [Fri Feb 12 20:32:34 2021] POST /Autodiscover/Autodiscover.xml => generated 179 bytes in 1 msecs (HTTP/1.1 404) 5 headers in 158 bytes (1 switches on core 1)
[pid: 233990|app: 0|req: 22/323] 45.155.205.108 () {36 vars in 604 bytes} [Fri Feb 12 20:32:35 2021] GET /_ignition/execute-solution => generated 179 bytes in 1 msecs (HTTP/1.1 404) 5 headers in 158 bytes (1 switches on core 0)
[pid: 233988|app: 0|req: 261/324] 107.23.240.202 () {36 vars in 523 bytes} [Fri Feb 12 20:34:47 2021] GET / => generated 179 bytes in 1 msecs (HTTP/1.1 404) 5 headers in 158 bytes (1 switches on core 1)
[pid: 233988|app: 0|req: 262/325] 112.96.198.237 () {42 vars in 944 bytes} [Fri Feb 12 20:42:32 2021] GET /video/search/?wd=%E5%88%BA%E6%9D%80%E5%B0%8F%E8%AF%B4%E5%AE%B6&page=1 => generated 13637 bytes in 52 msecs (HTTP/1.1 200) 7 headers in 350 bytes (1 switches on core 1)
[pid: 233989|app: 0|req: 34/326] 117.155.57.29 () {44 vars in 1094 bytes} [Fri Feb 12 20:50:27 2021] GET /video/play/95617/ => generated 14695 bytes in 5 msecs (HTTP/1.1 200) 7 headers in 350 bytes (1 switches on core 1)
[pid: 233988|app: 0|req: 263/327] 117.155.57.29 () {46 vars in 1141 bytes} [Fri Feb 12 20:50:31 2021] GET /video/type/2/ => generated 34582 bytes in 141 msecs (HTTP/1.1 200) 7 headers in 350 bytes (1 switches on core 0)
[pid: 233988|app: 0|req: 264/328] 117.155.57.29 () {44 vars in 1086 bytes} [Fri Feb 12 20:50:34 2021] GET /video/type/2/ => generated 34582 bytes in 140 msecs (HTTP/1.1 200) 7 headers in 350 bytes (1 switches on core 1)
[pid: 233988|app: 0|req: 265/329] 117.155.57.29 () {46 vars in 1147 bytes} [Fri Feb 12 20:51:40 2021] GET /video/play/102505/ => generated 15181 bytes in 5 msecs (HTTP/1.1 200) 7 headers in 350 bytes (1 switches on core 0)
[pid: 233989|app: 0|req: 35/330] 117.155.57.29 () {46 vars in 1168 bytes} [Fri Feb 12 20:52:34 2021] GET /video/play/102505/1-1.html => generated 15181 bytes in 5 msecs (HTTP/1.1 200) 7 headers in 350 bytes (1 switches on core 0)
[pid: 233988|app: 0|req: 266/331] 117.155.57.29 () {46 vars in 1150 bytes} [Fri Feb 12 20:53:08 2021] GET /video/type/2/ => generated 34582 bytes in 141 msecs (HTTP/1.1 200) 7 headers in 350 bytes (1 switches on core 1)
[pid: 233989|app: 0|req: 36/332] 117.155.57.29 () {46 vars in 1137 bytes} [Fri Feb 12 20:53:09 2021] GET /video/type/2/ => generated 34582 bytes in 164 msecs (HTTP/1.1 200) 7 headers in 350 bytes (1 switches on core 1)
[pid: 233988|app: 0|req: 267/333] 117.155.57.29 () {46 vars in 1230 bytes} [Fri Feb 12 20:54:27 2021] GET /video/search/?wd=%E6%B5%81%E9%87%91%E5%B2%81%E6%9C%88&page=1 => generated 16067 bytes in 53 msecs (HTTP/1.1 200) 7 headers in 350 bytes (1 switches on core 0)
[pid: 233988|app: 0|req: 268/334] 191.45.65.105 () {32 vars in 466 bytes} [Fri Feb 12 20:54:34 2021] GET / => generated 179 bytes in 1 msecs (HTTP/1.1 404) 5 headers in 158 bytes (1 switches on core 1)
[pid: 233989|app: 0|req: 37/335] 117.155.57.29 () {46 vars in 1194 bytes} [Fri Feb 12 20:54:40 2021] GET /video/play/100274/ => generated 19507 bytes in 8 msecs (HTTP/1.1 200) 7 headers in 350 bytes (1 switches on core 0)
[pid: 233988|app: 0|req: 269/336] 117.155.57.29 () {46 vars in 1168 bytes} [Fri Feb 12 20:54:47 2021] GET /video/play/100274/1-1.html => generated 19507 bytes in 8 msecs (HTTP/1.1 200) 7 headers in 350 bytes (1 switches on core 1)
[pid: 233989|app: 0|req: 38/337] 117.155.57.29 () {46 vars in 1178 bytes} [Fri Feb 12 20:54:58 2021] GET /video/play/100274/1-36.html => generated 19508 bytes in 10 msecs (HTTP/1.1 200) 7 headers in 350 bytes (1 switches on core 1)
[pid: 233988|app: 0|req: 270/338] 132.232.90.95 () {40 vars in 578 bytes} [Fri Feb 12 20:56:42 2021] GET / => generated 179 bytes in 1 msecs (HTTP/1.1 404) 5 headers in 158 bytes (1 switches on core 0)
[pid: 233988|app: 0|req: 271/339] 117.155.57.29 () {44 vars in 1094 bytes} [Fri Feb 12 21:14:12 2021] GET /video/play/95617/ => generated 14695 bytes in 5 msecs (HTTP/1.1 200) 7 headers in 350 bytes (1 switches on core 0)
[pid: 233988|app: 0|req: 272/340] 117.155.57.29 () {44 vars in 1179 bytes} [Fri Feb 12 21:15:14 2021] GET /video/search/?wd=%E6%B5%81%E9%87%91%E5%B2%81%E6%9C%88&page=1 => generated 16067 bytes in 52 msecs (HTTP/1.1 200) 7 headers in 350 bytes (1 switches on core 1)
[pid: 233988|app: 0|req: 273/341] 117.155.57.29 () {46 vars in 1194 bytes} [Fri Feb 12 21:15:18 2021] GET /video/play/100274/ => generated 19507 bytes in 8 msecs (HTTP/1.1 200) 7 headers in 350 bytes (1 switches on core 0)
[pid: 233988|app: 0|req: 274/342] 117.155.57.29 () {46 vars in 1170 bytes} [Fri Feb 12 21:15:24 2021] GET /video/play/100274/1-36.html => generated 19508 bytes in 8 msecs (HTTP/1.1 200) 7 headers in 350 bytes (1 switches on core 1)
[pid: 233988|app: 0|req: 275/343] 41.76.154.226 () {32 vars in 466 bytes} [Fri Feb 12 21:34:18 2021] GET / => generated 179 bytes in 1 msecs (HTTP/1.1 404) 5 headers in 158 bytes (1 switches on core 0)
[pid: 233988|app: 0|req: 276/344] 192.241.195.53 () {34 vars in 430 bytes} [Fri Feb 12 22:10:44 2021] GET /manager/text/list => generated 179 bytes in 1 msecs (HTTP/1.1 404) 5 headers in 158 bytes (1 switches on core 1)
[pid: 233988|app: 0|req: 277/345] 192.241.223.189 () {34 vars in 397 bytes} [Fri Feb 12 22:38:46 2021] GET / => generated 179 bytes in 1 msecs (HTTP/1.1 404) 5 headers in 158 bytes (1 switches on core 1)
[pid: 233988|app: 0|req: 278/346] 180.149.125.173 () {34 vars in 493 bytes} [Fri Feb 12 23:21:17 2021] GET /c/ => generated 179 bytes in 1 msecs (HTTP/1.1 404) 5 headers in 158 bytes (1 switches on core 0)
[pid: 233988|app: 0|req: 279/347] 223.73.88.98 () {44 vars in 892 bytes} [Fri Feb 12 23:35:47 2021] GET /admin/view_log/ => generated 23756 bytes in 14 msecs (HTTP/1.1 200) 6 headers in 182 bytes (1 switches on core 0)
[pid: 233988|app: 0|req: 280/348] 223.73.88.98 () {44 vars in 901 bytes} [Fri Feb 12 23:35:51 2021] GET /admin/view_log/?page=2 => generated 23473 bytes in 13 msecs (HTTP/1.1 200) 6 headers in 182 bytes (1 switches on core 1)
[pid: 233988|app: 0|req: 281/349] 223.73.88.98 () {44 vars in 908 bytes} [Fri Feb 12 23:36:52 2021] GET /admin/view_log/?page=3 => generated 17790 bytes in 13 msecs (HTTP/1.1 200) 6 headers in 182 bytes (1 switches on core 0)
[pid: 233988|app: 0|req: 282/350] 168.196.47.22 () {32 vars in 466 bytes} [Fri Feb 12 23:36:53 2021] GET / => generated 179 bytes in 1 msecs (HTTP/1.1 404) 5 headers in 158 bytes (1 switches on core 1)
[pid: 233991|app: 0|req: 9/351] 223.73.88.98 () {44 vars in 961 bytes} [Fri Feb 12 23:37:08 2021] GET /video/search/?wd=%E8%97%8F%E5%AE%9D%E5%9B%BE&page=1 => generated 14412 bytes in 54 msecs (HTTP/1.1 200) 7 headers in 350 bytes (1 switches on core 0)
[pid: 233988|app: 0|req: 283/352] 223.73.88.98 () {44 vars in 928 bytes} [Fri Feb 12 23:37:10 2021] GET /video/play/91590/ => generated 14325 bytes in 5 msecs (HTTP/1.1 200) 7 headers in 350 bytes (1 switches on core 1)
[pid: 233991|app: 0|req: 10/353] 223.73.88.98 () {44 vars in 903 bytes} [Fri Feb 12 23:37:32 2021] GET /admin/update_video/ => generated 19539 bytes in 2 msecs (HTTP/1.1 200) 6 headers in 182 bytes (1 switches on core 1)
[pid: 233990|app: 0|req: 23/354] 223.73.88.98 () {44 vars in 924 bytes} [Fri Feb 12 23:37:36 2021] GET /admin/remove_douban_data/?vod_id=91590 => generated 97 bytes in 14 msecs (HTTP/1.1 200) 6 headers in 179 bytes (1 switches on core 0)
[pid: 233990|app: 0|req: 24/355] 223.73.88.98 () {44 vars in 928 bytes} [Fri Feb 12 23:37:40 2021] GET /video/play/91590/ => generated 14161 bytes in 9 msecs (HTTP/1.1 200) 7 headers in 350 bytes (1 switches on core 1)
木兰特工之藏宝图 35165354 proxy: 61.160.210.234:808 Status Code： 400 重试
get_80s Exception:  not enough arguments for format string
Traceback (most recent call last):
  File "/usr/local/lib/python3.8/dist-packages/urllib3/connectionpool.py", line 594, in urlopen
    self._prepare_proxy(conn)
  File "/usr/local/lib/python3.8/dist-packages/urllib3/connectionpool.py", line 805, in _prepare_proxy
    conn.connect()
  File "/usr/local/lib/python3.8/dist-packages/urllib3/connection.py", line 308, in connect
    self._tunnel()
  File "/usr/lib/python3.8/http/client.py", line 900, in _tunnel
    (version, code, message) = response._read_status()
  File "/usr/lib/python3.8/http/client.py", line 268, in _read_status
    line = str(self.fp.readline(_MAXLINE + 1), "iso-8859-1")
  File "/usr/lib/python3.8/socket.py", line 669, in readinto
    return self._sock.recv_into(b)
socket.timeout: timed out

During handling of the above exception, another exception occurred:

Traceback (most recent call last):
  File "/usr/local/lib/python3.8/dist-packages/requests/adapters.py", line 439, in send
    resp = conn.urlopen(
  File "/usr/local/lib/python3.8/dist-packages/urllib3/connectionpool.py", line 637, in urlopen
    retries = retries.increment(method, url, error=e, _pool=self,
  File "/usr/local/lib/python3.8/dist-packages/urllib3/util/retry.py", line 398, in increment
    raise MaxRetryError(_pool, url, error or ResponseError(cause))
urllib3.exceptions.MaxRetryError: HTTPSConnectionPool(host='api.douban.com', port=443): Max retries exceeded with url: /v2/movie/subject/35165354?apikey=0df993c66c0c636e29ecbb5344252a4a (Caused by ProxyError('Cannot connect to proxy.', timeout('timed out')))

During handling of the above exception, another exception occurred:

Traceback (most recent call last):
  File "./video/func/getRequest.py", line 96, in get_json
    response = requests.get(
  File "/usr/local/lib/python3.8/dist-packages/requests/api.py", line 75, in get
    return request('get', url, params=params, **kwargs)
  File "/usr/local/lib/python3.8/dist-packages/requests/api.py", line 60, in request
    return session.request(method=method, url=url, **kwargs)
  File "/usr/local/lib/python3.8/dist-packages/requests/sessions.py", line 533, in request
    resp = self.send(prep, **send_kwargs)
  File "/usr/local/lib/python3.8/dist-packages/requests/sessions.py", line 646, in send
    r = adapter.send(request, **kwargs)
  File "/usr/local/lib/python3.8/dist-packages/requests/adapters.py", line 510, in send
    raise ProxyError(e, request=request)
requests.exceptions.ProxyError: HTTPSConnectionPool(host='api.douban.com', port=443): Max retries exceeded with url: /v2/movie/subject/35165354?apikey=0df993c66c0c636e29ecbb5344252a4a (Caused by ProxyError('Cannot connect to proxy.', timeout('timed out')))

During handling of the above exception, another exception occurred:

Traceback (most recent call last):
  File "./video/func/GetPageData.py", line 298, in getRating
    vod_info = getRequest.get_json(url,is_proxy=1)
  File "./video/func/getRequest.py", line 113, in get_json
    print('爬虫网站%s 请求错误%s' % (url))
TypeError: not enough arguments for format string
None
保存成功[douban]
[pid: 233988|app: 0|req: 284/356] 223.73.88.98 () {52 vars in 1164 bytes} [Fri Feb 12 23:37:47 2021] POST /admin/get_rating_by_name/ => generated 51 bytes in 5686 msecs (HTTP/1.1 200) 6 headers in 179 bytes (1 switches on core 0)
[pid: 233988|app: 0|req: 285/357] 223.73.88.98 () {44 vars in 928 bytes} [Fri Feb 12 23:38:27 2021] GET /video/play/91590/ => generated 14161 bytes in 5 msecs (HTTP/1.1 200) 7 headers in 350 bytes (1 switches on core 1)
[1613145602] logsize: 61220, triggering log-reopen...
