[1620489609] ./uwsgi.log reopened.
保存出错：UNIQUE constraint failed: video_videodata.vod_id
[2021-05-09 00:07:35] [ERROR] 56保存出现错误
保存出错：UNIQUE constraint failed: video_videodata.vod_id
[2021-05-09 00:29:44] [ERROR] 83保存出现错误
保存出错：UNIQUE constraint failed: video_videodata.vod_id
[2021-05-09 01:39:35] [ERROR] 10保存出现错误
保存出错：UNIQUE constraint failed: video_videodata.vod_id
[2021-05-09 01:39:44] [ERROR] 136保存出现错误
保存出错：UNIQUE constraint failed: video_videodata.vod_id
[2021-05-09 01:40:08] [ERROR] 80保存出现错误
保存出错：UNIQUE constraint failed: video_videodata.vod_id
[2021-05-09 01:44:06] [ERROR] 114保存出现错误
保存出错：UNIQUE constraint failed: video_videodata.vod_id
[2021-05-09 01:44:06] [ERROR] 12保存出现错误
保存出错：UNIQUE constraint failed: video_videodata.vod_id
[2021-05-09 01:44:07] [ERROR] 92保存出现错误
[pid: 2227272|app: 0|req: 8/2066] 128.14.141.34 () {34 vars in 489 bytes} [Sun May  9 01:47:06 2021] GET / => generated 179 bytes in 32 msecs (HTTP/1.1 404) 5 headers in 158 bytes (1 switches on core 1)
保存出错：UNIQUE constraint failed: video_videodata.vod_id
[2021-05-09 01:47:46] [ERROR] 149保存出现错误
保存出错：UNIQUE constraint failed: video_videodata.vod_id
[2021-05-09 01:47:58] [ERROR] 94保存出现错误
保存出错：UNIQUE constraint failed: video_videodata.vod_id
[2021-05-09 01:48:13] [ERROR] 115保存出现错误
保存出错：UNIQUE constraint failed: video_videodata.vod_id
[2021-05-09 01:51:28] [ERROR] 67保存出现错误
保存出错：UNIQUE constraint failed: video_videodata.vod_id
[2021-05-09 01:52:21] [ERROR] 139保存出现错误
保存出错：UNIQUE constraint failed: video_videodata.vod_id
[2021-05-09 01:53:18] [ERROR] 35保存出现错误
保存出错：UNIQUE constraint failed: video_videodata.vod_id
[2021-05-09 01:56:10] [ERROR] 68保存出现错误
保存出错：UNIQUE constraint failed: video_videodata.vod_id
[2021-05-09 01:56:28] [ERROR] 146保存出现错误
保存出错：UNIQUE constraint failed: video_videodata.vod_id
[2021-05-09 01:56:34] [ERROR] 95保存出现错误
保存出错：UNIQUE constraint failed: video_videodata.vod_id
[2021-05-09 02:00:36] [ERROR] 29保存出现错误
保存出错：UNIQUE constraint failed: video_videodata.vod_id
[2021-05-09 02:00:46] [ERROR] 59保存出现错误
保存出错：UNIQUE constraint failed: video_videodata.vod_id
[2021-05-09 02:01:11] [ERROR] 82保存出现错误
保存出错：UNIQUE constraint failed: video_videodata.vod_id
[2021-05-09 02:04:20] [ERROR] 36保存出现错误
保存出错：UNIQUE constraint failed: video_videodata.vod_id
[2021-05-09 02:04:45] [ERROR] 128保存出现错误
保存出错：UNIQUE constraint failed: video_videodata.vod_id
[2021-05-09 02:04:57] [ERROR] 38保存出现错误
保存出错：UNIQUE constraint failed: video_videodata.vod_id
[2021-05-09 02:07:06] [ERROR] 55保存出现错误
保存出错：UNIQUE constraint failed: video_videodata.vod_id
[2021-05-09 02:07:55] [ERROR] 138保存出现错误
保存出错：UNIQUE constraint failed: video_videodata.vod_id
[2021-05-09 02:08:52] [ERROR] 72保存出现错误
保存出错：UNIQUE constraint failed: video_videodata.vod_id
[2021-05-09 02:11:47] [ERROR] 60保存出现错误
保存出错：UNIQUE constraint failed: video_videodata.vod_id
[2021-05-09 02:14:26] [ERROR] 131保存出现错误
保存出错：UNIQUE constraint failed: video_videodata.vod_id
[2021-05-09 02:15:15] [ERROR] 22保存出现错误
保存出错：UNIQUE constraint failed: video_videodata.vod_id
[2021-05-09 02:16:31] [ERROR] 23保存出现错误
DAMN ! worker 3 (pid: 2227274) died, killed by signal 9 :( trying respawn ...
Respawned uWSGI worker 3 (new pid: 260472)
[pid: 260472|app: 0|req: 2014/2067] 47.103.203.189 () {40 vars in 633 bytes} [Sun May  9 02:30:32 2021] POST /_ignition/execute-solution => generated 179 bytes in 622 msecs (HTTP/1.1 404) 5 headers in 158 bytes (1 switches on core 0)
[pid: 260472|app: 0|req: 2015/2068] 47.103.203.189 () {40 vars in 713 bytes} [Sun May  9 02:30:33 2021] POST /vendor/phpunit/phpunit/src/Util/PHP/eval-stdin.php => generated 179 bytes in 2 msecs (HTTP/1.1 404) 5 headers in 158 bytes (1 switches on core 1)
[pid: 2227275|app: 0|req: 47/2069] 47.103.203.189 () {38 vars in 533 bytes} [Sun May  9 02:30:33 2021] GET /login => generated 179 bytes in 1 msecs (HTTP/1.1 404) 5 headers in 158 bytes (1 switches on core 0)
[pid: 2227273|app: 0|req: 1/2070] 47.103.203.189 () {38 vars in 549 bytes} [Sun May  9 02:30:33 2021] GET /jenkins/login => generated 179 bytes in 404 msecs (HTTP/1.1 404) 5 headers in 158 bytes (1 switches on core 1)
[pid: 260472|app: 0|req: 2016/2071] 47.103.203.189 () {40 vars in 599 bytes} [Sun May  9 02:30:33 2021] GET /manager/html => generated 179 bytes in 1 msecs (HTTP/1.1 404) 5 headers in 158 bytes (1 switches on core 0)
[pid: 2227273|app: 0|req: 2/2072] 47.103.203.189 () {38 vars in 547 bytes} [Sun May  9 02:30:33 2021] GET /wp-login.php => generated 179 bytes in 1 msecs (HTTP/1.1 404) 5 headers in 158 bytes (1 switches on core 0)
[pid: 260472|app: 0|req: 2017/2073] 221.162.31.41 () {38 vars in 531 bytes} [Sun May  9 03:07:42 2021] GET / => generated 179 bytes in 25 msecs (HTTP/1.0 404) 5 headers in 158 bytes (1 switches on core 1)
[pid: 260472|app: 0|req: 2018/2074] 177.87.218.29 () {32 vars in 466 bytes} [Sun May  9 03:52:57 2021] GET / => generated 179 bytes in 37 msecs (HTTP/1.1 404) 5 headers in 158 bytes (1 switches on core 0)
[pid: 260472|app: 0|req: 2019/2075] 198.12.71.108 () {34 vars in 445 bytes} [Sun May  9 04:17:46 2021] GET / => generated 179 bytes in 26 msecs (HTTP/1.1 404) 5 headers in 158 bytes (1 switches on core 1)
[pid: 260472|app: 0|req: 2020/2076] 118.126.124.141 () {38 vars in 567 bytes} [Sun May  9 04:39:02 2021] GET /phpmyadmin/ => generated 179 bytes in 53 msecs (HTTP/1.1 404) 5 headers in 158 bytes (1 switches on core 0)
[pid: 260472|app: 0|req: 2021/2077] 186.226.162.23 () {32 vars in 467 bytes} [Sun May  9 05:05:45 2021] GET / => generated 179 bytes in 26 msecs (HTTP/1.0 404) 5 headers in 158 bytes (1 switches on core 1)
[pid: 260472|app: 0|req: 2022/2078] 118.126.124.7 () {38 vars in 600 bytes} [Sun May  9 05:20:57 2021] GET /_ignition/execute-solution => generated 179 bytes in 27 msecs (HTTP/1.1 404) 5 headers in 158 bytes (1 switches on core 0)
[pid: 260472|app: 0|req: 2023/2079] 193.118.53.202 () {34 vars in 490 bytes} [Sun May  9 06:12:38 2021] GET / => generated 179 bytes in 41 msecs (HTTP/1.1 404) 5 headers in 158 bytes (1 switches on core 1)
[pid: 260472|app: 0|req: 2024/2080] 62.210.196.59 () {36 vars in 564 bytes} [Sun May  9 07:30:01 2021] GET / => generated 179 bytes in 40 msecs (HTTP/1.1 404) 5 headers in 158 bytes (1 switches on core 0)
[pid: 260472|app: 0|req: 2025/2081] 62.210.196.59 () {38 vars in 614 bytes} [Sun May  9 07:30:01 2021] GET /HNAP1/ => generated 179 bytes in 1 msecs (HTTP/1.1 404) 5 headers in 158 bytes (1 switches on core 1)
[pid: 260472|app: 0|req: 2026/2082] 23.251.102.74 () {34 vars in 489 bytes} [Sun May  9 08:01:06 2021] GET / => generated 179 bytes in 58 msecs (HTTP/1.1 404) 5 headers in 158 bytes (1 switches on core 1)
[pid: 260472|app: 0|req: 2027/2083] 195.184.5.201 () {32 vars in 466 bytes} [Sun May  9 08:16:58 2021] GET / => generated 179 bytes in 29 msecs (HTTP/1.1 404) 5 headers in 158 bytes (1 switches on core 0)
[pid: 260472|app: 0|req: 2028/2084] 23.148.145.29 () {30 vars in 407 bytes} [Sun May  9 08:23:31 2021] GET /vicidial/admin.php?ADD=140000000000 => generated 179 bytes in 31 msecs (HTTP/1.1 404) 5 headers in 158 bytes (1 switches on core 1)
[pid: 260472|app: 0|req: 2029/2085] 180.149.125.175 () {34 vars in 493 bytes} [Sun May  9 08:54:33 2021] GET /c/ => generated 179 bytes in 24 msecs (HTTP/1.1 404) 5 headers in 158 bytes (1 switches on core 0)
[pid: 260472|app: 0|req: 2030/2086] 186.236.142.242 () {32 vars in 468 bytes} [Sun May  9 08:59:18 2021] GET / => generated 179 bytes in 27 msecs (HTTP/1.1 404) 5 headers in 158 bytes (1 switches on core 1)
[pid: 260472|app: 0|req: 2031/2087] 220.194.106.61 () {38 vars in 1711 bytes} [Sun May  9 09:11:09 2021] GET /console/ => generated 179 bytes in 28 msecs (HTTP/1.1 404) 5 headers in 158 bytes (1 switches on core 0)
[pid: 260472|app: 0|req: 2032/2088] 118.126.124.141 () {38 vars in 560 bytes} [Sun May  9 09:11:09 2021] GET /console/ => generated 179 bytes in 1 msecs (HTTP/1.1 404) 5 headers in 158 bytes (1 switches on core 1)
[pid: 260472|app: 0|req: 2033/2089] 45.155.205.181 () {38 vars in 714 bytes} [Sun May  9 09:29:17 2021] POST /vendor/phpunit/phpunit/src/Util/PHP/eval-stdin.php => generated 179 bytes in 26 msecs (HTTP/1.1 404) 5 headers in 158 bytes (1 switches on core 0)
[pid: 260472|app: 0|req: 2034/2090] 45.155.205.181 () {36 vars in 626 bytes} [Sun May  9 09:29:17 2021] GET /vendor/phpunit/phpunit/src/Util/PHP/eval-stdin.php => generated 179 bytes in 1 msecs (HTTP/1.1 404) 5 headers in 158 bytes (1 switches on core 1)
[pid: 2227275|app: 0|req: 48/2091] 45.155.205.181 () {38 vars in 612 bytes} [Sun May  9 09:29:18 2021] POST /api/jsonws/invoke => generated 179 bytes in 1 msecs (HTTP/1.1 404) 5 headers in 158 bytes (1 switches on core 1)
[pid: 2227272|app: 0|req: 9/2092] 45.155.205.181 () {34 vars in 558 bytes} [Sun May  9 09:29:18 2021] GET /solr/admin/info/system?wt=json => generated 179 bytes in 1 msecs (HTTP/1.1 404) 5 headers in 158 bytes (1 switches on core 0)
[pid: 2227273|app: 0|req: 3/2093] 45.155.205.181 () {34 vars in 722 bytes} [Sun May  9 09:29:19 2021] GET /index.php?s=/Index/\think\app/invokefunction&function=call_user_func_array&vars[0]=md5&vars[1][]=HelloThinkPHP21 => generated 179 bytes in 3 msecs (HTTP/1.1 404) 5 headers in 158 bytes (1 switches on core 0)
[pid: 2227273|app: 0|req: 4/2094] 45.155.205.181 () {34 vars in 558 bytes} [Sun May  9 09:29:22 2021] GET /?XDEBUG_SESSION_START=phpstorm => generated 179 bytes in 11 msecs (HTTP/1.1 404) 5 headers in 158 bytes (1 switches on core 1)
[pid: 2227272|app: 0|req: 10/2095] 45.155.205.181 () {34 vars in 589 bytes} [Sun May  9 09:29:27 2021] GET /wp-content/plugins/wp-file-manager/readme.txt => generated 179 bytes in 10 msecs (HTTP/1.1 404) 5 headers in 158 bytes (1 switches on core 0)
[pid: 260472|app: 0|req: 2035/2096] 45.155.205.181 () {36 vars in 655 bytes} [Sun May  9 09:29:27 2021] GET /?a=fetch&content=<php>die(@md5(HelloThinkCMF))</php> => generated 179 bytes in 4 msecs (HTTP/1.1 404) 5 headers in 158 bytes (1 switches on core 1)
[pid: 2227272|app: 0|req: 11/2097] 45.155.205.181 () {38 vars in 638 bytes} [Sun May  9 09:29:30 2021] POST /Autodiscover/Autodiscover.xml => generated 179 bytes in 13 msecs (HTTP/1.1 404) 5 headers in 158 bytes (1 switches on core 1)
[pid: 2227275|app: 0|req: 49/2098] 45.155.205.181 () {36 vars in 604 bytes} [Sun May  9 09:29:31 2021] GET /_ignition/execute-solution => generated 179 bytes in 1 msecs (HTTP/1.1 404) 5 headers in 158 bytes (1 switches on core 1)
[pid: 2227275|app: 0|req: 50/2099] 45.155.205.181 () {34 vars in 515 bytes} [Sun May  9 09:29:36 2021] GET /console/ => generated 179 bytes in 18 msecs (HTTP/1.1 404) 5 headers in 158 bytes (1 switches on core 0)
[pid: 260472|app: 0|req: 2036/2100] 192.241.214.228 () {34 vars in 397 bytes} [Sun May  9 10:38:28 2021] GET / => generated 179 bytes in 26 msecs (HTTP/1.1 404) 5 headers in 158 bytes (1 switches on core 0)
[pid: 260472|app: 0|req: 2037/2101] 103.206.31.2 () {32 vars in 356 bytes} [Sun May  9 11:08:20 2021] GET / => generated 179 bytes in 41 msecs (HTTP/1.1 404) 5 headers in 158 bytes (1 switches on core 1)
*** Starting uWSGI 2.0.19.1 (64bit) on [Sun May  9 11:31:25 2021] ***
compiled with version: 9.3.0 on 03 January 2021 16:54:23
os: Linux-5.4.0-42-generic #46-Ubuntu SMP Fri Jul 10 00:24:02 UTC 2020
nodename: VM-8-16-ubuntu
machine: x86_64
clock source: unix
detected number of CPU cores: 1
current working directory: /home/ubuntu/git/django_project
writing pidfile to ./uwsgi.pid
detected binary path: /usr/local/bin/uwsgi
!!! no internal routing support, rebuild with pcre support !!!
chdir() to /home/ubuntu/git/django_project
your processes number limit is 7582
your memory page size is 4096 bytes
detected max file descriptor number: 1024
lock engine: pthread robust mutexes
thunder lock: disabled (you can enable it with --thunder-lock)
uwsgi socket 0 bound to TCP address 127.0.0.1:8001 fd 6
Python version: 3.8.5 (default, Jul 28 2020, 12:59:40)  [GCC 9.3.0]
Python main interpreter initialized at 0x55facc858aa0
python threads support enabled
your server socket listen backlog is limited to 100 connections
your mercy for graceful operations on workers is 60 seconds
mapped 416720 bytes (406 KB) for 8 cores
*** Operational MODE: preforking+threaded ***
WSGI app 0 (mountpoint='') ready in 1 seconds on interpreter 0x55facc858aa0 pid: 353088 (default app)
*** uWSGI is running in multiple interpreter mode ***
spawned uWSGI master process (pid: 353088)
spawned uWSGI worker 1 (pid: 353091, cores: 2)
spawned uWSGI worker 2 (pid: 353092, cores: 2)
spawned uWSGI worker 3 (pid: 353093, cores: 2)
spawned uWSGI worker 4 (pid: 353094, cores: 2)
[pid: 353093|app: 0|req: 1/1] 183.27.44.238 () {46 vars in 967 bytes} [Sun May  9 11:31:33 2021] GET /admin/view_log/ => generated 22234 bytes in 519 msecs (HTTP/1.1 200) 6 headers in 182 bytes (1 switches on core 0)
[pid: 353091|app: 0|req: 1/2] 183.27.44.238 () {46 vars in 942 bytes} [Sun May  9 11:31:36 2021] GET /admin/ => generated 30384 bytes in 343 msecs (HTTP/1.1 200) 7 headers in 350 bytes (1 switches on core 0)
管理员设置：0
[pid: 353091|app: 0|req: 2/3] 183.27.44.238 () {46 vars in 891 bytes} [Sun May  9 11:31:40 2021] GET /admin/set_admin_flag/?flag=0 => generated 4 bytes in 8 msecs (HTTP/1.1 200) 6 headers in 178 bytes (1 switches on core 1)
管理员设置：1
[pid: 353094|app: 0|req: 1/4] 183.27.44.238 () {46 vars in 891 bytes} [Sun May  9 11:31:41 2021] GET /admin/set_admin_flag/?flag=1 => generated 4 bytes in 348 msecs (HTTP/1.1 200) 6 headers in 178 bytes (1 switches on core 1)
--------2021-05-09 11:31:43 站点2开始更新--------
[pid: 353091|app: 0|req: 4/5] 183.27.44.238 () {46 vars in 955 bytes} [Sun May  9 11:31:44 2021] GET /admin/update_log/ => generated 19933 bytes in 70 msecs (HTTP/1.1 200) 6 headers in 182 bytes (1 switches on core 1)
爬虫网站http://cj.bajiecaiji.com/返回状态码错误：403 proxy: 
[pid: 353091|app: 0|req: 5/6] 183.27.44.238 () {46 vars in 962 bytes} [Sun May  9 11:31:51 2021] GET /admin/view_log/ => generated 22722 bytes in 25 msecs (HTTP/1.1 200) 6 headers in 182 bytes (1 switches on core 1)
[pid: 353091|app: 0|req: 6/7] 183.27.44.238 () {46 vars in 973 bytes} [Sun May  9 11:31:57 2021] GET /admin/view_log/?page=1 => generated 22849 bytes in 14 msecs (HTTP/1.1 200) 6 headers in 182 bytes (1 switches on core 1)
保存出错：database is locked
保存出错：database is locked
保存出错：database is locked
[2021-05-09 11:32:26] [ERROR] 20保存出现错误
[2021-05-09 11:32:26] [ERROR] 24保存出现错误
[2021-05-09 11:32:26] [ERROR] 23保存出现错误
[pid: 353091|app: 0|req: 7/8] 183.27.44.238 () {46 vars in 980 bytes} [Sun May  9 11:32:30 2021] GET /admin/view_log/?page=2 => generated 16974 bytes in 66 msecs (HTTP/1.1 200) 6 headers in 182 bytes (1 switches on core 1)
[pid: 353091|app: 0|req: 8/9] 183.27.44.238 () {46 vars in 980 bytes} [Sun May  9 11:32:36 2021] GET /admin/view_log/?page=2 => generated 17041 bytes in 24 msecs (HTTP/1.1 200) 6 headers in 182 bytes (1 switches on core 1)
[pid: 353091|app: 0|req: 9/10] 183.27.44.238 () {46 vars in 980 bytes} [Sun May  9 11:32:37 2021] GET /admin/view_log/?page=2 => generated 17108 bytes in 30 msecs (HTTP/1.1 200) 6 headers in 182 bytes (1 switches on core 1)
[pid: 353091|app: 0|req: 10/11] 183.27.44.238 () {46 vars in 980 bytes} [Sun May  9 11:32:39 2021] GET /admin/view_log/?page=2 => generated 17175 bytes in 9 msecs (HTTP/1.1 200) 6 headers in 182 bytes (1 switches on core 1)
[pid: 353094|app: 0|req: 2/12] 183.27.44.238 () {46 vars in 980 bytes} [Sun May  9 11:32:56 2021] GET /admin/view_log/?page=2 => generated 17242 bytes in 83 msecs (HTTP/1.1 200) 6 headers in 182 bytes (1 switches on core 0)
保存出错：database is locked
[2021-05-09 11:32:58] [ERROR] 22保存出现错误
保存出错：database is locked
[2021-05-09 11:32:58] [ERROR] 21保存出现错误
[pid: 353091|app: 0|req: 11/13] 183.27.44.238 () {46 vars in 980 bytes} [Sun May  9 11:32:59 2021] GET /admin/view_log/?page=2 => generated 17479 bytes in 20 msecs (HTTP/1.1 200) 6 headers in 182 bytes (1 switches on core 1)
[pid: 353091|app: 0|req: 12/14] 183.27.44.238 () {46 vars in 980 bytes} [Sun May  9 11:33:02 2021] GET /admin/view_log/?page=1 => generated 22915 bytes in 9 msecs (HTTP/1.1 200) 6 headers in 182 bytes (1 switches on core 1)
[pid: 353091|app: 0|req: 13/15] 183.27.44.238 () {46 vars in 949 bytes} [Sun May  9 11:33:06 2021] GET /admin/ => generated 30384 bytes in 16 msecs (HTTP/1.1 200) 7 headers in 350 bytes (1 switches on core 1)
[pid: 353091|app: 0|req: 14/16] 183.27.44.238 () {46 vars in 949 bytes} [Sun May  9 11:33:11 2021] GET /admin/ => generated 30384 bytes in 9 msecs (HTTP/1.1 200) 7 headers in 350 bytes (1 switches on core 1)
[pid: 353091|app: 0|req: 15/17] 183.27.44.238 () {46 vars in 949 bytes} [Sun May  9 11:33:13 2021] GET /admin/ => generated 30384 bytes in 10 msecs (HTTP/1.1 200) 7 headers in 350 bytes (1 switches on core 1)
[pid: 353091|app: 0|req: 16/18] 183.27.44.238 () {46 vars in 949 bytes} [Sun May  9 11:33:20 2021] GET /admin/ => generated 30384 bytes in 1 msecs (HTTP/1.1 200) 7 headers in 350 bytes (1 switches on core 1)
[pid: 353094|app: 0|req: 3/19] 183.27.44.238 () {46 vars in 967 bytes} [Sun May  9 11:33:21 2021] GET /admin/view_log/ => generated 22915 bytes in 20 msecs (HTTP/1.1 200) 6 headers in 182 bytes (1 switches on core 1)
保存出错：database is locked
[2021-05-09 11:33:34] [ERROR] 17保存出现错误
[pid: 353091|app: 0|req: 17/20] 183.27.44.238 () {46 vars in 942 bytes} [Sun May  9 11:33:37 2021] GET /admin/ => generated 30384 bytes in 3 msecs (HTTP/1.1 200) 7 headers in 350 bytes (1 switches on core 1)
--------2021-05-09 11:33:40 站点2开始更新--------
[pid: 353091|app: 0|req: 18/21] 183.27.44.238 () {46 vars in 951 bytes} [Sun May  9 11:33:42 2021] GET /admin/view_log/ => generated 22915 bytes in 9 msecs (HTTP/1.1 200) 6 headers in 182 bytes (1 switches on core 1)
[pid: 353091|app: 0|req: 19/22] 183.27.44.238 () {46 vars in 973 bytes} [Sun May  9 11:33:45 2021] GET /admin/view_log/?page=2 => generated 18129 bytes in 10 msecs (HTTP/1.1 200) 6 headers in 182 bytes (1 switches on core 1)
保存出错：database is locked
[2021-05-09 11:33:55] [ERROR] 19保存出现错误
[pid: 353091|app: 0|req: 20/23] 183.27.44.238 () {46 vars in 949 bytes} [Sun May  9 11:33:56 2021] GET /admin/ => generated 30384 bytes in 67 msecs (HTTP/1.1 200) 7 headers in 350 bytes (1 switches on core 1)
管理员设置：0
[pid: 353091|app: 0|req: 21/24] 183.27.44.238 () {46 vars in 891 bytes} [Sun May  9 11:33:58 2021] GET /admin/set_admin_flag/?flag=0 => generated 4 bytes in 19 msecs (HTTP/1.1 200) 6 headers in 178 bytes (1 switches on core 1)
[pid: 353091|app: 0|req: 22/25] 183.27.44.238 () {46 vars in 933 bytes} [Sun May  9 11:34:00 2021] GET /admin/ => generated 30384 bytes in 5 msecs (HTTP/1.1 200) 7 headers in 350 bytes (1 switches on core 1)
[pid: 353091|app: 0|req: 23/26] 183.27.44.238 () {46 vars in 951 bytes} [Sun May  9 11:34:02 2021] GET /admin/view_log/ => generated 22915 bytes in 13 msecs (HTTP/1.1 200) 6 headers in 182 bytes (1 switches on core 1)
[pid: 353091|app: 0|req: 24/27] 183.27.44.238 () {46 vars in 973 bytes} [Sun May  9 11:34:05 2021] GET /admin/view_log/?page=2 => generated 18536 bytes in 8 msecs (HTTP/1.1 200) 6 headers in 182 bytes (1 switches on core 1)
获取到page: 100
保存出错：database is locked
[2021-05-09 11:34:54] [ERROR] 149保存出现错误
Exception in thread Thread-6:
Traceback (most recent call last):
  File "/usr/local/lib/python3.8/dist-packages/urllib3/response.py", line 360, in _error_catcher
    yield
  File "/usr/local/lib/python3.8/dist-packages/urllib3/response.py", line 666, in read_chunked
    self._update_chunk_length()
  File "/usr/local/lib/python3.8/dist-packages/urllib3/response.py", line 598, in _update_chunk_length
    line = self._fp.fp.readline()
  File "/usr/lib/python3.8/socket.py", line 669, in readinto
    return self._sock.recv_into(b)
socket.timeout: timed out

During handling of the above exception, another exception occurred:

Traceback (most recent call last):
  File "/usr/local/lib/python3.8/dist-packages/requests/models.py", line 750, in generate
    for chunk in self.raw.stream(chunk_size, decode_content=True):
  File "/usr/local/lib/python3.8/dist-packages/urllib3/response.py", line 490, in stream
    for line in self.read_chunked(amt, decode_content=decode_content):
  File "/usr/local/lib/python3.8/dist-packages/urllib3/response.py", line 694, in read_chunked
    self._original_response.close()
  File "/usr/lib/python3.8/contextlib.py", line 131, in __exit__
    self.gen.throw(type, value, traceback)
  File "/usr/local/lib/python3.8/dist-packages/urllib3/response.py", line 365, in _error_catcher
    raise ReadTimeoutError(self._pool, None, 'Read timed out.')
urllib3.exceptions.ReadTimeoutError: HTTPConnectionPool(host='cj.bajiecaiji.com', port=80): Read timed out.

During handling of the above exception, another exception occurred:

Traceback (most recent call last):
  File "./video/func/getRequest.py", line 96, in get_json
    response = requests.get(
  File "/usr/local/lib/python3.8/dist-packages/requests/api.py", line 75, in get
    return request('get', url, params=params, **kwargs)
  File "/usr/local/lib/python3.8/dist-packages/requests/api.py", line 60, in request
    return session.request(method=method, url=url, **kwargs)
  File "/usr/local/lib/python3.8/dist-packages/requests/sessions.py", line 533, in request
    resp = self.send(prep, **send_kwargs)
  File "/usr/local/lib/python3.8/dist-packages/requests/sessions.py", line 686, in send
    r.content
  File "/usr/local/lib/python3.8/dist-packages/requests/models.py", line 828, in content
    self._content = b''.join(self.iter_content(CONTENT_CHUNK_SIZE)) or b''
  File "/usr/local/lib/python3.8/dist-packages/requests/models.py", line 757, in generate
    raise ConnectionError(e)
requests.exceptions.ConnectionError: HTTPConnectionPool(host='cj.bajiecaiji.com', port=80): Read timed out.

During handling of the above exception, another exception occurred:

Traceback (most recent call last):
  File "/usr/lib/python3.8/threading.py", line 932, in _bootstrap_inner
    self.run()
  File "/usr/lib/python3.8/threading.py", line 870, in run
    self._target(*self._args, **self._kwargs)
  File "./video/func/GetPageData.py", line 87, in wrapper
    func(obj)
  File "./video/func/GetPageData.py", line 154, in add_page_to_queue
    res_dict = self.parse_url(url)
  File "./video/func/GetPageData.py", line 107, in parse_url
    return getRequest.get_json(url)
  File "./video/func/getRequest.py", line 113, in get_json
    print('爬虫网站%s 请求错误%s' % (url))
TypeError: not enough arguments for format string
保存出错：database is locked
[2021-05-09 11:35:44] [ERROR] 150保存出现错误
保存出错：database is locked
[2021-05-09 11:35:55] [ERROR] 13保存出现错误
保存出错：database is locked
[2021-05-09 11:37:33] [ERROR] 145保存出现错误
保存出错：database is locked
保存出错：database is locked
[2021-05-09 11:38:02] [ERROR] 143保存出现错误
[2021-05-09 11:38:02] [ERROR] 142保存出现错误
保存出错：database is locked
[2021-05-09 11:38:02] [ERROR] 6保存出现错误
保存出错：database is locked
[2021-05-09 11:38:02] [ERROR] 9保存出现错误
保存出错：database is locked
保存出错：database is locked
保存出错：database is locked
[2021-05-09 11:39:17] [ERROR] 4保存出现错误
[2021-05-09 11:39:17] [ERROR] 3保存出现错误
[2021-05-09 11:39:17] [ERROR] 5保存出现错误
保存出错：database is locked
[2021-05-09 11:40:44] [ERROR] 2保存出现错误
保存出错：database is locked
[2021-05-09 11:40:57] [ERROR] 136保存出现错误
保存出错：database is locked
[2021-05-09 11:41:37] [ERROR] 24保存出现错误
保存出错：database is locked
[2021-05-09 11:41:37] [ERROR] 133保存出现错误
保存出错：database is locked
[2021-05-09 11:43:02] [ERROR] 128保存出现错误
保存出错：database is locked
[2021-05-09 11:45:02] [ERROR] 130保存出现错误
保存出错：database is locked
[2021-05-09 11:45:49] [ERROR] 4保存出现错误
保存出错：database is locked
[2021-05-09 11:46:09] [ERROR] 122保存出现错误
保存出错：database is locked
[2021-05-09 11:47:12] [ERROR] 24保存出现错误
保存出错：database is locked
[2021-05-09 11:47:18] [ERROR] 4保存出现错误
保存出错：database is locked
[2021-05-09 11:47:56] [ERROR] 118保存出现错误
已更新480条数据
--------2021-05-09 11:49:22 站点2更新完成--------
[pid: 353091|app: 0|req: 24/28] 183.27.44.238 () {46 vars in 907 bytes} [Sun May  9 11:31:43 2021] GET /admin/update/?url_index=2&type=today => generated 82 bytes in 1059521 msecs (HTTP/1.1 200) 6 headers in 179 bytes (1 switches on core 0)
保存出错：database is locked
[2021-05-09 11:49:54] [ERROR] 114保存出现错误
[pid: 353091|app: 0|req: 25/29] 205.185.122.102 () {40 vars in 675 bytes} [Sun May  9 11:50:21 2021] GET /config/getuser?index=0 => generated 179 bytes in 61 msecs (HTTP/1.1 404) 5 headers in 158 bytes (1 switches on core 1)
保存出错：database is locked
[2021-05-09 11:53:40] [ERROR] 107保存出现错误
page100保存成功
保存出错：database is locked
[2021-05-09 11:58:15] [ERROR] 97保存出现错误
保存出错：database is locked
[2021-05-09 11:58:43] [ERROR] 95保存出现错误
保存出错：database is locked
[2021-05-09 12:01:57] [ERROR] 89保存出现错误
[pid: 353091|app: 0|req: 26/30] 222.77.181.28 () {34 vars in 502 bytes} [Sun May  9 12:06:12 2021] GET /TP/public/index.php => generated 179 bytes in 11 msecs (HTTP/1.1 404) 5 headers in 158 bytes (1 switches on core 0)
[pid: 353091|app: 0|req: 27/31] 222.77.181.28 () {34 vars in 488 bytes} [Sun May  9 12:06:12 2021] GET /TP/index.php => generated 179 bytes in 1 msecs (HTTP/1.1 404) 5 headers in 158 bytes (1 switches on core 1)
[pid: 353094|app: 0|req: 5/32] 222.77.181.28 () {34 vars in 524 bytes} [Sun May  9 12:06:12 2021] GET /thinkphp/html/public/index.php => generated 179 bytes in 34 msecs (HTTP/1.1 404) 5 headers in 158 bytes (1 switches on core 1)
[pid: 353091|app: 0|req: 28/33] 222.77.181.28 () {34 vars in 506 bytes} [Sun May  9 12:06:12 2021] GET /html/public/index.php => generated 179 bytes in 1 msecs (HTTP/1.1 404) 5 headers in 158 bytes (1 switches on core 1)
[pid: 353091|app: 0|req: 29/34] 222.77.181.28 () {34 vars in 496 bytes} [Sun May  9 12:06:12 2021] GET /public/index.php => generated 179 bytes in 1 msecs (HTTP/1.1 404) 5 headers in 158 bytes (1 switches on core 0)
[pid: 353091|app: 0|req: 30/35] 222.77.181.28 () {34 vars in 512 bytes} [Sun May  9 12:06:13 2021] GET /TP/html/public/index.php => generated 179 bytes in 1 msecs (HTTP/1.1 404) 5 headers in 158 bytes (1 switches on core 1)
[pid: 353093|app: 0|req: 2/36] 222.77.181.28 () {34 vars in 484 bytes} [Sun May  9 12:06:13 2021] GET /elrekt.php => generated 179 bytes in 2 msecs (HTTP/1.1 404) 5 headers in 158 bytes (1 switches on core 1)
[pid: 353091|app: 0|req: 31/37] 222.77.181.28 () {34 vars in 482 bytes} [Sun May  9 12:06:13 2021] GET /index.php => generated 179 bytes in 1 msecs (HTTP/1.1 404) 5 headers in 158 bytes (1 switches on core 1)
[pid: 353091|app: 0|req: 32/38] 222.77.181.28 () {34 vars in 466 bytes} [Sun May  9 12:06:13 2021] GET / => generated 179 bytes in 1 msecs (HTTP/1.1 404) 5 headers in 158 bytes (1 switches on core 0)
保存出错：database is locked
[2021-05-09 12:08:46] [ERROR] 78保存出现错误
[pid: 353091|app: 0|req: 33/39] 183.27.44.238 () {46 vars in 980 bytes} [Sun May  9 12:12:53 2021] GET /admin/view_log/?page=2 => generated 22333 bytes in 51 msecs (HTTP/1.1 200) 6 headers in 182 bytes (1 switches on core 1)
[pid: 353091|app: 0|req: 34/40] 183.27.44.238 () {46 vars in 949 bytes} [Sun May  9 12:14:12 2021] GET /admin/ => generated 30384 bytes in 26 msecs (HTTP/1.1 200) 7 headers in 350 bytes (1 switches on core 0)
管理员设置：0
[pid: 353091|app: 0|req: 35/41] 183.27.44.238 () {46 vars in 891 bytes} [Sun May  9 12:14:14 2021] GET /admin/set_admin_flag/?flag=0 => generated 4 bytes in 5 msecs (HTTP/1.1 200) 6 headers in 178 bytes (1 switches on core 1)
管理员设置：1
[pid: 353091|app: 0|req: 36/42] 183.27.44.238 () {46 vars in 891 bytes} [Sun May  9 12:14:15 2021] GET /admin/set_admin_flag/?flag=1 => generated 4 bytes in 1 msecs (HTTP/1.1 200) 6 headers in 178 bytes (1 switches on core 0)
--------2021-05-09 12:14:18 站点2开始更新--------
[pid: 353091|app: 0|req: 38/43] 183.27.44.238 () {46 vars in 933 bytes} [Sun May  9 12:14:22 2021] GET /video/ => generated 63744 bytes in 10781 msecs (HTTP/1.1 200) 7 headers in 350 bytes (1 switches on core 0)
获取到page: 100
[pid: 353091|app: 0|req: 39/44] 188.208.215.74 () {32 vars in 467 bytes} [Sun May  9 12:18:49 2021] GET / => generated 179 bytes in 23 msecs (HTTP/1.1 404) 5 headers in 158 bytes (1 switches on core 0)
保存出错：database is locked
[2021-05-09 12:22:39] [ERROR] 57保存出现错误
保存出错：database is locked
[2021-05-09 12:25:15] [ERROR] 53保存出现错误
保存出错：database is locked
[2021-05-09 12:26:31] [ERROR] 52保存出现错误
保存出错：database is locked
[2021-05-09 12:28:35] [ERROR] 49保存出现错误
保存出错：database is locked
[2021-05-09 12:29:18] [ERROR] 48保存出现错误
保存出错：database is locked
[2021-05-09 12:30:30] [ERROR] 129保存出现错误
保存出错：database is locked
[2021-05-09 12:31:29] [ERROR] 47保存出现错误
保存出错：database is locked
[2021-05-09 12:37:29] [ERROR] 123保存出现错误
保存出错：database is locked
[2021-05-09 12:38:39] [ERROR] 124保存出现错误
保存出错：database is locked
[2021-05-09 12:39:35] [ERROR] 36保存出现错误
保存出错：database is locked
[2021-05-09 12:39:58] [ERROR] 118保存出现错误
保存出错：database is locked
[2021-05-09 12:40:18] [ERROR] 119保存出现错误
保存出错：database is locked
[2021-05-09 12:40:59] [ERROR] 38保存出现错误
保存出错：database is locked
[2021-05-09 12:41:04] [ERROR] 33保存出现错误
保存出错：database is locked
[2021-05-09 12:42:23] [ERROR] 115保存出现错误
保存出错：database is locked
[2021-05-09 12:42:43] [ERROR] 117保存出现错误
保存出错：database is locked
[2021-05-09 12:43:37] [ERROR] 32保存出现错误
保存出错：database is locked
[2021-05-09 12:43:44] [ERROR] 35保存出现错误
保存出错：database is locked
[2021-05-09 12:44:06] [ERROR] 116保存出现错误
保存出错：database is locked
[2021-05-09 12:44:49] [ERROR] 114保存出现错误
保存出错：database is locked
[2021-05-09 12:45:29] [ERROR] 112保存出现错误
保存出错：database is locked
[2021-05-09 12:46:15] [ERROR] 25保存出现错误
保存出错：database is locked
[2021-05-09 12:47:22] [ERROR] 110保存出现错误
保存出错：database is locked
[2021-05-09 12:48:02] [ERROR] 113保存出现错误
保存出错：database is locked
[2021-05-09 12:49:10] [ERROR] 29保存出现错误
保存出错：database is locked
[2021-05-09 12:49:23] [ERROR] 26保存出现错误
保存出错：database is locked
[2021-05-09 12:49:31] [ERROR] 27保存出现错误
保存出错：database is locked
[2021-05-09 12:49:56] [ERROR] 109保存出现错误
保存出错：database is locked
[2021-05-09 12:50:30] [ERROR] 104保存出现错误
保存出错：database is locked
[2021-05-09 12:50:56] [ERROR] 108保存出现错误
保存出错：database is locked
[2021-05-09 12:51:55] [ERROR] 22保存出现错误
保存出错：database is locked
[2021-05-09 12:52:37] [ERROR] 107保存出现错误
保存出错：database is locked
[2021-05-09 12:52:57] [ERROR] 105保存出现错误
保存出错：database is locked
[2021-05-09 12:54:31] [ERROR] 21保存出现错误
保存出错：database is locked
[2021-05-09 12:54:48] [ERROR] 100保存出现错误
保存出错：database is locked
[2021-05-09 12:55:22] [ERROR] 103保存出现错误
保存出错：database is locked
[2021-05-09 12:57:07] [ERROR] 18保存出现错误
保存出错：database is locked
[2021-05-09 12:57:25] [ERROR] 101保存出现错误
保存出错：database is locked
[2021-05-09 12:57:27] [ERROR] 102保存出现错误
保存出错：database is locked
[2021-05-09 12:57:31] [ERROR] 16保存出现错误
保存出错：database is locked
[2021-05-09 12:57:47] [ERROR] 98保存出现错误
保存出错：database is locked
[2021-05-09 12:59:58] [ERROR] 15保存出现错误
保存出错：database is locked
[2021-05-09 13:00:41] [ERROR] 96保存出现错误
保存出错：database is locked
[2021-05-09 13:00:41] [ERROR] 14保存出现错误
保存出错：database is locked
保存出错：database is locked
[2021-05-09 13:00:47] [ERROR] 12保存出现错误
[2021-05-09 13:00:47] [ERROR] 9保存出现错误
保存出错：database is locked
[2021-05-09 13:00:48] [ERROR] 94保存出现错误
保存出错：database is locked
保存出错：database is locked
[2021-05-09 13:02:58] [ERROR] 92保存出现错误
[2021-05-09 13:02:58] [ERROR] 95保存出现错误
保存出错：database is locked
[2021-05-09 13:03:26] [ERROR] 7保存出现错误
保存出错：database is locked
[2021-05-09 13:03:26] [ERROR] 10保存出现错误
保存出错：database is locked
[2021-05-09 13:03:27] [ERROR] 8保存出现错误
[pid: 353091|app: 0|req: 40/45] 167.71.175.10 () {32 vars in 357 bytes} [Sun May  9 13:04:47 2021] GET / => generated 179 bytes in 4 msecs (HTTP/1.1 404) 5 headers in 158 bytes (1 switches on core 0)
保存出错：database is locked
[2021-05-09 13:05:07] [ERROR] 89保存出现错误
保存出错：database is locked
[2021-05-09 13:05:40] [ERROR] 90保存出现错误
保存出错：database is locked
[2021-05-09 13:05:47] [ERROR] 91保存出现错误
保存出错：database is locked
[2021-05-09 13:06:01] [ERROR] 6保存出现错误
保存出错：database is locked
[2021-05-09 13:06:01] [ERROR] 5保存出现错误
保存出错：database is locked
[2021-05-09 13:06:21] [ERROR] 4保存出现错误
保存出错：database is locked
[2021-05-09 13:07:29] [ERROR] 88保存出现错误
保存出错：database is locked
[2021-05-09 13:08:09] [ERROR] 85保存出现错误
保存出错：database is locked
[2021-05-09 13:08:50] [ERROR] 1保存出现错误
保存出错：database is locked
[2021-05-09 13:10:55] [ERROR] 82保存出现错误
保存出错：database is locked
[2021-05-09 13:12:16] [ERROR] 80保存出现错误
保存出错：database is locked
[2021-05-09 13:15:53] [ERROR] 76保存出现错误
保存出错：database is locked
保存出错：database is locked
[2021-05-09 13:16:14] [ERROR] 122保存出现错误
[2021-05-09 13:16:14] [ERROR] 128保存出现错误
保存出错：database is locked
[2021-05-09 13:16:38] [ERROR] 130保存出现错误
保存出错：database is locked
[2021-05-09 13:19:19] [ERROR] 107保存出现错误
保存出错：database is locked
[2021-05-09 13:23:11] [ERROR] 78保存出现错误
保存出错：database is locked
[2021-05-09 13:25:44] [ERROR] 65保存出现错误
保存出错：database is locked
[2021-05-09 13:26:04] [ERROR] 49保存出现错误
保存出错：database is locked
[2021-05-09 13:26:53] [ERROR] 63保存出现错误
保存出错：database is locked
[2021-05-09 13:27:41] [ERROR] 61保存出现错误
保存出错：database is locked
[2021-05-09 13:29:24] [ERROR] 62保存出现错误
保存出错：database is locked
[2021-05-09 13:29:44] [ERROR] 38保存出现错误
保存出错：database is locked
[2021-05-09 13:30:34] [ERROR] 64保存出现错误
保存出错：database is locked
[2021-05-09 13:31:38] [ERROR] 25保存出现错误
保存出错：database is locked
[2021-05-09 13:32:04] [ERROR] 56保存出现错误
保存出错：database is locked
[2021-05-09 13:32:50] [ERROR] 35保存出现错误
保存出错：database is locked
[2021-05-09 13:32:57] [ERROR] 57保存出现错误
保存出错：database is locked
[2021-05-09 13:34:32] [ERROR] 26保存出现错误
保存出错：database is locked
[2021-05-09 13:34:39] [ERROR] 58保存出现错误
保存出错：database is locked
[2021-05-09 13:35:32] [ERROR] 52保存出现错误
保存出错：database is locked
[2021-05-09 13:37:27] [ERROR] 21保存出现错误
保存出错：database is locked
[2021-05-09 13:37:56] [ERROR] 51保存出现错误
保存出错：database is locked
[2021-05-09 13:43:13] [ERROR] 48保存出现错误
保存出错：database is locked
[2021-05-09 13:43:58] [ERROR] 45保存出现错误
保存出错：database is locked
[2021-05-09 13:44:04] [ERROR] 47保存出现错误
保存出错：database is locked
[2021-05-09 13:45:00] [ERROR] 6保存出现错误
保存出错：database is locked
[2021-05-09 13:45:07] [ERROR] 8保存出现错误
保存出错：database is locked
[2021-05-09 13:45:55] [ERROR] 43保存出现错误
保存出错：database is locked
[2021-05-09 13:47:44] [ERROR] 5保存出现错误
保存出错：database is locked
保存出错：database is locked
[2021-05-09 13:49:08] [ERROR] 38保存出现错误
[2021-05-09 13:49:08] [ERROR] 40保存出现错误
保存出错：database is locked
[2021-05-09 13:50:03] [ERROR] 122保存出现错误
保存出错：database is locked
[2021-05-09 13:50:42] [ERROR] 128保存出现错误
保存出错：database is locked
[2021-05-09 13:51:12] [ERROR] 130保存出现错误
保存出错：database is locked
[2021-05-09 13:51:32] [ERROR] 39保存出现错误
保存出错：database is locked
[2021-05-09 13:51:59] [ERROR] 36保存出现错误
保存出错：database is locked
[2021-05-09 13:52:47] [ERROR] 107保存出现错误
保存出错：database is locked
[2021-05-09 13:53:41] [ERROR] 78保存出现错误
保存出错：database is locked
[2021-05-09 13:53:41] [ERROR] 49保存出现错误
保存出错：database is locked
[2021-05-09 13:54:01] [ERROR] 33保存出现错误
保存出错：database is locked
[2021-05-09 13:54:35] [ERROR] 34保存出现错误
保存出错：database is locked
[2021-05-09 13:55:34] [ERROR] 38保存出现错误
保存出错：database is locked
[2021-05-09 13:56:05] [ERROR] 25保存出现错误
保存出错：database is locked
[2021-05-09 13:57:25] [ERROR] 30保存出现错误
保存出错：database is locked
[2021-05-09 13:57:45] [ERROR] 35保存出现错误
保存出错：database is locked
[2021-05-09 13:58:24] [ERROR] 26保存出现错误
保存出错：database is locked
[2021-05-09 13:59:27] [ERROR] 28保存出现错误
[pid: 353091|app: 0|req: 41/46] 193.118.55.170 () {34 vars in 485 bytes} [Sun May  9 13:59:50 2021] GET / => generated 179 bytes in 8 msecs (HTTP/1.1 404) 5 headers in 158 bytes (1 switches on core 0)
保存出错：database is locked
[2021-05-09 14:00:19] [ERROR] 25保存出现错误
保存出错：database is locked
保存出错：database is locked
[2021-05-09 14:00:39] [ERROR] 26保存出现错误
[2021-05-09 14:00:39] [ERROR] 29保存出现错误
保存出错：database is locked
[2021-05-09 14:01:07] [ERROR] 122保存出现错误
保存出错：database is locked
[2021-05-09 14:01:27] [ERROR] 8保存出现错误
保存出错：database is locked
[2021-05-09 14:02:00] [ERROR] 5保存出现错误
保存出错：database is locked
[2021-05-09 14:03:13] [ERROR] 24保存出现错误
保存出错：database is locked
[2021-05-09 14:03:33] [ERROR] 21保存出现错误
保存出错：database is locked
[2021-05-09 14:03:54] [ERROR] 128保存出现错误
保存出错：database is locked
[2021-05-09 14:04:37] [ERROR] 107保存出现错误
保存出错：database is locked
[2021-05-09 14:05:10] [ERROR] 22保存出现错误
保存出错：database is locked
[2021-05-09 14:06:12] [ERROR] 20保存出现错误
保存出错：database is locked
[2021-05-09 14:06:12] [ERROR] 18保存出现错误
保存出错：database is locked
[2021-05-09 14:06:31] [ERROR] 49保存出现错误
保存出错：database is locked
[2021-05-09 14:06:45] [ERROR] 38保存出现错误
保存出错：database is locked
[2021-05-09 14:06:45] [ERROR] 78保存出现错误
保存出错：database is locked
[2021-05-09 14:08:36] [ERROR] 14保存出现错误
保存出错：database is locked
[2021-05-09 14:09:17] [ERROR] 25保存出现错误
保存出错：database is locked
[2021-05-09 14:09:31] [ERROR] 26保存出现错误
保存出错：database is locked
[2021-05-09 14:11:29] [ERROR] 15保存出现错误
保存出错：database is locked
[2021-05-09 14:11:35] [ERROR] 12保存出现错误
保存出错：database is locked
[2021-05-09 14:11:49] [ERROR] 8保存出现错误
保存出错：database is locked
[2021-05-09 14:12:34] [ERROR] 5保存出现错误
保存出错：database is locked
[2021-05-09 14:14:04] [ERROR] 17保存出现错误
保存出错：database is locked
[2021-05-09 14:14:25] [ERROR] 9保存出现错误
保存出错：database is locked
[2021-05-09 14:14:45] [ERROR] 107保存出现错误
保存出错：database is locked
[2021-05-09 14:14:51] [ERROR] 38保存出现错误
保存出错：database is locked
[2021-05-09 14:15:02] [ERROR] 7保存出现错误
保存出错：database is locked
[2021-05-09 14:15:05] [ERROR] 49保存出现错误
保存出错：database is locked
[2021-05-09 14:16:49] [ERROR] 8保存出现错误
保存出错：database is locked
[2021-05-09 14:17:37] [ERROR] 25保存出现错误
保存出错：database is locked
[2021-05-09 14:17:44] [ERROR] 8保存出现错误
保存出错：database is locked
[2021-05-09 14:17:57] [ERROR] 5保存出现错误
保存出错：database is locked
[2021-05-09 14:17:57] [ERROR] 26保存出现错误
保存出错：database is locked
[2021-05-09 14:18:17] [ERROR] 11保存出现错误
保存出错：database is locked
[2021-05-09 14:20:00] [ERROR] 4保存出现错误
保存出错：database is locked
[2021-05-09 14:20:31] [ERROR] 38保存出现错误
保存出错：database is locked
[2021-05-09 14:20:38] [ERROR] 10保存出现错误
保存出错：database is locked
[2021-05-09 14:22:48] [ERROR] 2保存出现错误
保存出错：database is locked
[2021-05-09 14:22:54] [ERROR] 3保存出现错误
保存出错：database is locked
[2021-05-09 14:23:22] [ERROR] 1保存出现错误
保存出错：database is locked
[2021-05-09 14:23:30] [ERROR] 5保存出现错误
保存出错：database is locked
[2021-05-09 14:24:41] [ERROR] 123保存出现错误
保存出错：database is locked
[2021-05-09 14:25:08] [ERROR] 129保存出现错误
保存出错：database is locked
[2021-05-09 14:26:07] [ERROR] 38保存出现错误
保存出错：database is locked
[2021-05-09 14:26:14] [ERROR] 5保存出现错误
保存出错：database is locked
[2021-05-09 14:26:59] [ERROR] 118保存出现错误
保存出错：database is locked
[2021-05-09 14:27:40] [ERROR] 119保存出现错误
page100保存成功
保存出错：database is locked
[2021-05-09 14:38:27] [ERROR] 101保存出现错误
[pid: 353091|app: 0|req: 42/47] 114.222.121.92 () {42 vars in 757 bytes} [Sun May  9 14:41:54 2021] GET /video/ => generated 63744 bytes in 11421 msecs (HTTP/1.1 200) 7 headers in 350 bytes (1 switches on core 0)
[pid: 353094|app: 0|req: 6/48] 114.222.121.92 () {42 vars in 757 bytes} [Sun May  9 14:42:00 2021] GET /video/ => generated 63744 bytes in 10968 msecs (HTTP/1.1 200) 7 headers in 350 bytes (1 switches on core 1)
[pid: 353091|app: 0|req: 43/49] 114.222.121.92 () {38 vars in 591 bytes} [Sun May  9 14:42:12 2021] GET /apple-touch-icon-precomposed.png => generated 179 bytes in 1 msecs (HTTP/1.1 404) 5 headers in 158 bytes (1 switches on core 0)
[pid: 353091|app: 0|req: 44/50] 114.222.121.92 () {38 vars in 567 bytes} [Sun May  9 14:42:13 2021] GET /apple-touch-icon.png => generated 179 bytes in 1 msecs (HTTP/1.1 404) 5 headers in 158 bytes (1 switches on core 0)
[pid: 353091|app: 0|req: 45/51] 114.222.121.92 () {42 vars in 771 bytes} [Sun May  9 14:42:28 2021] GET /video/type/1/ => generated 32899 bytes in 5335 msecs (HTTP/1.1 200) 7 headers in 350 bytes (1 switches on core 0)
[pid: 353091|app: 0|req: 46/52] 192.241.218.84 () {34 vars in 424 bytes} [Sun May  9 14:43:05 2021] GET /portal/redlion => generated 179 bytes in 8 msecs (HTTP/1.1 404) 5 headers in 158 bytes (1 switches on core 0)
保存出错：database is locked
[2021-05-09 14:51:49] [ERROR] 61保存出现错误
保存出错：database is locked
[2021-05-09 15:08:46] [ERROR] 28保存出现错误
[pid: 353091|app: 0|req: 47/53] 64.227.3.111 () {48 vars in 879 bytes} [Sun May  9 15:09:53 2021] POST /boaform/admin/formLogin => generated 179 bytes in 51 msecs (HTTP/1.1 404) 5 headers in 158 bytes (1 switches on core 0)
[pid: 353091|app: 0|req: 48/54] 193.142.146.84 () {40 vars in 631 bytes} [Sun May  9 15:18:04 2021] GET / => generated 179 bytes in 48 msecs (HTTP/1.1 404) 5 headers in 158 bytes (1 switches on core 0)
[pid: 353091|app: 0|req: 49/55] 46.77.91.103 () {32 vars in 464 bytes} [Sun May  9 15:28:52 2021] GET / => generated 179 bytes in 18 msecs (HTTP/1.1 404) 5 headers in 158 bytes (1 switches on core 0)
保存出错：database is locked
[2021-05-09 15:29:16] [ERROR] 123保存出现错误
已更新3000条数据
--------2021-05-09 15:34:37 站点2更新完成--------
[pid: 353091|app: 0|req: 49/56] 183.27.44.238 () {46 vars in 907 bytes} [Sun May  9 12:14:18 2021] GET /admin/update/?url_index=2&type=count => generated 83 bytes in 12019594 msecs (HTTP/1.1 200) 6 headers in 179 bytes (1 switches on core 1)
[pid: 353091|app: 0|req: 50/57] 118.126.124.7 () {38 vars in 590 bytes} [Sun May  9 15:47:19 2021] GET /config/getuser?index%3D0 => generated 179 bytes in 29 msecs (HTTP/1.1 404) 5 headers in 158 bytes (1 switches on core 0)
[pid: 353091|app: 0|req: 51/58] 192.241.214.87 () {34 vars in 426 bytes} [Sun May  9 17:14:54 2021] GET /actuator/health => generated 179 bytes in 41 msecs (HTTP/1.1 404) 5 headers in 158 bytes (1 switches on core 1)
[pid: 353091|app: 0|req: 52/59] 81.68.111.76 () {40 vars in 607 bytes} [Sun May  9 18:23:48 2021] GET /index.php => generated 179 bytes in 28 msecs (HTTP/1.1 404) 5 headers in 158 bytes (1 switches on core 0)
[pid: 353091|app: 0|req: 53/60] 81.68.111.76 () {38 vars in 600 bytes} [Sun May  9 18:23:48 2021] GET /phpmyadmin/index.php => generated 179 bytes in 1 msecs (HTTP/1.1 404) 5 headers in 158 bytes (1 switches on core 1)
[pid: 353091|app: 0|req: 54/61] 192.241.216.78 () {34 vars in 408 bytes} [Sun May  9 18:28:14 2021] GET /hudson => generated 179 bytes in 26 msecs (HTTP/1.1 404) 5 headers in 158 bytes (1 switches on core 1)
[pid: 353091|app: 0|req: 55/62] 91.236.177.162 () {32 vars in 358 bytes} [Sun May  9 18:36:25 2021] GET / => generated 179 bytes in 29 msecs (HTTP/1.1 404) 5 headers in 158 bytes (1 switches on core 0)
[pid: 353091|app: 0|req: 56/63] 41.60.232.68 () {32 vars in 464 bytes} [Sun May  9 18:47:09 2021] GET / => generated 179 bytes in 49 msecs (HTTP/1.1 404) 5 headers in 158 bytes (1 switches on core 1)
[pid: 353091|app: 0|req: 57/64] 3.140.216.24 () {40 vars in 607 bytes} [Sun May  9 19:54:07 2021] GET /index.php => generated 179 bytes in 35 msecs (HTTP/1.1 404) 5 headers in 158 bytes (1 switches on core 0)
[pid: 353091|app: 0|req: 58/65] 3.140.216.24 () {38 vars in 600 bytes} [Sun May  9 19:54:07 2021] GET /phpmyadmin/index.php => generated 179 bytes in 1 msecs (HTTP/1.1 404) 5 headers in 158 bytes (1 switches on core 1)
[pid: 353091|app: 0|req: 59/66] 45.76.144.219 () {36 vars in 434 bytes} [Sun May  9 20:09:53 2021] GET / => generated 179 bytes in 44 msecs (HTTP/1.1 404) 5 headers in 158 bytes (1 switches on core 1)
[pid: 353091|app: 0|req: 60/67] 114.222.121.92 () {44 vars in 861 bytes} [Sun May  9 21:24:29 2021] GET /video/type/8/?area=&year=&rating= => generated 36322 bytes in 2687 msecs (HTTP/1.1 200) 7 headers in 350 bytes (1 switches on core 0)
[pid: 353091|app: 0|req: 61/68] 64.227.3.111 () {48 vars in 879 bytes} [Sun May  9 21:25:50 2021] POST /boaform/admin/formLogin => generated 179 bytes in 27 msecs (HTTP/1.1 404) 5 headers in 158 bytes (1 switches on core 1)
[pid: 353091|app: 0|req: 62/69] 138.68.161.204 () {32 vars in 358 bytes} [Sun May  9 21:28:58 2021] GET / => generated 179 bytes in 27 msecs (HTTP/1.1 404) 5 headers in 158 bytes (1 switches on core 0)
[pid: 353091|app: 0|req: 63/70] 165.227.154.207 () {40 vars in 634 bytes} [Sun May  9 21:45:48 2021] POST /_ignition/execute-solution => generated 179 bytes in 28 msecs (HTTP/1.1 404) 5 headers in 158 bytes (1 switches on core 1)
[pid: 353091|app: 0|req: 64/71] 165.227.154.207 () {40 vars in 714 bytes} [Sun May  9 21:45:50 2021] POST /vendor/phpunit/phpunit/src/Util/PHP/eval-stdin.php => generated 179 bytes in 1 msecs (HTTP/1.1 404) 5 headers in 158 bytes (1 switches on core 0)
[pid: 353094|app: 0|req: 7/72] 165.227.154.207 () {38 vars in 534 bytes} [Sun May  9 21:45:51 2021] GET /login => generated 179 bytes in 1 msecs (HTTP/1.1 404) 5 headers in 158 bytes (1 switches on core 1)
[pid: 353092|app: 0|req: 1/73] 165.227.154.207 () {38 vars in 550 bytes} [Sun May  9 21:45:54 2021] GET /jenkins/login => generated 179 bytes in 626 msecs (HTTP/1.1 404) 5 headers in 158 bytes (1 switches on core 1)
[pid: 353091|app: 0|req: 65/74] 165.227.154.207 () {40 vars in 600 bytes} [Sun May  9 21:45:56 2021] GET /manager/html => generated 179 bytes in 2 msecs (HTTP/1.1 404) 5 headers in 158 bytes (1 switches on core 0)
[pid: 353093|app: 0|req: 3/75] 165.227.154.207 () {38 vars in 548 bytes} [Sun May  9 21:45:56 2021] GET /wp-login.php => generated 179 bytes in 1 msecs (HTTP/1.1 404) 5 headers in 158 bytes (1 switches on core 0)
[pid: 353094|app: 0|req: 8/76] 165.227.154.207 () {38 vars in 729 bytes} [Sun May  9 21:45:58 2021] GET /?s=/Index/\think\app/invokefunction&function=call_user_func_array&vars[0]=md5&vars[1][]=__HelloThinkPHP => generated 179 bytes in 3 msecs (HTTP/1.1 404) 5 headers in 158 bytes (1 switches on core 1)
[pid: 353092|app: 0|req: 2/77] 165.227.154.207 () {40 vars in 789 bytes} [Sun May  9 21:46:02 2021] GET / => generated 179 bytes in 48 msecs (HTTP/1.1 404) 5 headers in 158 bytes (1 switches on core 0)
[pid: 353091|app: 0|req: 66/78] 203.159.80.75 () {40 vars in 569 bytes} [Sun May  9 22:46:06 2021] GET / => generated 179 bytes in 157 msecs (HTTP/1.1 404) 5 headers in 158 bytes (1 switches on core 1)
invalid request block size: 6062 (max 4096)...skip
[pid: 353091|app: 0|req: 67/79] 118.126.124.172 () {38 vars in 606 bytes} [Sun May  9 23:32:54 2021] GET /php-my-admin/index.php?lang%3Den => generated 179 bytes in 10804 msecs (HTTP/1.1 404) 5 headers in 158 bytes (1 switches on core 1)
[1620576115] logsize: 51151, triggering log-reopen...
